a279d06968b9547cd2999122d31813 10 30 100   	0.00240833 0.00640009 0.00188014   	0.00272197 0.0102573 0.0026347   	0.00299013 0.00674035 8.48451e-05
8087c9f9072dd5404b5b85fe11370c 10 30 100   	0.001952 0.00633849 0.00202125   	0.0028686 0.0101139 0.00265824   	0.00304113 0.0074457 9.57324e-05
c7fa1850ae1132852e48672d75dadb 10 30 100   	0.00221427 0.00675925 0.00199794   	0.003271 0.00996526 0.0026232   	0.00302783 0.0073082 7.13803e-05
ee2136f72041f0fd023762a0c394ff 10 30 100   	0.00199343 0.00693021 0.0019888   	0.00310083 0.0104458 0.00289624   	0.00294413 0.00720035 7.11127e-05
f2523194ca7438ef91d8d492cf8b1b 10 30 100   	0.00242513 0.0069151 0.00219255   	0.00349207 0.0105797 0.00313635   	0.00354537 0.00640258 7.13803e-05
8d72944486fe1ba9309903820d4637 10 30 100   	0.0022029 0.00683622 0.00215024   	0.00301943 0.0111672 0.00286401   	0.00321693 0.00671173 7.02113e-05
84a60d9080d43ef9f88e42711b4eb0 12 36 100   	0.00229636 0.00681087 0.00189503   	0.00327517 0.0134417 0.00429985   	0.00308147 0.0096396 0.000115875
98e5bff051186c9a9d0b9a2d62473d 12 36 100   	0.00199339 0.00649511 0.00203665   	0.00315064 0.0141571 0.00400332   	0.00352167 0.0107287 0.000156319
fdce53b5e274245bc843e7294f608e 12 36 100   	0.00180703 0.00694531 0.00231692   	0.00312689 0.0138352 0.00482669   	0.00370906 0.0102326 0.000155111
4f824801f2a83a85ec45f9adc68837 12 36 100   	0.00237578 0.00743078 0.00219281   	0.00370572 0.0145798 0.00425903   	0.00311664 0.00981259 0.000115708
aaf7c8ecf4842a758dce0815ab5498 12 36 100   	0.00238375 0.0070666 0.00223794   	0.00370672 0.0144992 0.00472912   	0.00360286 0.0103599 0.000115708
0574d1310fbbd5e94435dc7fccbbe7 12 36 100   	0.00196083 0.0068176 0.00236525   	0.00347064 0.0147226 0.00483299   	0.00370811 0.0105059 0.000113444
12114e94e06c6cac09b9d860192c7e 15 45 100   	0.0022684 0.00736964 0.0023099   	0.00369816 0.0157587 0.0049147   	0.0036974 0.0120585 0.00014862
efb9e8b14a97a95f6a04567a20f9e6 15 45 100   	0.00179049 0.00782553 0.00230973   	0.00351624 0.0169831 0.00570827   	0.00383113 0.0120817 0.000152437
39414a2911970cb264beb461e648c2 15 45 100   	0.00272591 0.00814535 0.00255559   	0.00418322 0.0167253 0.00542606   	0.00420236 0.011835 0.00013407
5d06ff88706d36a6f41b0146d0fd30 15 45 100   	0.00271849 0.00818234 0.0025598   	0.00402402 0.0168985 0.00530932   	0.00330576 0.0126847 0.000125
d5bbe8f94f7d8c2d90d6b154797aa1 15 45 100   	0.00272591 0.00791907 0.00227383   	0.00401456 0.0167177 0.00542537   	0.00410896 0.0130026 0.000125225
e250a4aa5a158422f738320b02af21 15 45 100   	0.00272304 0.00772151 0.00274482   	0.00383742 0.0174032 0.00516334   	0.00437002 0.0127829 0.000122014
e0cb70d8a0a0756b69dc01fc911745 18 54 100   	0.00304981 0.0127595 0.0038664   	0.00547013 0.031591 0.00838145   	0.00547537 0.0257129 0.000184761
a380aefca6be2816b47d383e7cc2ba 18 54 100   	0.0033688 0.0125249 0.0044541   	0.00500859 0.0345331 0.00860936   	0.0053633 0.0271359 0.000155313
4ca04c5a8551a25f30251c87006404 18 54 100   	0.00360991 0.0144201 0.00440881   	0.00624441 0.0343861 0.00876882   	0.00537904 0.0258488 0.000155746
f252b29dd55b57e443e17a74a3f087 18 54 100   	0.00328376 0.0138187 0.00391424   	0.0057165 0.0333705 0.00933825   	0.00592526 0.0276515 0.000158358
4f4fc6625b2746019a5cc5fb91e5c2 18 54 100   	0.00295781 0.0137934 0.00410601   	0.00618593 0.0343919 0.00926525   	0.00604524 0.0265984 0.000155552
db69601bff01e37d6de5a83a6c692e 18 54 100   	0.00331865 0.0145139 0.00438696   	0.00532502 0.0337723 0.00929752   	0.00598093 0.0274017 0.000151672
582e9be122d54de8e6699c89531817 22 66 100   	0.00427348 0.0144501 0.00422765   	0.00636671 0.0289145 0.00888993   	0.00645633 0.0232178 0.00022542
40ccaa7dd391824b619e14bb709bf0 22 66 100   	0.00362445 0.0140005 0.00410596   	0.00690174 0.0308921 0.00914081   	0.00750415 0.0243527 0.000225304
81dc87cbd1e0718136d48ec79af1da 22 66 100   	0.00381038 0.0149982 0.00454341   	0.00708773 0.0309814 0.00988301   	0.00676685 0.0238838 0.000186304
6c2aafa551b9743667888bbdf007dd 22 66 100   	0.00348718 0.0152886 0.00463813   	0.00729744 0.0307304 0.00926525   	0.00680555 0.0243844 0.000169319
3786f987e76c278bbbb12ada2fb267 22 66 100   	0.00405055 0.0153028 0.00454333   	0.00648761 0.0318774 0.00991436   	0.00726983 0.0228379 0.000168812
31e505e9d157fa53b054d467067785 22 66 100   	0.00408438 0.0157381 0.00495777   	0.00697105 0.0309479 0.00936149   	0.00747071 0.0238226 0.00016571
59e121edabd8f7d132072ef366ff89 27 81 100   	0.004766 0.0141493 0.00536435   	0.00701 0.0298089 0.0101408   	0.00697732 0.02162 0.000225406
bd44593f91fcdfd93b139781a886a7 27 81 100   	0.00440835 0.0149649 0.00515323   	0.00708259 0.0305451 0.0095547   	0.0074023 0.0222295 0.000232058
e83a36b2558b8c97652d2cff2d91b2 27 81 100   	0.00432399 0.0148784 0.00503884   	0.00746264 0.0298202 0.0100532   	0.0071128 0.0227241 0.000174435
b5b2fc6d7b65487e8831d7ca84f6e6 27 81 100   	0.00474548 0.0153057 0.00490477   	0.00726899 0.0296903 0.00980735   	0.00704742 0.0228055 0.00017371
0025e6dcbe8cbbde7daba03f3d4339 27 81 100   	0.00431258 0.0151782 0.00563696   	0.00727014 0.03105 0.00915887   	0.00746667 0.0225533 0.000173449
56fd1a36041bbd7ee2c6a6b9e3b307 27 81 100   	0.0048703 0.01616 0.00568306   	0.00783053 0.032789 0.0105928   	0.00783399 0.0219166 0.000170768
d23bde76667dc457ee5baca71f1cc4 33 99 100   	0.00578548 0.019577 0.00657761   	0.0111251 0.0449521 0.0144196   	0.0112523 0.0329527 0.000260155
4b210f3fee897749e9b8c4f7224e60 33 99 100   	0.00589454 0.0199762 0.00731696   	0.0112144 0.0453566 0.0142835   	0.0111154 0.0336249 0.000210662
98bbec3e5e40dd0b08e73e6c9148ef 33 99 100   	0.00638103 0.0208124 0.00698811   	0.0110141 0.0458148 0.0135906   	0.0105567 0.0336338 0.000236
026b8d1a367107da288d902de891b9 33 99 100   	0.00621018 0.0192573 0.00749963   	0.0104714 0.0466556 0.0146516   	0.0111969 0.0339599 0.000195845
90e8672da95be6d5617a567dd3206e 33 99 100   	0.00607934 0.020627 0.00744635   	0.0108106 0.0458925 0.0155713   	0.0119347 0.0351421 0.000226845
2c8ba04ffa49e254296b3f04d19cda 33 99 100   	0.00660437 0.0217608 0.00782701   	0.0119687 0.0494214 0.0147922   	0.0115115 0.0313464 0.000191606
6feb6d63af92d58449dc36613f8199 41 123 100   	0.00746615 0.0269356 0.00834079   	0.0126779 0.0640702 0.01688   	0.0127652 0.051118 0.000309634
c43549c9e4680eb9918627ffb0aa60 41 123 100   	0.00731954 0.0281759 0.00809473   	0.0122117 0.0642155 0.0178501   	0.012434 0.0510682 0.000299211
11cc3306e6547f9cb21e0bc9af7916 41 123 100   	0.00687774 0.0290197 0.00825508   	0.0124861 0.0634845 0.0172153   	0.0123693 0.0520828 0.000233183
f980b5e6dd70a61ed5d181263db6f3 41 123 100   	0.00758839 0.0286036 0.00875875   	0.0122929 0.0654382 0.0175053   	0.0125054 0.0506435 0.000233718
6ea3a63e33b3587dd46af64a37b87b 41 123 100   	0.00785498 0.0307601 0.00917723   	0.01241 0.0650812 0.0166616   	0.0119588 0.0505633 0.000232958
336f0607fd640a0724aa2c7cdeb4c4 41 123 100   	0.00699932 0.0292629 0.00857621   	0.0130918 0.0699868 0.0189992   	0.0134307 0.0510456 0.000228296
c40f502ab80923e2716acb64434106 51 153 100   	0.00792008 0.0263071 0.00888044   	0.0130164 0.0595292 0.0173651   	0.0129293 0.0445122 0.000236043
865052b1fc2994dfdafcd23ae26c01 51 153 100   	0.00749059 0.0261687 0.00769377   	0.0132749 0.0606491 0.0183472   	0.0136549 0.04494 0.000313786
d57fa61eae99099a0d0b6fcbc62523 51 153 100   	0.00785021 0.0270158 0.00818376   	0.0134935 0.0605931 0.0183464   	0.0135565 0.0445567 0.000300286
751d7273308d52e8d3c579de6840d2 51 153 100   	0.00839923 0.0266106 0.00819814   	0.0133314 0.0591144 0.0185087   	0.0137575 0.0454817 0.000236429
8b5637ce3de927591e92df9ecd33c4 51 153 100   	0.00771471 0.0283314 0.0085513   	0.0142454 0.0611864 0.0183324   	0.0135908 0.0439429 0.000236129
0b30a017c6d0a46e969550be35baba 51 153 100   	0.00758431 0.0255547 0.00888226   	0.0135313 0.0621914 0.0172013   	0.0139762 0.0475587 0.000232171
07758653c9752f330402a99eef7d95 63 189 100   	0.00852554 0.0237095 0.00955226   	0.0153731 0.072759 0.0188535   	0.015777 0.0545381 0.000255053
94dd7f732a6a0e420ce5985f5de5d0 63 189 100   	0.00903297 0.0257065 0.00957103   	0.0156263 0.0712347 0.0187754   	0.0157979 0.0549699 0.000320974
d3574adf24939bf6d010c9f303388d 63 189 100   	0.0084969 0.0238759 0.00950945   	0.0153718 0.0743511 0.0202315   	0.017053 0.0570108 0.000288526
08bb56e955623020f1a83a40a1f0ad 63 189 100   	0.00888315 0.0257107 0.00947136   	0.0157659 0.0748594 0.0200653   	0.0169344 0.0551448 0.000253724
0a178050644ab982507faeda7350a1 63 189 100   	0.00887846 0.0254907 0.00930745   	0.0159166 0.074804 0.0202395   	0.0170655 0.0553459 0.000254197
05411bb9a2ba8da701face1ba54371 63 189 100   	0.0087883 0.0255051 0.00975424   	0.0156627 0.0779457 0.0200658   	0.0169053 0.0542273 0.000247895
5098d4938d57d318c956a8e94d1a63 78 234 100   	0.0112397 0.0312386 0.0117263   	0.0214105 0.0902381 0.0271088   	0.0211273 0.0635022 0.00036409
13309316017b3ce28d42db8edad042 78 234 100   	0.0114354 0.0323514 0.0133384   	0.0220964 0.0874768 0.0253336   	0.0212076 0.0640688 0.000363756
685766d2c3670577bb6f994338e7c4 78 234 100   	0.0112669 0.0305792 0.0121877   	0.0208795 0.087057 0.0251942   	0.0228508 0.0684575 0.000364949
0325f109c5081ffc9eac9f20c81a56 78 234 100   	0.0110938 0.0313821 0.0119952   	0.0211589 0.085274 0.0253765   	0.0230213 0.0688621 0.000348885
eb7e660dec731fa5d48f0b4eff30ee 78 234 100   	0.011518 0.0310419 0.0129867   	0.0212012 0.0872981 0.0261143   	0.0230416 0.0678799 0.000286154
54a34c2d70e1fb9146f8f6dcd812bd 78 234 100   	0.0115148 0.0313406 0.0123364   	0.0212864 0.0882709 0.0272228   	0.0228446 0.0666913 0.000286256
6e38bbd292d4f50f2f31c3ee0008c4 97 291 100   	0.012326 0.0331665 0.0143   	0.0214553 0.0807991 0.0252606   	0.0216725 0.0552621 0.000347835
734172df7dfb1cd97fb46db609793e 97 291 100   	0.0130715 0.0331703 0.0143448   	0.0218 0.0813188 0.0255598   	0.0218046 0.055744 0.000348861
1c6f1130e760b02b83994c8a375be5 97 291 100   	0.0132063 0.0356738 0.0154453   	0.0231253 0.0864559 0.0269736   	0.0231512 0.0538373 0.000269316
185e0f49570269d5db40f7efab0a82 97 291 100   	0.0124463 0.0359754 0.0155737   	0.0233213 0.087191 0.0272055   	0.0233446 0.0545276 0.00027043
ad148bdd2cc78d29ae2813cf7d9aee 97 291 100   	0.0133122 0.0356808 0.0154426   	0.0231249 0.0864519 0.0269742   	0.0231455 0.0541747 0.000264051
5a44b0ce66f0565a84620c758ca5f3 97 291 100   	0.0133283 0.0359882 0.015581   	0.0233288 0.0872188 0.0272126   	0.023356 0.0540276 0.000263532
9850676fbe469596725b6bee0f0fa1 121 363 100   	0.0126574 0.0279938 0.0137122   	0.0228602 0.0813204 0.0289079   	0.0224293 0.0573726 0.000336974
31f8a58629d8817b171f91d7494acb 121 363 100   	0.0124962 0.0276585 0.0144875   	0.0222746 0.0839096 0.0288788   	0.0224743 0.058376 0.000374377
4ecd35d175267d2a68ae7a8d24b986 121 363 100   	0.0122 0.0275171 0.0144262   	0.0228988 0.0836628 0.0301692   	0.0222527 0.0585758 0.000337026
30a301e85eef57e086f772dab4fc62 121 363 100   	0.0119878 0.0276856 0.0138779   	0.0223901 0.0843053 0.0282539   	0.0229469 0.0601088 0.000337909
7f8785addfe2e6064fe01d34c5e61e 121 363 100   	0.0125473 0.0276887 0.0150895   	0.022394 0.0842739 0.0291934   	0.0226371 0.0578679 0.000333688
5bb9842e29ec29b7e6554a7e26041a 121 363 100   	0.0129022 0.0290094 0.0143765   	0.0221081 0.0838168 0.0285371   	0.0222959 0.0592171 0.000329948
79e06e6c4225c4b230613d04b9f2ff 151 453 100   	0.0162542 0.0365716 0.0175522   	0.0289897 0.105062 0.0373031   	0.0289344 0.0749243 0.000391716
323a1c16344da342f270bd8a8c5199 151 453 100   	0.0160449 0.0389084 0.0173112   	0.0289657 0.104766 0.0371646   	0.0287483 0.0751347 0.000366216
7cc9d871fa7087b8e1f2aed9b455de 151 453 100   	0.0158232 0.0406126 0.0187453   	0.0285777 0.106054 0.0350786   	0.0287473 0.0755188 0.000457662
1e5c84631be3c27ca8fd2e3f5de91e 151 453 100   	0.016746 0.0381194 0.0175386   	0.0287724 0.105978 0.0359892   	0.0289786 0.0740995 0.000345122
185a09daa48269386e0c4c6b8375cf 151 453 100   	0.0160558 0.0367796 0.0174293   	0.0292007 0.106781 0.0381069   	0.029004 0.0756501 0.000337865
a5ed74e17bd16541cb8b7e7e1b68a3 151 453 100   	0.0161843 0.0383504 0.017597   	0.0291472 0.107282 0.038626   	0.0290571 0.0737166 0.000335446
048206575a62ce5ffe7b4c0f5b0600 188 564 100   	0.0165598 0.0573445 0.0198994   	0.0300286 0.15804 0.033554   	0.0305602 0.130102 0.000310696
1731ce13986542569a2356e1cd8700 188 564 100   	0.0168421 0.0585729 0.0180827   	0.0301218 0.160522 0.032791   	0.0303281 0.130283 0.000404333
f88d3c0b484eaf34b58c8884c7bb10 188 564 100   	0.0168601 0.057535 0.0188821   	0.0300345 0.163434 0.0342443   	0.0300507 0.129509 0.000311725
144e71e587461f28bdbd9d2375a3a4 188 564 100   	0.0170899 0.0563431 0.0198936   	0.030603 0.160892 0.0338981   	0.0305848 0.127224 0.000333159
dd5d35f780e37e24912495e05d36d2 188 564 100   	0.0169015 0.0570036 0.0194946   	0.0306267 0.158857 0.034172   	0.0302369 0.131869 0.000305014
3edcf4929a4ad49434ec346457e232 188 564 100   	0.0170363 0.0583937 0.0183787   	0.0309468 0.159762 0.0327592   	0.0305 0.12858 0.000302739
b54bff70d92f16f48a91051ad54909 235 705 100   	0.0178255 0.0513921 0.0212136   	0.0333079 0.149198 0.0426239   	0.0334947 0.11465 0.00044203
ea8e5930ff783fc6c312960efddd2c 235 705 100   	0.0180498 0.0506512 0.0207375   	0.0336297 0.14697 0.0412732   	0.0333658 0.117715 0.000407537
b848aafc3494068888776613071522 235 705 100   	0.0180036 0.0503069 0.0227877   	0.0336622 0.150765 0.0420925   	0.0335168 0.114571 0.000395134
26f6b2c9d4155619ee4aff3e1ea44c 235 705 100   	0.0180982 0.0505254 0.0219794   	0.0335605 0.151711 0.0409972   	0.0335622 0.114763 0.000396358
d85fddddded324b421a6b9a7b107b6 235 705 100   	0.0181309 0.0505512 0.0204893   	0.033765 0.150399 0.0406412   	0.0341537 0.113485 0.000385896
a8eb99dfca5797fa9ee057b28fed73 235 705 100   	0.0181111 0.0517263 0.0221415   	0.0338055 0.151592 0.0417763   	0.0337802 0.114546 0.000383687
5e755ae8e95cdc0a5a23d90d2b76a4 293 879 100   	0.0226327 0.0694498 0.0282632   	0.0432672 0.250897 0.0621973   	0.0454949 0.202549 0.000574606
7fa082cd80db179115f2d38d9355da 293 879 100   	0.0232837 0.0679093 0.0277107   	0.0440632 0.25044 0.0621601   	0.0466124 0.217276 0.000557
8c7b4a3a9ff4857a4848d2901475e3 293 879 100   	0.0230082 0.071181 0.0277675   	0.0443342 0.27222 0.0675648   	0.0478569 0.203299 0.00058297
dd93e0255527a453fe00f929b3c327 293 879 100   	0.0229488 0.0696378 0.0280017   	0.0438064 0.269583 0.0669006   	0.0489493 0.21163 0.000581818
288830d611f801324d541a9e51e20f 293 879 100   	0.0230269 0.0711687 0.0301976   	0.0441015 0.269691 0.0668788   	0.0489663 0.212204 0.000580773
b03ab23077a518cc8e0bf595e4e275 293 879 100   	0.0227068 0.0706654 0.0285165   	0.0441742 0.272194 0.0674939   	0.0494163 0.214755 0.000585061
909bd41646194fef2dbe4cd0f8396a 366 1098 100   	0.0266522 0.0804697 0.0318341   	0.0492527 0.281679 0.070274   	0.049234 0.230018 0.000646029
09a27e8f9f707584db49763b481743 366 1098 100   	0.0266947 0.0804697 0.0318814   	0.0491891 0.281064 0.070215   	0.0493328 0.227832 0.000627014
6e3cdf38d3e6771710147b2f9b1dda 366 1098 100   	0.0284841 0.0859643 0.0340011   	0.0526541 0.30085 0.0749531   	0.0520184 0.218383 0.000639377
6605eee7684f7758cacbbaf7be7b06 366 1098 100   	0.0284941 0.0859606 0.0340038   	0.0526518 0.300872 0.0749377   	0.0522839 0.217174 0.000488087
062437764738dfe2eed7bc8d34bdb9 366 1098 100   	0.0287412 0.0867453 0.0343008   	0.0531352 0.303649 0.0756387   	0.052428 0.212839 0.000491768
43b8f7913aa37bb6e067c0dfaa6fcb 366 1098 100   	0.0287355 0.0867695 0.0342954   	0.0531467 0.303665 0.0756623   	0.0525035 0.225049 0.000492826
73c857f45f070321325c7ffc3fd50f 457 1371 100   	0.0282587 0.0745144 0.0336888   	0.0546056 0.250721 0.0732143   	0.0537049 0.188739 0.000674573
364d21b42d0e490892ac41691159b9 457 1371 100   	0.0282614 0.0752058 0.0335562   	0.0526922 0.247007 0.0788347   	0.0560027 0.191256 0.000677293
33789ebf9fd52497e91f85475951a5 457 1371 100   	0.0290571 0.0772346 0.0344095   	0.0536535 0.245653 0.0781364   	0.0554085 0.180461 0.000664867
8832acf538295888a7c7ab2b4ca153 457 1371 100   	0.0282682 0.0751886 0.0334309   	0.054889 0.256843 0.0781681   	0.0545482 0.181939 0.00067052
f7c37002ebaf65fdabc1f14b8f686e 457 1371 100   	0.0284067 0.0747395 0.0324726   	0.0546336 0.253243 0.0729499   	0.0556427 0.188735 0.000515947
4eaf93a262ca78909e4d756304ac4a 457 1371 100   	0.0282002 0.0769382 0.0346821   	0.0550993 0.259687 0.0788907   	0.0547757 0.18379 0.000515333
132989a69b90c153d840e1640d32b0 571 1713 100   	0.0352102 0.125613 0.0441788   	0.0679616 0.455795 0.0873589   	0.0656734 0.391535 0.000635607
40a4f0dd12243e7e5fc7dd8b87218e 571 1713 100   	0.0357889 0.124184 0.0444534   	0.0657236 0.467411 0.093644   	0.0669805 0.392553 0.00062082
d1333d64c67429568c24b504ae7387 571 1713 100   	0.0354995 0.119723 0.0433372   	0.066776 0.474385 0.0937575   	0.0668308 0.388924 0.000666918
c2ab40b05bbeb7f17335160a2b8b8a 571 1713 100   	0.0364388 0.122243 0.0420088   	0.0662638 0.47442 0.094663   	0.0667481 0.388889 0.000661246
5e1b3c476b3a559024251a0b4ec226 571 1713 100   	0.0365335 0.122987 0.0444641   	0.0671665 0.466141 0.0945672   	0.0669149 0.385663 0.000514689
f206d2ce415a22feb3e8d40f44f896 571 1713 100   	0.0363545 0.121652 0.0435701   	0.0671858 0.458786 0.087601   	0.0671733 0.396535 0.000516492
c09aa02d8864cd291be5a7a9875ffe 713 2139 100   	0.0382259 0.107989 0.0447974   	0.0687804 0.270436 0.0821009   	0.068334 0.215778 0.000656618
03dfcb68461b9216823126fbb68120 713 2139 100   	0.0383361 0.107931 0.0483611   	0.0699836 0.277641 0.0848933   	0.067062 0.216243 0.000575412
bd26407a7dd53d192237d4e46236a4 713 2139 100   	0.0377115 0.111107 0.0483322   	0.0704514 0.27852 0.0845018   	0.0679995 0.20404 0.000648706
46a2dfda388c9390901f1a7a2aa1e3 713 2139 100   	0.0374984 0.111784 0.0479175   	0.069714 0.265233 0.082402   	0.0690948 0.217788 0.000653691
32a16bebfd630a1f68dce11e46a889 713 2139 100   	0.0386136 0.107761 0.0445764   	0.0697232 0.279369 0.0861485   	0.0685257 0.21263 0.000650426
7ab5c0e0f5eeeffabd02d82b04f4bd 713 2139 100   	0.0390389 0.112857 0.0476538   	0.0711091 0.27804 0.079233   	0.0684146 0.194453 0.000502912
f2c04e87d405b3c93f56c44e5c746d 891 2673 100   	0.0413683 0.120857 0.0480691   	0.0725647 0.411415 0.0954225   	0.0730602 0.346099 0.000710848
1ca29395996b663eeda7c321961d10 891 2673 100   	0.0414306 0.120378 0.046134   	0.0728214 0.415131 0.0961828   	0.0737771 0.35912 0.000684061
fa5a1c53ea6e67a98c093f372bd80c 891 2673 100   	0.0404167 0.124863 0.0489386   	0.0737534 0.436324 0.103819   	0.0732687 0.345712 0.000736667
3a45b6730b913df08a63c14b5924db 891 2673 100   	0.0413478 0.11936 0.0491369   	0.0728812 0.435803 0.103696   	0.0731921 0.356838 0.000731833
8a5618885ef64ee93fbd3b06979d3f 891 2673 100   	0.0402436 0.121896 0.047075   	0.073805 0.43302 0.102751   	0.0751272 0.348755 0.000741227
bc722cd273da8ddb9bb6cc2e91ee08 891 2673 100   	0.041391 0.121864 0.0469757   	0.0731436 0.431706 0.102748   	0.0752602 0.344313 0.000574621
b809a6a6c1bb81966dbdec25914e10 1113 3339 100   	0.0473277 0.124785 0.0555785   	0.0872087 0.339022 0.113578   	0.0873237 0.252651 0.000690014
8c202d3853c126d27e6ef5e4dba716 1113 3339 100   	0.0477239 0.12626 0.0547348   	0.0882473 0.352169 0.118976   	0.0889086 0.24276 0.00075927
acd185e1d5cf695d871f66d539a145 1113 3339 100   	0.0478589 0.128979 0.0561709   	0.0902057 0.342541 0.116101   	0.0873871 0.250024 0.000641541
a61928d47a77fc45eaf0f497a74ca6 1113 3339 100   	0.0479414 0.125015 0.0538781   	0.0885119 0.340678 0.117472   	0.0900768 0.233344 0.000591446
6484eaf7ae455d51a5e28f3a08401d 1113 3339 100   	0.0476399 0.125105 0.0543733   	0.0898377 0.337322 0.114175   	0.089405 0.234468 0.000593297
d31191106f462633e4da75acd2cd0e 1113 3339 100   	0.0478705 0.125778 0.0556812   	0.089507 0.34486 0.115835   	0.0890009 0.244499 0.000766514
be21934d3ec6598a24fce8335e19e5 1391 4173 100   	0.0514139 0.135553 0.0633585   	0.0941854 0.450778 0.119587   	0.0955609 0.388355 0.000739603
10ba92e5b6357eaf9bb33abce14365 1391 4173 100   	0.0520719 0.134457 0.0620683   	0.0957517 0.451652 0.125614   	0.094038 0.361397 0.000806397
c35f6970dce8ddf86fc80f9f24cc95 1391 4173 100   	0.052026 0.140884 0.0641165   	0.0961786 0.462316 0.12573   	0.0949187 0.35758 0.000813559
67a6094be122c3019b56e8197d4121 1391 4173 100   	0.0519683 0.136096 0.0615934   	0.0952725 0.450639 0.130413   	0.0959877 0.382566 0.000814838
17fedeb9223ebb15b6b1159b4b8dda 1391 4173 100   	0.0510424 0.137092 0.0611427   	0.0962984 0.443945 0.131731   	0.09682 0.369098 0.000631059
d2da35a6ac6398b758c93a27d85afd 1391 4173 100   	0.0514517 0.136831 0.0618349   	0.0967704 0.453837 0.135466   	0.0959267 0.367747 0.000821765
e4c934118eb751f24c147feb100f01 1738 5214 100   	0.0547328 0.130477 0.0597132   	0.0946953 0.400858 0.129141   	0.0958452 0.306566 0.000844641
b513e3b7dd55773376ca25e05f5b2d 1738 5214 100   	0.054442 0.129119 0.0590232   	0.0944919 0.410495 0.124769   	0.0970314 0.292703 0.000813872
d178fb4fb022a111d5337b2764bb19 1738 5214 100   	0.0541615 0.128681 0.0599964   	0.0956729 0.413321 0.124499   	0.0964155 0.287203 0.000838936
e5e7d1dc6a528407dbc9854163b841 1738 5214 100   	0.0545853 0.132414 0.0623023   	0.0963209 0.406331 0.127473   	0.0957626 0.299165 0.00082841
0fc02f9e9712a06632fb87a0a085fe 1738 5214 100   	0.0551744 0.130036 0.0598001   	0.0961929 0.39234 0.12381   	0.0967809 0.280607 0.000642962
d47c847d487eaed00e960d6822cc94 1738 5214 100   	0.0546584 0.134735 0.0621188   	0.0964338 0.410242 0.127491   	0.0970124 0.278459 0.000751705
a92a2b58beb8d5ac3684abdbd21d1f 2172 6516 100   	0.0632887 0.184672 0.0799993   	0.114812 0.634411 0.155846   	0.113328 0.481109 0.000886257
771999fe072817f056667e3d7028e5 2172 6516 100   	0.0629124 0.184668 0.0800311   	0.113132 0.621476 0.166428   	0.115933 0.472235 0.000764129
eab97a74b7e6d30d73a2b7675602b0 2172 6516 100   	0.0628847 0.197205 0.0854056   	0.113847 0.600046 0.155908   	0.116149 0.465396 0.000860886
b3972517548397ce48f0b27251cb5b 2172 6516 100   	0.0629275 0.199046 0.0861778   	0.11434 0.597315 0.156338   	0.115473 0.473654 0.000887671
e82657ffa9b1d5b073bc3d63303d70 2172 6516 100   	0.062663 0.197191 0.085414   	0.115367 0.63074 0.156775   	0.115956 0.444265 0.000829014
b7f80b1ff57b7985d76e87c30b7361 2172 6516 100   	0.0634173 0.199181 0.0861963   	0.115453 0.638289 0.152528   	0.116269 0.429093 0.000683243
a11a1309d7d7bdb59d9d9705d9a1d2 2715 8145 100   	0.0696115 0.200938 0.07855   	0.12532 0.730618 0.165082   	0.125163 0.654136 0.000924969
9e060e4050e569eb4cf2b51b983f03 2715 8145 100   	0.069467 0.202023 0.0783091   	0.125466 0.737791 0.164573   	0.126018 0.659643 0.000936187
4cb6b01ccb80a0985dd3c3da88dcde 2715 8145 100   	0.0693593 0.202676 0.0769913   	0.126389 0.736295 0.164679   	0.125386 0.65103 0.000919187
3a5f5f8194ed178c84e411e573696e 2715 8145 100   	0.0699547 0.195473 0.0848884   	0.125838 0.729054 0.163197   	0.12592 0.640504 0.000708406
f2c3bc64bef0772d206872e49a7e12 2715 8145 100   	0.0697547 0.203831 0.0799057   	0.126699 0.751425 0.168078   	0.125619 0.610794 0.000712203
cc349cbc2ef5f7ab9b231ee3533966 2715 8145 100   	0.0699259 0.194039 0.0839848   	0.126459 0.734732 0.175612   	0.126701 0.582847 0.00071075
e124bf3f6b6523517d34dc0d97f4cc 3393 10179 100   	0.0706991 0.180514 0.0839782   	0.130735 0.511563 0.15314   	0.128022 0.411165 0.000890662
2b20695713f5d13135e9b39f430b5e 3393 10179 100   	0.0709237 0.18143 0.0849958   	0.130988 0.534927 0.160136   	0.128903 0.399526 0.000877811
02d80d9b559fd8656c9b2558d970c5 3393 10179 100   	0.0704916 0.180979 0.0806821   	0.131168 0.516641 0.153287   	0.129597 0.399634 0.000886108
9aa6dcd62fbe84c1feb337db2a33be 3393 10179 100   	0.0709281 0.177879 0.0841555   	0.13303 0.517997 0.154789   	0.127403 0.393847 0.000683946
79bbc45dc877057bb4b23ee4c2116c 3393 10179 100   	0.0706424 0.172887 0.0789186   	0.132084 0.519321 0.156273   	0.129246 0.379261 0.000683824
30fc98bbc018c0de911a68d71f1cb4 3393 10179 100   	0.0706355 0.17142 0.0845001   	0.132042 0.519185 0.154231   	0.129182 0.388182 0.000688162
f355b7d5cfc37a070f76bb4bb9bfc0 4241 12723 100   	0.0820335 0.260886 0.103643   	0.146391 0.900466 0.206859   	0.147335 0.700321 0.000966388
162ebcc363ad20f83df3a1033be735 4241 12723 100   	0.0817059 0.258454 0.10289   	0.147739 0.898311 0.204685   	0.147886 0.67566 0.000877433
9aec50c85f27fedc7f2d414cd709f4 4241 12723 100   	0.0826004 0.242427 0.0964339   	0.145992 0.883203 0.196029   	0.14896 0.669307 0.00094991
10bb5de9fbcb2d723b98968b0aed04 4241 12723 100   	0.0816664 0.241603 0.0959545   	0.148526 0.903776 0.190697   	0.147075 0.695584 0.000736672
17021c63837ea7dc7eff52304f8221 4241 12723 100   	0.0819694 0.253334 0.103865   	0.148641 0.847888 0.191662   	0.14735 0.678638 0.000738687
596a1055becd2e1cbed213a78a7f19 4241 12723 100   	0.083289 0.258191 0.102723   	0.148114 0.876931 0.190733   	0.148277 0.610432 0.000740299
7059b218b6b1e9673569b5250694d2 5301 15903 100   	0.0907544 0.174426 0.0997384   	0.158221 0.563974 0.200179   	0.159907 0.387106 0.000964039
73d1e16a596aa59a1b16b902bba042 5301 15903 100   	0.0911457 0.177739 0.0965783   	0.159061 0.551841 0.205134   	0.15918 0.394836 0.000978156
adb4f9797c78ccf8b8f6a034ad72b8 5301 15903 100   	0.0900884 0.172002 0.0948772   	0.159816 0.556984 0.202314   	0.159853 0.387204 0.000990013
c982914691cf158f683b793acf7f89 5301 15903 100   	0.0907417 0.170489 0.0989148   	0.159381 0.555776 0.198191   	0.160282 0.378994 0.000975247
98c9c8a1f81ba15b8e7c0878f314b9 5301 15903 100   	0.0911241 0.176782 0.104227   	0.159364 0.556616 0.200572   	0.160564 0.336926 0.000761714
913b37add9e7b47b9a43c91077782a 5301 15903 100   	0.0899524 0.177548 0.092755   	0.160102 0.56182 0.199478   	0.161373 0.32484 0.000759273
3873b7f0a3a18b8225a48b8e8a51f2 6626 19878 100   	0.0914926 0.246788 0.098467   	0.170216 0.917997 0.218865   	0.169398 0.738782 0.00103575
e8ad51829d60479b0130f548b9519f 6626 19878 100   	0.0916891 0.247498 0.0968586   	0.170179 0.926977 0.224405   	0.169616 0.734725 0.00103706
18e6bb6f1aec6d157bf4bc178abd96 6626 19878 100   	0.0917893 0.251881 0.101217   	0.171092 0.909235 0.220417   	0.169571 0.730036 0.00101225
7a14155a9838f20244f9a13481d448 6626 19878 100   	0.0917819 0.247815 0.0972105   	0.171419 0.904209 0.20729   	0.16947 0.725131 0.000804882
d006dc61efb9a9d7b5b129ed99a8b7 6626 19878 100   	0.0917378 0.247149 0.098602   	0.17132 0.89947 0.220012   	0.169892 0.695125 0.000804132
9840983060aab4ee675fdeba895dc1 6626 19878 100   	0.0922204 0.247791 0.108965   	0.171427 0.916541 0.222491   	0.169559 0.67834 0.000804779
60f38dda5a63fb0e78851d7ff4c385 8282 24846 100   	0.100779 0.322106 0.116519   	0.180203 1.0397 0.284635   	0.168212 0.730877 0.000912056
3d77bdfcfdf4217c3cef7395899a7e 8282 24846 100   	0.101039 0.299621 0.117381   	0.180643 1.05282 0.27534   	0.167955 0.71778 0.000826859
c3fd7046f12b4d384c39403a2e09ac 8282 24846 100   	0.101063 0.318875 0.114967   	0.180531 1.04824 0.262958   	0.168046 0.718249 0.000824592
a5da5993cf2ee65dacf57f0eaf7fe5 8282 24846 100   	0.10084 0.300387 0.118592   	0.180818 1.04015 0.266162   	0.16822 0.70821 0.000824
ba7593703598cf6fe30786cec5be04 8282 24846 100   	0.100658 0.321957 0.119485   	0.181084 1.069 0.266422   	0.168149 0.694824 0.000811521
95671fa0992b143889f4d47c48907c 8282 24846 100   	0.100842 0.318904 0.116795   	0.180721 1.06728 0.275002   	0.168435 0.687748 0.000800972
79442ef473953ec89d90375c1372dc 10352 31056 100   	0.101378 0.244038 0.106095   	0.187041 0.801326 0.246693   	0.187428 0.606084 0.00110623
f6d04b366cf5a9868689325a26ae27 10352 31056 100   	0.101551 0.246022 0.108431   	0.187041 0.795971 0.248633   	0.187464 0.597036 0.000897239
4af0ee74224a8ff6968328db17f84e 10352 31056 100   	0.101473 0.247655 0.108263   	0.187107 0.798309 0.24776   	0.187469 0.595915 0.000872169
41696ee8914cd81f5179749106d0e7 10352 31056 100   	0.101555 0.244162 0.109908   	0.18714 0.802775 0.244413   	0.187382 0.593066 0.000841507
2547d3e537aada17285ad00836077e 10352 31056 100   	0.101524 0.245715 0.107614   	0.187053 0.797914 0.250519   	0.187561 0.591227 0.000826352
c692e8b3927109a7780cace6bf94ea 10352 31056 100   	0.101705 0.244289 0.109553   	0.187216 0.803698 0.244953   	0.18726 0.582933 0.000817479
e48d57fa334b8c84e154b6a06c68ed 12940 38820 100   	0.107489 0.237914 0.111847   	0.19634 0.737833 0.250809   	0.196527 0.525097 0.00114583
4d01efe9dfa45a09916abe0bbeb317 12940 38820 100   	0.107416 0.239009 0.11282   	0.196469 0.734105 0.248933   	0.196652 0.521373 0.000927972
a8b8078c79029b37c46c2e3debcc3a 12940 38820 100   	0.107406 0.239104 0.110669   	0.196406 0.725848 0.251531   	0.196779 0.517286 0.000868861
c8afdfab56ae48778607e01d14b74c 12940 38820 100   	0.107394 0.239193 0.111038   	0.196365 0.729113 0.25294   	0.196923 0.505874 0.000886708
7074de12629da16d1e57d570898896 12940 38820 100   	0.107359 0.240685 0.11153   	0.196693 0.731696 0.253015   	0.196666 0.503625 0.000850194
55162205fd6d1e8f4e325cd1734918 12940 38820 100   	0.107253 0.240433 0.113401   	0.196723 0.735787 0.257164   	0.196906 0.484085 0.000839264
09960f01932a5970ad0eba38fac0ca 16175 48525 100   	0.109199 0.227947 0.117502   	0.199462 0.797917 0.257126   	0.199325 0.504209 0.000983479
33e11b697bfbd28727b319b75facca 16175 48525 100   	0.109234 0.230509 0.113986   	0.199332 0.795914 0.258242   	0.199437 0.504857 0.000987151
9d9b9b79e500b46bbf5cade9a72ecc 16175 48525 100   	0.109268 0.228836 0.112058   	0.199314 0.796495 0.256742   	0.199468 0.493222 0.00094463
849a0e376aa2d1dd5b6b2f6b73c579 16175 48525 100   	0.109169 0.22825 0.1136   	0.199392 0.793045 0.259608   	0.199531 0.493881 0.000930671
d71a4955a6123ced47ebc190836181 16175 48525 100   	0.109253 0.227601 0.116001   	0.19935 0.799184 0.263067   	0.199496 0.481217 0.00094237
9a2e62bf09643b8bba2572c3f89ed1 16175 48525 100   	0.109181 0.229199 0.113642   	0.199439 0.792575 0.258927   	0.199514 0.477951 0.000925247
dc672a58c74389247495c29fa5bf04 20218 60654 100   	0.128378 0.287917 0.135903   	0.235383 0.966934 0.322605   	0.235752 0.697397 0.00117431
500b5ad81f43525ce31bb0daf12048 20218 60654 100   	0.128344 0.284689 0.133971   	0.235496 0.968206 0.316797   	0.235754 0.691268 0.00109977
f4dde88930e46ee9bc8e8ffdd1ffab 20218 60654 100   	0.12839 0.286402 0.13212   	0.235497 0.964361 0.321846   	0.235769 0.681966 0.000968115
894320eae44472d2346674c221db52 20218 60654 100   	0.12845 0.286343 0.135172   	0.235476 0.973367 0.317352   	0.235738 0.68284 0.000966026
20e648422cc041dc56bfd82bea60b8 20218 60654 100   	0.128439 0.289654 0.131608   	0.235558 0.965866 0.32038   	0.235706 0.673232 0.000945179
d471d55813c65379790bd005ad080c 20218 60654 100   	0.128514 0.288236 0.135704   	0.235523 0.964564 0.317971   	0.235782 0.656803 0.000935205
