f2523194ca7438ef91d8d492cf8b1b 100 10000 3.42e-05 7.3549e-05 3.826e-05 0.000150656
4f824801f2a83a85ec45f9adc68837 100 10000 2.63e-05 7.3664e-05 3.838e-05 0.000150747
ee2136f72041f0fd023762a0c394ff 100 10000 4.793e-05 7.36492e-05 3.835e-05 0.000150809
8087c9f9072dd5404b5b85fe11370c 100 10000 2.664e-05 7.3712e-05 3.838e-05 0.000151287
98e5bff051186c9a9d0b9a2d62473d 100 10000 2.664e-05 7.38479e-05 3.824e-05 0.000150743
fdce53b5e274245bc843e7294f608e 100 10000 3.421e-05 7.37302e-05 3.821e-05 0.000150864
84a60d9080d43ef9f88e42711b4eb0 100 10000 2.674e-05 7.43553e-05 3.828e-05 0.000150569
8d72944486fe1ba9309903820d4637 100 10000 3.395e-05 7.48589e-05 3.796e-05 0.000150527
a279d06968b9547cd2999122d31813 100 10000 3.918e-05 7.47935e-05 3.835e-05 0.000150536
c7fa1850ae1132852e48672d75dadb 100 10000 3.753e-05 7.37572e-05 3.833e-05 0.000150939
5d06ff88706d36a6f41b0146d0fd30 125 10000 2.6752e-05 8.04632e-05 3.8696e-05 0.000166174
aaf7c8ecf4842a758dce0815ab5498 125 10000 3.416e-05 8.08921e-05 3.8656e-05 0.000166183
39414a2911970cb264beb461e648c2 125 10000 3.4184e-05 8.07469e-05 3.8584e-05 0.000166356
0574d1310fbbd5e94435dc7fccbbe7 125 10000 2.6664e-05 8.09361e-05 3.8632e-05 0.000166497
12114e94e06c6cac09b9d860192c7e 125 10000 3.6032e-05 8.06162e-05 3.8584e-05 0.00016635
d5bbe8f94f7d8c2d90d6b154797aa1 125 10000 3.4104e-05 8.06244e-05 3.8448e-05 0.000166533
db69601bff01e37d6de5a83a6c692e 125 10000 3.424e-05 8.07082e-05 3.844e-05 0.000166405
4ca04c5a8551a25f30251c87006404 125 10000 2.1024e-05 8.06729e-05 3.864e-05 0.000166499
efb9e8b14a97a95f6a04567a20f9e6 125 10000 6.0112e-05 8.10772e-05 3.8584e-05 0.000165922
e250a4aa5a158422f738320b02af21 125 10000 4.32e-05 8.08102e-05 3.8464e-05 0.000166238
81dc87cbd1e0718136d48ec79af1da 156 10000 2.12436e-05 8.27243e-05 4.07821e-05 0.000172502
40ccaa7dd391824b619e14bb709bf0 156 10000 2.70321e-05 8.27012e-05 4.02885e-05 0.000172694
6c2aafa551b9743667888bbdf007dd 156 10000 2.66026e-05 8.26274e-05 4.05192e-05 0.000172589
4f4fc6625b2746019a5cc5fb91e5c2 156 10000 3.06667e-05 8.22955e-05 4.00833e-05 0.00017307
582e9be122d54de8e6699c89531817 156 10000 2.69167e-05 8.26312e-05 4.05962e-05 0.000172754
e0cb70d8a0a0756b69dc01fc911745 156 10000 3.4641e-05 8.28211e-05 4.04872e-05 0.000172855
f252b29dd55b57e443e17a74a3f087 156 10000 2.43269e-05 8.26358e-05 4.04038e-05 0.000173227
3786f987e76c278bbbb12ada2fb267 156 10000 2.83462e-05 8.30036e-05 4.03526e-05 0.000172534
31e505e9d157fa53b054d467067785 156 10000 4.37628e-05 8.26058e-05 4.04295e-05 0.000172674
a380aefca6be2816b47d383e7cc2ba 156 10000 3.44679e-05 8.28963e-05 4.05833e-05 0.000172704
56fd1a36041bbd7ee2c6a6b9e3b307 195 10000 2.64821e-05 8.62212e-05 4.03231e-05 0.000178917
59e121edabd8f7d132072ef366ff89 195 10000 3.29641e-05 8.60901e-05 4.02359e-05 0.000178794
2c8ba04ffa49e254296b3f04d19cda 195 10000 2.66769e-05 8.61505e-05 3.98718e-05 0.00017899
026b8d1a367107da288d902de891b9 195 10000 2.09949e-05 8.60386e-05 4.00769e-05 0.000179222
e83a36b2558b8c97652d2cff2d91b2 195 10000 3.40205e-05 8.60837e-05 3.9841e-05 0.00017948
98bbec3e5e40dd0b08e73e6c9148ef 195 10000 3.42667e-05 8.61944e-05 4.03282e-05 0.000179211
0025e6dcbe8cbbde7daba03f3d4339 195 10000 3.79282e-05 8.62485e-05 3.99897e-05 0.000179311
b5b2fc6d7b65487e8831d7ca84f6e6 195 10000 2.61641e-05 8.60908e-05 4.04154e-05 0.000179757
d23bde76667dc457ee5baca71f1cc4 195 10000 2.66769e-05 8.64206e-05 4.02821e-05 0.000179323
bd44593f91fcdfd93b139781a886a7 195 10000 2.88821e-05 8.64936e-05 3.99949e-05 0.000179391
8b5637ce3de927591e92df9ecd33c4 243 10000 2.66296e-05 9.40635e-05 3.9823e-05 0.000196183
11cc3306e6547f9cb21e0bc9af7916 243 10000 2.64444e-05 9.40671e-05 4.00494e-05 0.000196454
90e8672da95be6d5617a567dd3206e 243 10000 2.6679e-05 9.42068e-05 3.98272e-05 0.000196727
6feb6d63af92d58449dc36613f8199 243 10000 2.64938e-05 9.41159e-05 3.98683e-05 0.000196392
336f0607fd640a0724aa2c7cdeb4c4 243 10000 2.08765e-05 9.381e-05 3.9679e-05 0.000196742
4b210f3fee897749e9b8c4f7224e60 243 10000 2.68189e-05 9.4067e-05 3.99753e-05 0.000196719
c43549c9e4680eb9918627ffb0aa60 243 10000 2.35185e-05 9.4102e-05 3.97654e-05 0.000196601
6ea3a63e33b3587dd46af64a37b87b 243 10000 3.28889e-05 9.40854e-05 3.9679e-05 0.000196476
f980b5e6dd70a61ed5d181263db6f3 243 10000 2.65185e-05 9.46232e-05 3.99877e-05 0.000196519
d57fa61eae99099a0d0b6fcbc62523 243 10000 3.41193e-05 9.42772e-05 3.97366e-05 0.000197054
c40f502ab80923e2716acb64434106 303 10000 2.6198e-05 9.86095e-05 4.07888e-05 0.000206068
865052b1fc2994dfdafcd23ae26c01 303 10000 2.54026e-05 9.87363e-05 4.08944e-05 0.000205926
751d7273308d52e8d3c579de6840d2 303 10000 2.68944e-05 9.88583e-05 4.067e-05 0.00020592
07758653c9752f330402a99eef7d95 303 10000 2.68119e-05 9.87602e-05 4.0604e-05 0.000206141
d3574adf24939bf6d010c9f303388d 303 10000 2.68977e-05 9.88201e-05 4.10792e-05 0.00020623
08bb56e955623020f1a83a40a1f0ad 303 10000 2.9429e-05 9.89138e-05 4.11584e-05 0.000206167
0b30a017c6d0a46e969550be35baba 303 10000 2.58977e-05 9.88889e-05 4.09472e-05 0.000206488
05411bb9a2ba8da701face1ba54371 303 10000 2.28449e-05 9.8911e-05 4.05776e-05 0.000206417
94dd7f732a6a0e420ce5985f5de5d0 303 10000 2.10693e-05 9.9066e-05 4.0769e-05 0.000206576
0a178050644ab982507faeda7350a1 303 10000 2.8066e-05 9.95537e-05 4.06106e-05 0.000206343
185e0f49570269d5db40f7efab0a82 378 10000 2.64286e-05 0.000105833 4.05582e-05 0.000213268
eb7e660dec731fa5d48f0b4eff30ee 378 10000 2.66455e-05 0.000106186 4.06323e-05 0.000213385
54a34c2d70e1fb9146f8f6dcd812bd 378 10000 2.38624e-05 0.000106209 4.10397e-05 0.000213545
5098d4938d57d318c956a8e94d1a63 378 10000 2.96587e-05 0.000106133 4.05503e-05 0.000213783
6e38bbd292d4f50f2f31c3ee0008c4 378 10000 2.0963e-05 0.000106229 4.07328e-05 0.000213883
0325f109c5081ffc9eac9f20c81a56 378 10000 2.44603e-05 0.00010611 4.08995e-05 0.000213954
13309316017b3ce28d42db8edad042 378 10000 2.10661e-05 0.000106416 4.05317e-05 0.000214072
ad148bdd2cc78d29ae2813cf7d9aee 378 10000 2.71746e-05 0.000106398 4.08413e-05 0.000214126
1c6f1130e760b02b83994c8a375be5 378 10000 2.75423e-05 0.000106679 4.0664e-05 0.000214074
685766d2c3670577bb6f994338e7c4 378 10000 2.95397e-05 0.000106324 4.08492e-05 0.000214131
734172df7dfb1cd97fb46db609793e 472 10000 2.19343e-05 0.000112252 4.03644e-05 0.000228262
5a44b0ce66f0565a84620c758ca5f3 472 10000 2.32119e-05 0.000112267 4.01886e-05 0.000228717
31f8a58629d8817b171f91d7494acb 472 10000 2.52881e-05 0.000112251 4.02797e-05 0.000228335
30a301e85eef57e086f772dab4fc62 472 10000 2.08411e-05 0.00011205 4.03729e-05 0.000228461
9850676fbe469596725b6bee0f0fa1 472 10000 2.62564e-05 0.000112138 4.01314e-05 0.000228503
5bb9842e29ec29b7e6554a7e26041a 472 10000 2.08136e-05 0.000112226 4.01038e-05 0.000228641
185a09daa48269386e0c4c6b8375cf 472 10000 2.08898e-05 0.000112433 4.06017e-05 0.000228727
7f8785addfe2e6064fe01d34c5e61e 472 10000 2.49174e-05 0.00011247 4.05551e-05 0.000228601
4ecd35d175267d2a68ae7a8d24b986 472 10000 2.08644e-05 0.000112354 4.05424e-05 0.000228995
1e5c84631be3c27ca8fd2e3f5de91e 472 10000 2.74216e-05 0.000112229 4.00297e-05 0.000228838
79e06e6c4225c4b230613d04b9f2ff 590 10000 2.09644e-05 0.000117549 4.12695e-05 0.000234523
7cc9d871fa7087b8e1f2aed9b455de 590 10000 2.11458e-05 0.000117712 4.15831e-05 0.000234429
a5ed74e17bd16541cb8b7e7e1b68a3 590 10000 2.4461e-05 0.000117497 4.14627e-05 0.000234423
dd5d35f780e37e24912495e05d36d2 590 10000 2.11034e-05 0.000117912 4.16017e-05 0.000234441
1731ce13986542569a2356e1cd8700 590 10000 2.5322e-05 0.000117651 4.17831e-05 0.000235201
f88d3c0b484eaf34b58c8884c7bb10 590 10000 2.10169e-05 0.000117767 4.15186e-05 0.000235168
3edcf4929a4ad49434ec346457e232 590 10000 2.54322e-05 0.000117632 4.15864e-05 0.000235427
323a1c16344da342f270bd8a8c5199 590 10000 2.15e-05 0.000117968 4.18797e-05 0.000236343
048206575a62ce5ffe7b4c0f5b0600 590 10000 2.27661e-05 0.000117643 4.15305e-05 0.000234826
144e71e587461f28bdbd9d2375a3a4 590 10000 2.42085e-05 0.000117664 4.16695e-05 0.000234922
5e755ae8e95cdc0a5a23d90d2b76a4 737 10000 2.30638e-05 0.000122336 4.13365e-05 0.000248858
b54bff70d92f16f48a91051ad54909 737 10000 2.45834e-05 0.000122424 4.12659e-05 0.000248988
d85fddddded324b421a6b9a7b107b6 737 10000 2.25875e-05 0.000122409 4.11913e-05 0.000248872
ea8e5930ff783fc6c312960efddd2c 737 10000 2.09593e-05 0.000122285 4.17069e-05 0.000249645
dd93e0255527a453fe00f929b3c327 737 10000 2.42564e-05 0.000122284 4.15142e-05 0.000249476
b03ab23077a518cc8e0bf595e4e275 737 10000 2.29267e-05 0.000122566 4.15875e-05 0.000249303
8c7b4a3a9ff4857a4848d2901475e3 737 10000 2.31832e-05 0.000122377 4.16581e-05 0.000250094
a8eb99dfca5797fa9ee057b28fed73 737 10000 2.30312e-05 0.000122613 4.15889e-05 0.000249567
b848aafc3494068888776613071522 737 10000 2.82782e-05 0.00012217 4.15414e-05 0.000249343
26f6b2c9d4155619ee4aff3e1ea44c 737 10000 2.53284e-05 0.000122483 4.11737e-05 0.000248989
062437764738dfe2eed7bc8d34bdb9 921 10000 2.32389e-05 0.000127162 4.1367e-05 0.00025784
909bd41646194fef2dbe4cd0f8396a 921 10000 2.32454e-05 0.000127276 4.12736e-05 0.00025792
73c857f45f070321325c7ffc3fd50f 921 10000 2.16124e-05 0.000126938 4.14571e-05 0.000258639
364d21b42d0e490892ac41691159b9 921 10000 2.13474e-05 0.000126983 4.13963e-05 0.000258674
6e3cdf38d3e6771710147b2f9b1dda 921 10000 2.36971e-05 0.000127441 4.14853e-05 0.000258628
09a27e8f9f707584db49763b481743 921 10000 2.34962e-05 0.000127361 4.14919e-05 0.000258451
6605eee7684f7758cacbbaf7be7b06 921 10000 2.36156e-05 0.000127221 4.17785e-05 0.000258576
7fa082cd80db179115f2d38d9355da 921 10000 2.41249e-05 0.000127046 4.15863e-05 0.000258678
288830d611f801324d541a9e51e20f 921 10000 2.0798e-05 0.000127473 4.12345e-05 0.000258533
43b8f7913aa37bb6e067c0dfaa6fcb 921 10000 2.14376e-05 0.000127441 4.14321e-05 0.000258584
f7c37002ebaf65fdabc1f14b8f686e 1151 10000 2.29739e-05 0.000141906 4.16977e-05 0.000275044
40a4f0dd12243e7e5fc7dd8b87218e 1151 10000 2.27941e-05 0.000142136 4.1689e-05 0.00027542
8832acf538295888a7c7ab2b4ca153 1151 10000 2.30504e-05 0.000142194 4.14805e-05 0.000274642
4eaf93a262ca78909e4d756304ac4a 1151 10000 2.42919e-05 0.000142259 4.18332e-05 0.000274686
f206d2ce415a22feb3e8d40f44f896 1151 10000 2.2748e-05 0.000141821 4.20261e-05 0.000276523
132989a69b90c153d840e1640d32b0 1151 10000 2.28149e-05 0.000142279 4.18914e-05 0.00027624
33789ebf9fd52497e91f85475951a5 1151 10000 2.14883e-05 0.000142229 4.21825e-05 0.000275827
d1333d64c67429568c24b504ae7387 1151 10000 2.36056e-05 0.000142405 4.24231e-05 0.000277121
5e1b3c476b3a559024251a0b4ec226 1151 10000 2.25169e-05 0.000142562 4.24353e-05 0.000276644
c2ab40b05bbeb7f17335160a2b8b8a 1151 10000 2.42363e-05 0.000142642 4.21069e-05 0.000277108
f2c04e87d405b3c93f56c44e5c746d 1438 10000 2.22719e-05 0.00015068 4.23783e-05 0.000299956
7ab5c0e0f5eeeffabd02d82b04f4bd 1438 10000 2.30556e-05 0.000150479 4.26321e-05 0.000300459
46a2dfda388c9390901f1a7a2aa1e3 1438 10000 2.16328e-05 0.00015115 4.23637e-05 0.000300136
8a5618885ef64ee93fbd3b06979d3f 1438 10000 2.1201e-05 0.000151364 4.22476e-05 0.000300062
32a16bebfd630a1f68dce11e46a889 1438 10000 2.26613e-05 0.000151006 4.26933e-05 0.000301068
c09aa02d8864cd291be5a7a9875ffe 1438 10000 2.26815e-05 0.000150791 4.28095e-05 0.000301259
03dfcb68461b9216823126fbb68120 1438 10000 2.24305e-05 0.000151236 4.26446e-05 0.000301258
3a45b6730b913df08a63c14b5924db 1438 10000 2.22344e-05 0.000151151 4.27448e-05 0.00030137
bd26407a7dd53d192237d4e46236a4 1438 10000 2.23421e-05 0.000150804 4.29096e-05 0.000301373
1ca29395996b663eeda7c321961d10 1438 10000 2.31328e-05 0.000150959 4.28915e-05 0.000301297
c35f6970dce8ddf86fc80f9f24cc95 1797 10000 2.23395e-05 0.00016992 4.22816e-05 0.000327922
bc722cd273da8ddb9bb6cc2e91ee08 1797 10000 2.19627e-05 0.000169811 4.2379e-05 0.000328528
67a6094be122c3019b56e8197d4121 1797 10000 2.23495e-05 0.000170397 4.25576e-05 0.000328059
6484eaf7ae455d51a5e28f3a08401d 1797 10000 2.09405e-05 0.000169917 4.2749e-05 0.000328812
fa5a1c53ea6e67a98c093f372bd80c 1797 10000 2.17474e-05 0.000170622 4.3133e-05 0.000329163
b809a6a6c1bb81966dbdec25914e10 1797 10000 2.25604e-05 0.000170229 4.31091e-05 0.000329816
acd185e1d5cf695d871f66d539a145 1797 10000 2.22693e-05 0.000169715 4.31831e-05 0.000330991
8c202d3853c126d27e6ef5e4dba716 1797 10000 2.40562e-05 0.000170221 4.30885e-05 0.000329705
a61928d47a77fc45eaf0f497a74ca6 1797 10000 2.2182e-05 0.000170697 4.31987e-05 0.000330546
d31191106f462633e4da75acd2cd0e 1797 10000 2.24763e-05 0.000170324 4.3133e-05 0.000329875
be21934d3ec6598a24fce8335e19e5 2246 10000 2.30191e-05 0.000178143 4.32974e-05 0.000345231
10ba92e5b6357eaf9bb33abce14365 2246 10000 2.23348e-05 0.000179502 4.34248e-05 0.000344969
d2da35a6ac6398b758c93a27d85afd 2246 10000 2.23406e-05 0.000178742 4.35036e-05 0.000345865
e4c934118eb751f24c147feb100f01 2246 10000 2.21429e-05 0.000179463 4.34007e-05 0.000345006
b513e3b7dd55773376ca25e05f5b2d 2246 10000 2.22195e-05 0.00017855 4.38713e-05 0.000346335
d47c847d487eaed00e960d6822cc94 2246 10000 2.21015e-05 0.000178161 4.39399e-05 0.000346794
17fedeb9223ebb15b6b1159b4b8dda 2246 10000 2.21723e-05 0.00017906 4.38749e-05 0.000346972
0fc02f9e9712a06632fb87a0a085fe 2246 10000 2.25472e-05 0.000178382 4.40111e-05 0.000346929
e5e7d1dc6a528407dbc9854163b841 2246 10000 2.1329e-05 0.000178974 4.42142e-05 0.000347334
d178fb4fb022a111d5337b2764bb19 2246 10000 2.26643e-05 0.00017947 4.41313e-05 0.000347223
3a5f5f8194ed178c84e411e573696e 2807 10000 2.14681e-05 0.000198393 4.34589e-05 0.000382818
eab97a74b7e6d30d73a2b7675602b0 2807 10000 2.19779e-05 0.000198734 4.34097e-05 0.000383289
cc349cbc2ef5f7ab9b231ee3533966 2807 10000 2.25283e-05 0.000199096 4.36623e-05 0.000383631
b3972517548397ce48f0b27251cb5b 2807 10000 2.1399e-05 0.000200056 4.38703e-05 0.000383095
9e060e4050e569eb4cf2b51b983f03 2807 10000 2.12195e-05 0.000199945 4.42675e-05 0.000384615
771999fe072817f056667e3d7028e5 2807 10000 2.23527e-05 0.000199056 4.43074e-05 0.000385493
b7f80b1ff57b7985d76e87c30b7361 2807 10000 2.19822e-05 0.000200059 4.44015e-05 0.00038498
a92a2b58beb8d5ac3684abdbd21d1f 2807 10000 2.20253e-05 0.000199565 4.43253e-05 0.000385792
e82657ffa9b1d5b073bc3d63303d70 2807 10000 2.16338e-05 0.000199324 4.43933e-05 0.000386157
a11a1309d7d7bdb59d9d9705d9a1d2 2807 10000 2.18475e-05 0.000200056 4.44649e-05 0.00038592
2b20695713f5d13135e9b39f430b5e 3508 10000 2.19088e-05 0.000213633 4.36656e-05 0.000406549
17021c63837ea7dc7eff52304f8221 3508 10000 2.11343e-05 0.000213708 4.38931e-05 0.000407099
02d80d9b559fd8656c9b2558d970c5 3508 10000 2.10955e-05 0.000212826 4.37825e-05 0.00040657
79bbc45dc877057bb4b23ee4c2116c 3508 10000 2.19612e-05 0.000213773 4.39373e-05 0.000406747
f2c3bc64bef0772d206872e49a7e12 3508 10000 2.17993e-05 0.000214176 4.46648e-05 0.000409156
e124bf3f6b6523517d34dc0d97f4cc 3508 10000 2.17625e-05 0.000214137 4.47189e-05 0.000408906
4cb6b01ccb80a0985dd3c3da88dcde 3508 10000 2.17973e-05 0.000214734 4.48726e-05 0.000409178
9aa6dcd62fbe84c1feb337db2a33be 3508 10000 2.1823e-05 0.000214316 4.48851e-05 0.00040948
30fc98bbc018c0de911a68d71f1cb4 3508 10000 2.18144e-05 0.000214428 4.4768e-05 0.000409789
f355b7d5cfc37a070f76bb4bb9bfc0 3508 10000 2.18823e-05 0.000214405 4.47377e-05 0.000409305
596a1055becd2e1cbed213a78a7f19 4385 10000 2.17471e-05 0.000241084 4.41697e-05 0.000445187
adb4f9797c78ccf8b8f6a034ad72b8 4385 10000 2.14233e-05 0.00024151 4.43101e-05 0.000445369
913b37add9e7b47b9a43c91077782a 4385 10000 2.21063e-05 0.00024152 4.46109e-05 0.000445127
98c9c8a1f81ba15b8e7c0878f314b9 4385 10000 2.41647e-05 0.000243502 4.42942e-05 0.000443699
73d1e16a596aa59a1b16b902bba042 4385 10000 2.15143e-05 0.000242312 4.54367e-05 0.000447168
c982914691cf158f683b793acf7f89 4385 10000 2.14946e-05 0.000242269 4.55049e-05 0.000447825
162ebcc363ad20f83df3a1033be735 4385 10000 2.19204e-05 0.000242538 4.53471e-05 0.000447953
10bb5de9fbcb2d723b98968b0aed04 4385 10000 2.19373e-05 0.000242932 4.55498e-05 0.000447536
7059b218b6b1e9673569b5250694d2 4385 10000 2.21446e-05 0.000242582 4.5512e-05 0.000447999
9aec50c85f27fedc7f2d414cd709f4 4385 10000 2.15158e-05 0.000242917 4.56629e-05 0.000448414
d006dc61efb9a9d7b5b129ed99a8b7 5481 10000 2.17088e-05 0.000265919 4.50524e-05 0.000479375
7a14155a9838f20244f9a13481d448 5481 10000 2.13125e-05 0.000265754 4.54111e-05 0.000480093
3d77bdfcfdf4217c3cef7395899a7e 5481 10000 2.18699e-05 0.000265954 4.51133e-05 0.00048037
95671fa0992b143889f4d47c48907c 5481 10000 2.1736e-05 0.000266272 4.50204e-05 0.000480813
18e6bb6f1aec6d157bf4bc178abd96 5481 10000 2.16939e-05 0.000266807 4.58185e-05 0.000482823
3873b7f0a3a18b8225a48b8e8a51f2 5481 10000 2.17812e-05 0.000266744 4.5723e-05 0.00048262
c3fd7046f12b4d384c39403a2e09ac 5481 10000 2.1676e-05 0.000267025 4.6031e-05 0.000483106
9840983060aab4ee675fdeba895dc1 5481 10000 2.20848e-05 0.000267036 4.563e-05 0.000483038
a5da5993cf2ee65dacf57f0eaf7fe5 5481 10000 2.18962e-05 0.000267664 4.61142e-05 0.000483398
e8ad51829d60479b0130f548b9519f 5481 10000 2.1659e-05 0.000267549 4.61248e-05 0.000483786
ba7593703598cf6fe30786cec5be04 6851 10000 2.16383e-05 0.000285407 4.54288e-05 0.000503705
79442ef473953ec89d90375c1372dc 6851 10000 2.12208e-05 0.000285959 4.53772e-05 0.000503988
41696ee8914cd81f5179749106d0e7 6851 10000 2.1497e-05 0.000285696 4.57158e-05 0.000504299
c692e8b3927109a7780cace6bf94ea 6851 10000 2.12283e-05 0.000286326 4.56634e-05 0.000504825
f6d04b366cf5a9868689325a26ae27 6851 10000 2.17505e-05 0.000286536 4.61133e-05 0.000505914
55162205fd6d1e8f4e325cd1734918 6851 10000 2.16484e-05 0.000286604 4.60019e-05 0.000505915
2547d3e537aada17285ad00836077e 6851 10000 2.1616e-05 0.000286469 4.61658e-05 0.000506787
60f38dda5a63fb0e78851d7ff4c385 6851 10000 2.15411e-05 0.000287018 4.60955e-05 0.000506397
e48d57fa334b8c84e154b6a06c68ed 6851 10000 2.16498e-05 0.000286844 4.59761e-05 0.00050644
4af0ee74224a8ff6968328db17f84e 6851 10000 2.16598e-05 0.000286832 4.60893e-05 0.000506783
d71a4955a6123ced47ebc190836181 8563 10000 2.16063e-05 0.000307095 4.61874e-05 0.000553931
a8b8078c79029b37c46c2e3debcc3a 8563 10000 2.1705e-05 0.000307369 4.63103e-05 0.000554319
9d9b9b79e500b46bbf5cade9a72ecc 8563 10000 2.18719e-05 0.000307448 4.60389e-05 0.000554444
33e11b697bfbd28727b319b75facca 8563 10000 2.18053e-05 0.000308174 4.63102e-05 0.000555614
849a0e376aa2d1dd5b6b2f6b73c579 8563 10000 2.17543e-05 0.000308935 4.66144e-05 0.000555074
4d01efe9dfa45a09916abe0bbeb317 8563 10000 2.18663e-05 0.000308459 4.67774e-05 0.000556038
09960f01932a5970ad0eba38fac0ca 8563 10000 2.18943e-05 0.000308811 4.67138e-05 0.0005558
c8afdfab56ae48778607e01d14b74c 8563 10000 2.17705e-05 0.000308816 4.67153e-05 0.000556592
9a2e62bf09643b8bba2572c3f89ed1 8563 10000 2.19403e-05 0.000308128 4.6836e-05 0.000556777
7074de12629da16d1e57d570898896 8563 10000 2.19209e-05 0.000308978 4.66028e-05 0.000556774
37d38dd5c69dd6f71fe6addea0a5f6 10703 10000 2.14555e-05 0.000332735 4.65224e-05 0.000576367
dc672a58c74389247495c29fa5bf04 10703 10000 2.17059e-05 0.000333405 4.63223e-05 0.000576827
382059a6ffcb3d7f2e8e231aa9044c 10703 10000 2.14492e-05 0.000333165 4.65757e-05 0.000576782
500b5ad81f43525ce31bb0daf12048 10703 10000 2.16099e-05 0.000333301 4.65844e-05 0.000576705
894320eae44472d2346674c221db52 10703 10000 2.1738e-05 0.000334875 4.71049e-05 0.000578222
384cee8070b95a73e39c1961ef591a 10703 10000 2.17461e-05 0.000335072 4.70155e-05 0.000578715
378f2eed69744d6d625fee9d74b664 10703 10000 2.17019e-05 0.000334252 4.72141e-05 0.000579558
20e648422cc041dc56bfd82bea60b8 10703 10000 2.16084e-05 0.00033523 4.71843e-05 0.000579983
d471d55813c65379790bd005ad080c 10703 10000 2.16281e-05 0.000335482 4.71948e-05 0.000579931
f4dde88930e46ee9bc8e8ffdd1ffab 10703 10000 2.18383e-05 0.000335982 4.71801e-05 0.000581167
e5c08982c65e4593aa3fb3dd343645 13378 10000 2.15343e-05 0.000352508 4.64288e-05 0.000596214
2d63463bd49438621249aa56d4b476 13378 10000 2.16366e-05 0.000354293 4.67349e-05 0.000595284
066193c169f168b011c08fcef9dd11 13378 10000 2.25353e-05 0.000353627 4.64017e-05 0.000595814
d286f1eecea227eecd354585adca67 13378 10000 2.20943e-05 0.000353758 4.67046e-05 0.000597636
fe243c18594ccace9103bb545056e4 13378 10000 2.16029e-05 0.000354689 4.67814e-05 0.000597979
da526cda3b02414b97f3a94a0b1940 13378 10000 2.16064e-05 0.000354109 4.69414e-05 0.000599359
126012c2dca1643cad74d8437fa887 13378 10000 2.14761e-05 0.000354149 4.69541e-05 0.000598493
d32c82b93ca9bdfd2f8fd85ce368fd 13378 10000 2.15124e-05 0.000354474 4.70885e-05 0.000599366
e99c69b143b6d75550a86f4e1f49a8 13378 10000 2.16372e-05 0.000354198 4.71014e-05 0.000599495
147aa59cb4af1dbc5ea92df7260d60 13378 10000 2.15281e-05 0.000354074 4.6964e-05 0.000598819
3c7038a1e3b9d0989251b0b07a4f97 16722 10000 2.16872e-05 0.000368882 4.6599e-05 0.000620983
ee13ad906adf9305f06d0751222510 16722 10000 2.15958e-05 0.000368884 4.66352e-05 0.000621333
87248788378148898407ae24c98fcc 16722 10000 2.16195e-05 0.000369928 4.68682e-05 0.000620661
90dfd316681b73c25cd031b7a003a3 16722 10000 2.1725e-05 0.000368801 4.6827e-05 0.00062203
e3cffd33b52ab80eaa1ea820905d72 16722 10000 2.16954e-05 0.000371032 4.70549e-05 0.000621225
1abad8dfeb2565095595efea1e2a74 16722 10000 2.17039e-05 0.000370244 4.70569e-05 0.000623058
503bb8ebd8b11d655b45eb9b0cde66 16722 10000 2.17591e-05 0.000370658 4.70185e-05 0.000622772
cdc67df243b465ace9726f1d8e56e2 16722 10000 2.16193e-05 0.000371382 4.71689e-05 0.000622511
6dff302acd79b0fe3f205e5495a56e 16722 10000 2.16761e-05 0.000370621 4.71768e-05 0.000623062
2121d86ed47ad4780e08dff74f968e 16722 10000 2.27525e-05 0.000373003 4.72409e-05 0.000624259
d319a5dd59a7f2882904d46c648f73 20902 10000 2.14978e-05 0.000391878 4.7004e-05 0.000665425
19e9c4f0a0403ffdfcacddbd631815 20902 10000 2.16117e-05 0.000391559 4.69842e-05 0.000665496
a67332cca3de2cc0a6c1c381e76ea7 20902 10000 2.15629e-05 0.000392381 4.71115e-05 0.000664941
64060935cb2f294338eaab34ac3d92 20902 10000 2.16156e-05 0.000392045 4.71554e-05 0.000665716
bb62940e19b3179ccd26a86a5e8435 20902 10000 2.17279e-05 0.00039451 4.76461e-05 0.000668865
45ef87cf24e3d185056cdf824c5257 20902 10000 2.16984e-05 0.000394364 4.76893e-05 0.00066926
dcc90e092f2602453ebfe2bff012ea 20902 10000 2.1581e-05 0.000394276 4.77349e-05 0.000669276
68bffe45b50f9f285c0d9a4a8ecc2e 20902 10000 2.16392e-05 0.000394271 4.77708e-05 0.00066931
38ebb65b40b17df7bf3da3829e2d98 20902 10000 2.17496e-05 0.000394459 4.78177e-05 0.000669562
38052c63ad29fe6a135c411be653fc 20902 10000 2.16944e-05 0.000393637 4.77252e-05 0.000670449
1bc000240dc96684255ed68da45721 26127 10000 2.14651e-05 0.00041201 4.68472e-05 0.000698076
638556ddc8a7dcd9dfd9c5989c5cd4 26127 10000 2.15315e-05 0.000411609 4.69839e-05 0.00069923
24566adcc670f1af83789a16c26bab 26127 10000 2.14818e-05 0.000411875 4.70394e-05 0.00070054
af4d744d6c3165b7652aa546710fa7 26127 10000 2.15791e-05 0.00041176 4.72105e-05 0.000699567
7125736a337085b46e88c00e2f8eac 26127 10000 2.15702e-05 0.000413624 4.73486e-05 0.000701957
936d80b1a326914d249346c8d71a09 26127 10000 2.16393e-05 0.000413449 4.76228e-05 0.000702355
f81c899b1084ca5cb3d2d854273c61 26127 10000 2.15969e-05 0.000413538 4.74177e-05 0.000702554
3739b4f37df452efe63e25d914202a 26127 10000 2.16265e-05 0.000414699 4.73567e-05 0.000701545
da420054d0784cedc52dd5dea3a08a 26127 10000 2.15017e-05 0.000413774 4.74034e-05 0.000703273
a09f6af335ee50247e8feebad8ba28 26127 10000 2.16705e-05 0.000413507 4.74973e-05 0.000703227
4ae15f53fedb24314cb009934ccc0e 32658 10000 2.14249e-05 0.000433671 4.6973e-05 0.00072793
d57a97e7ba356bdae3429e62900df3 32658 10000 2.13536e-05 0.000433983 4.6746e-05 0.000729883
00d0853c4c42db7d070edd67535063 32658 10000 2.14897e-05 0.00043388 4.69688e-05 0.000730771
f0e59ac568f6aca97c3a5b8e7c3a0c 32658 10000 2.19027e-05 0.000434365 4.68772e-05 0.000730304
060973b2c27e723bb58bb3e22cf720 32658 10000 2.15295e-05 0.000435942 4.74641e-05 0.000733161
3e8094ca286c0b56bebac2eff01d17 32658 10000 2.15267e-05 0.000436149 4.74392e-05 0.000733088
fa56c1d2f450a9bcdff1d45effa7a9 32658 10000 2.16659e-05 0.000436674 4.76434e-05 0.000732873
18beff2825c0a2218eee4506d0498d 32658 10000 2.1538e-05 0.000436795 4.75419e-05 0.000733217
545eb04e7d0402d2e0ff6a16223b09 32658 10000 2.15015e-05 0.000436008 4.75485e-05 0.000734016
792b7338205cffe9767b375c0c6473 32658 10000 2.15073e-05 0.00043712 4.77189e-05 0.000733921
f917730c7fcce812fa075f68002712 40822 10000 2.16475e-05 0.000449244 4.74669e-05 0.000756746
1a40c99a13b49ec7e3d25e34d04eb6 40822 10000 2.16901e-05 0.000448837 4.77252e-05 0.000754656
4ce5b95a1a57209133a7fc85a54da7 40822 10000 2.16242e-05 0.000448597 4.77443e-05 0.000755628
89cb21e7dcff00e066fa7a4136c2c8 40822 10000 2.16325e-05 0.000449833 4.79796e-05 0.000757199
94ebea588593f77cb971ec63660d64 40822 10000 2.16837e-05 0.000450181 4.79764e-05 0.000757337
0ffb8c3f0aa77cfdac63a9022bdf32 40822 10000 2.16677e-05 0.000450225 4.79628e-05 0.000758504
715ec15a173d187411c38db61f03aa 40822 10000 2.16973e-05 0.000450336 4.80596e-05 0.000759244
0741b9a88b0fa753f1c2c5d98aa7b2 40822 10000 2.16426e-05 0.000450686 4.81322e-05 0.000759183
09fbd15083db4989c073b050fd087e 40822 10000 2.1671e-05 0.000450712 4.82422e-05 0.00075995
ab161a9984cc9bc4580002246acbc9 40822 10000 2.21484e-05 0.000452275 4.82133e-05 0.000760308
9750cb928b1f8a5e0840196adadd8b 51027 10000 2.15054e-05 0.000472867 4.73599e-05 0.000770028
60805a178c2d5120bf657d00ed3299 51027 10000 2.15245e-05 0.000472381 4.72301e-05 0.000772868
9c4fea2628fae344b663a9e0c8afbf 51027 10000 2.1513e-05 0.000472942 4.74439e-05 0.000774091
a091ff79235887cd72858a20afbbbf 51027 10000 2.15612e-05 0.00047423 4.7548e-05 0.000775008
32205e6c8c2754ee687cf73a40774e 51027 10000 2.19798e-05 0.000474244 4.73747e-05 0.000773978
a591e615ecf2bc193c3e4adcb66f68 51027 10000 2.16155e-05 0.000474286 4.76568e-05 0.0007749
aba5a14ae87433e51bc761b390d3ef 51027 10000 2.15253e-05 0.000474963 4.77321e-05 0.000776609
4ad16de9e5c21e8c9ccd0611c7d1eb 51027 10000 2.16716e-05 0.000475464 4.78325e-05 0.00077545
089f11479f377c0854f402f34b4311 51027 10000 2.16387e-05 0.000475174 4.79947e-05 0.000775685
1c6a95c9ef7613ff482967cb03c618 51027 10000 2.16598e-05 0.000475505 4.7993e-05 0.000790809
5906361e29dd6bcb8e7abc71448d26 63783 10000 2.1447e-05 0.000483892 4.72564e-05 0.000819551
6f4f845880703abbeffce26b655125 63783 10000 2.15318e-05 0.00048451 4.7327e-05 0.000819587
578ac4af9cf1cd56a2054d7f2d704b 63783 10000 2.1484e-05 0.000485608 4.74802e-05 0.000821478
d108be84f10f88544432d19853317b 63783 10000 2.14448e-05 0.000485242 4.73976e-05 0.000822948
e4ed140946329df610c3db89744380 63783 10000 2.14821e-05 0.000486029 4.74427e-05 0.000822013
9889d56e9e3b3ac0ee93c23f8e6401 63783 10000 2.18378e-05 0.000485064 4.73918e-05 0.000820866
821f643e731f412a860511d13b4a38 63783 10000 2.1557e-05 0.000485616 4.75217e-05 0.000822071
3bf4df85aa899abc97c95ce4982d90 63783 10000 2.15405e-05 0.000487114 4.77021e-05 0.000821864
1bad7b1427f5c275f87a0764e648c6 63783 10000 2.15398e-05 0.000486349 4.77275e-05 0.000822979
3e94172a9adf0ed25520f941dce040 63783 10000 2.18843e-05 0.000487376 4.77799e-05 0.000824354
83682eb56207778ba1accc5984140b 79728 10000 2.16611e-05 0.000501556 4.76437e-05 0.000821724
c1b095439e7f48a82a92580090b152 79728 10000 2.16824e-05 0.000501531 4.78606e-05 0.000823993
e2bbaba8ea0f8cf8b634598e2f06fc 79728 10000 2.16482e-05 0.000501004 4.77713e-05 0.000826685
f408fc238d7dce2ac104616dae3b16 79728 10000 2.19419e-05 0.000502223 4.78381e-05 0.000825219
d9637ab89dbb9d968fe118617b3ca7 79728 10000 2.16579e-05 0.000503056 4.79036e-05 0.000826616
16f1cd91aedbc73578da40379fbcdc 79728 10000 2.1654e-05 0.000503131 4.78494e-05 0.000826742
bcce96373769a01d075613df3333d9 79728 10000 2.16524e-05 0.000503246 4.79355e-05 0.000826722
b3f332290f2e61e6450167bff68f81 79728 10000 2.17024e-05 0.000503155 4.81156e-05 0.000827804
fd051bdd28ae8f0af7cb313b74b700 79728 10000 2.17328e-05 0.000503483 4.82135e-05 0.000828906
d0946db807e3246ea5f9c0212e5131 79728 10000 2.17188e-05 0.000503561 4.8218e-05 0.000828946
87b92d1fffa8b521f43785c1f84159 99660 10000 2.1504e-05 0.000517993 4.74271e-05 0.000858157
5a9a0e38a249cb918ebb06615ba99d 99660 10000 2.15531e-05 0.000518142 4.73197e-05 0.00085731
c7727fcb2089d9884683cba2c2f6f3 99660 10000 2.15528e-05 0.00051885 4.75948e-05 0.000857211
97587695a9669871c47fae50c5698b 99660 10000 2.17408e-05 0.000520043 4.7694e-05 0.000860156
4d28986a8bdc991a5e335b635e0823 99660 10000 2.16542e-05 0.000520308 4.7974e-05 0.000862606
675a51ef9aae4298d934f2ecd78754 99660 10000 2.16327e-05 0.000521382 4.80758e-05 0.000861786
70dc94af31fa3d8e0f84c219680c98 99660 10000 2.16745e-05 0.0005214 4.82241e-05 0.000863914
9fefbf61993b3c3179b6b89cb95a7c 99660 10000 2.16912e-05 0.000521609 4.82456e-05 0.000863382
226c47b35fadad9406f7dcdcf7b920 99660 10000 2.16092e-05 0.000521252 4.80963e-05 0.000864196
1493ba2393e27c5b16fe449c7380fd 99660 10000 2.16858e-05 0.000521162 4.82227e-05 0.000863001
adca9bd71bc850d76e4747bb4e04b6 124575 10000 2.14171e-05 0.000531983 4.71562e-05 0.000882271
da98bf66a4a11bb07fab726f4d61fb 124575 10000 2.16343e-05 0.00053288 4.71703e-05 0.000882091
e4ff178d8c6063e5db6a9dd1b354fd 124575 10000 2.1512e-05 0.00053266 4.74162e-05 0.000879846
cc2fe6286195f3d66cdd5ec05955e6 124575 10000 2.15466e-05 0.000532266 4.74871e-05 0.000881187
17971c3b36d58ec9c49e1c0682b68f 124575 10000 2.16004e-05 0.000535307 4.78782e-05 0.000885497
ff51a9ae86c8c49b1673e3474732da 124575 10000 2.16343e-05 0.000534834 4.79288e-05 0.000886702
ae4f16fe40319c6e68179813b22fe5 124575 10000 2.16963e-05 0.000535653 4.79147e-05 0.000886677
dacc37a6b570ef124b16cb4d4b3d79 124575 10000 2.16254e-05 0.000535603 4.81025e-05 0.00088568
04215962444650d43a0030a9c1d0fe 124575 10000 2.15925e-05 0.00053474 4.79047e-05 0.000885705
619307697bac72820fa65322cef157 124575 10000 2.16717e-05 0.00053639 4.81885e-05 0.000886841
40c126bfb919682ddca3f0e098cf2f 155718 10000 2.17453e-05 0.000547696 4.81313e-05 0.000910545
cbcdd650d3e016658746ca17c1aaff 155718 10000 2.17727e-05 0.000548073 4.80953e-05 0.000911667
6d6a09c2c0b73eb1e85ffc0d7729dd 155718 10000 2.18212e-05 0.00054806 4.80742e-05 0.000911569
b07935d64d493de9f325ed5d1abbc5 155718 10000 2.18556e-05 0.000548292 4.82299e-05 0.000912838
d6ab8cc07e63718aebe89f66ea250b 155718 10000 2.17411e-05 0.000549741 4.81334e-05 0.000914392
63443081cd48f07c558258d8d4863a 155718 10000 2.17326e-05 0.000550738 4.82263e-05 0.000913443
8133710222f83b2b8de1fe7ba5e3d7 155718 10000 2.17553e-05 0.000550109 4.81559e-05 0.000914417
0d2f14cb11a05a8b8a44b8d3d50e5f 155718 10000 2.18582e-05 0.000550624 4.85622e-05 0.000914614
df1cd792fc71a4acb4134b83e6d64a 155718 10000 2.18752e-05 0.000550824 4.851e-05 0.000912476
0088feae498655be63245a59278d41 155718 10000 2.18444e-05 0.000550128 4.84921e-05 0.000914165
fa9272f8dffbbf4f50a2de5d9b164f 194647 10000 2.16387e-05 0.000562322 4.79465e-05 0.000938451
e02cc120ad8268a193e4b87aebabb9 194647 10000 2.16381e-05 0.000562624 4.79684e-05 0.000938953
83a2f702fd99229d2bcbdbb4e2079a 194647 10000 2.17055e-05 0.00056164 4.79486e-05 0.000939315
748e832144af14721e0a72a28b595b 194647 10000 2.17266e-05 0.000561644 4.80182e-05 0.000940402
b10a31590973558127b2bf23dfc3ad 194647 10000 2.1689e-05 0.000564329 4.82212e-05 0.0009393
b17471a60a15ecfa12ade4c34d5292 194647 10000 2.17074e-05 0.00056482 4.83011e-05 0.000942684
37c5c7db7d6822e0a20b0fa34e4992 194647 10000 2.17232e-05 0.000565235 4.8437e-05 0.000941896
0c088fb7280d2ab658d7380e573a91 194647 10000 2.17661e-05 0.000564946 4.83943e-05 0.000943295
527955deb8a85d855193e0b2c1335a 194647 10000 2.17588e-05 0.000564766 4.84509e-05 0.000944436
27f556d715352cac1ba7436b6e9f30 194647 10000 2.17385e-05 0.000564884 4.83895e-05 0.000943714
11bbf8c48990eedd5adf1ca675f332 243308 10000 2.16403e-05 0.000582322 4.77797e-05 0.00095907
a01771f7e2aa4bff25d5799ade909a 243308 10000 2.16146e-05 0.00058247 4.78049e-05 0.000960286
fb37023a9d5ba066a154940dbef93d 243308 10000 2.16583e-05 0.000583134 4.78099e-05 0.000961387
db60486883b4628d43e0ecf734b57d 243308 10000 2.1634e-05 0.000584194 4.79246e-05 0.000961979
7961e40f45df962c54cc72e5949b95 243308 10000 2.16611e-05 0.000584936 4.80518e-05 0.000962679
273061a39dcebc69f14003afec71c0 243308 10000 2.17147e-05 0.000585393 4.80589e-05 0.000963251
6490eacfcaf98e9c944b6257548397 243308 10000 2.16651e-05 0.000585034 4.80627e-05 0.000963249
fb038d47207bdcf7e5d3422e662bf0 243308 10000 2.16895e-05 0.000584813 4.81407e-05 0.000964707
0a0a7df6c5846e97e9e68bc78ef55f 243308 10000 2.16717e-05 0.000585364 4.80726e-05 0.000961807
63d5112f8a1392a5bf6fa8a75e4071 243308 10000 2.1742e-05 0.000585923 4.8144e-05 0.000965694
61a0a47c539214f594317d32ac8c52 304135 10000 2.18199e-05 0.000594379 4.82316e-05 0.000982248
bfe7096720953ac67b8d5e3010fe50 304135 10000 2.18226e-05 0.000594146 4.83122e-05 0.000984028
db9555f629111e5f7f357c68389d11 304135 10000 2.18402e-05 0.000594816 4.83338e-05 0.000985182
b19e11dcd06108fe0aa413e10b3387 304135 10000 2.18766e-05 0.000594785 4.83518e-05 0.000985729
f1a53524ab80b86a9a512c170dd8d2 304135 10000 2.18603e-05 0.000596992 4.83431e-05 0.000987934
8a16cb275804c85dd598f0a654d448 304135 10000 2.18474e-05 0.00059696 4.83391e-05 0.000988731
7d52aa8335ba030fefd9239006e3b7 304135 10000 2.18463e-05 0.000596979 4.83615e-05 0.000988833
36ed2e2c798ce997e7781cda9efa13 304135 10000 2.19139e-05 0.00059768 4.87249e-05 0.000987865
91695943a363ada22ada10c868fe27 304135 10000 2.19495e-05 0.000597485 4.86983e-05 0.00098867
fd1b37ce7d5a42498dbb609d37e76b 304135 10000 2.19234e-05 0.000597121 4.86678e-05 0.000987452
5ccfcd01a344ccbec5c35fa437d2e8 380168 10000 2.1779e-05 0.000611599 4.82182e-05 0.00101247
39641173af845cda34f30f11886f67 380168 10000 2.18003e-05 0.000611973 4.82787e-05 0.0010157
17188bf029c7b894f28d8e64f4ef73 380168 10000 2.17766e-05 0.000611471 4.83217e-05 0.00101552
437e96c0a7cad5c1d6ba3577c7e3dd 380168 10000 2.18093e-05 0.000610985 4.83651e-05 0.00101638
57b52b48d4cc5189b730ce65255985 380168 10000 2.18356e-05 0.000613995 4.86956e-05 0.0010179
7f8c4fface104e80002ced1a433fc7 380168 10000 2.18745e-05 0.000614097 4.87746e-05 0.00101826
b73d1a9ae084fa7ef51bca61ef2a01 380168 10000 2.18338e-05 0.000613853 4.87112e-05 0.00101896
a70a7861e367610d47ec73d3eb49d7 380168 10000 2.18629e-05 0.000614145 4.87422e-05 0.00101887
23076b4e40471d3d38acb82cbf0def 380168 10000 2.18554e-05 0.000613966 4.8727e-05 0.00101879
925762bbbde0274819578af3979510 380168 10000 2.18999e-05 0.000615148 4.88968e-05 0.00102039
de24ef7a0867293151c28b16408e3a 475210 10000 2.16508e-05 0.000629325 4.79888e-05 0.00103993
b3a7d153682637c7d1cfaed2613514 475210 10000 2.1638e-05 0.0006302 4.79772e-05 0.00103765
3a77d7dc6133d3dee268e0f142866f 475210 10000 2.16567e-05 0.000630789 4.80898e-05 0.00103975
36d7afeeecd8d1f118a909e4628dfa 475210 10000 2.16638e-05 0.000629718 4.81274e-05 0.00103922
63bd07ca098fa77a7c7f6f26b20fd7 475210 10000 2.17062e-05 0.000632517 4.8264e-05 0.00104558
55e404ff60eb2729695f8fe98359ec 475210 10000 2.17335e-05 0.000632627 4.83089e-05 0.00104441
91e7acddbba898ebc15dfe878c937e 475210 10000 2.1715e-05 0.000633186 4.83174e-05 0.0010452
44c413f79a07c375373eafa4f85e22 475210 10000 2.17061e-05 0.000633243 4.85673e-05 0.00104515
e2b022e484160789daa6edf9eb5ddb 475210 10000 2.17e-05 0.00063358 4.85107e-05 0.00104494
5d77acbd0d76c3048a86e8721ba3c5 475210 10000 2.17901e-05 0.000634168 4.85614e-05 0.00104529
bb3aa70af2204fa4fa5b0408a957c2 594012 10000 2.19023e-05 0.000635283 4.84178e-05 0.00103188
b75cd41b843a8683985b7d75c1a90a 594012 10000 2.19105e-05 0.000636025 4.85011e-05 0.00103216
970b1c5c981cdb72680baf62f7303d 594012 10000 2.19359e-05 0.000636307 4.8489e-05 0.00103205
a3e53538b6116caa76dce4bd823da0 594012 10000 2.19417e-05 0.000636123 4.86322e-05 0.00103377
7caf78398f48b3ac016e42c792e09e 594012 10000 2.19452e-05 0.000638049 4.85844e-05 0.00103709
e013d92cae2acdf7cafc7b7cdba932 594012 10000 2.19485e-05 0.000639266 4.86207e-05 0.00103595
886bc194910022b60eac4e27a2b55a 594012 10000 2.19646e-05 0.000640163 4.86346e-05 0.00103629
1beb01004912e4954640131c1a3c04 594012 10000 2.20059e-05 0.000639337 4.9027e-05 0.00103616
ff9732223572734b3f7bdfc5591b8e 594012 10000 2.19976e-05 0.000640149 4.90047e-05 0.00103766
306b4add101ffd2045ab91f14d3a9e 594012 10000 2.20657e-05 0.000641581 4.92143e-05 0.00103834
2a939bbdef64a52dd98dca23b81dfb 742515 10000 2.17028e-05 0.000656132 4.80024e-05 0.00106477
7f1e113119d54ba383fcbc2187260b 742515 10000 2.1735e-05 0.000655786 4.81012e-05 0.00106716
1a45c442bbe8469aabcec47eba60da 742515 10000 2.17567e-05 0.000656108 4.83692e-05 0.00106891
3996af4b3b6f22724a273afd7f83e2 742515 10000 2.18408e-05 0.000658129 4.85875e-05 0.00106832
e020011be809397a590c191e239d0e 742515 10000 2.18378e-05 0.000659548 4.87126e-05 0.00107193
69b1f6521c030d0ebe04f6d5ab5815 742515 10000 2.18439e-05 0.000659889 4.87586e-05 0.00107141
ac2c708870e1c09aa21fa18fef3bc2 742515 10000 2.18614e-05 0.000659862 4.88067e-05 0.00107283
4350381ebb8acdd447c24d0a13822d 742515 10000 2.18416e-05 0.000659396 4.87913e-05 0.00107339
ac89bdf86bea13c80a27e29c214347 742515 10000 2.18184e-05 0.000658733 4.86868e-05 0.00107167
cf026e0d547a3e0874220eedc44ef9 742515 10000 2.18216e-05 0.000658758 4.87585e-05 0.00107372
06e2f567afca5547c10cc56b6487d3 928143 10000 2.16972e-05 0.000674135 4.80742e-05 0.00107234
cb30c8d4b52014d29d9508a9329a60 928143 10000 2.17145e-05 0.000674547 4.81006e-05 0.00107195
66c20552e3c362d61b66a365107dfe 928143 10000 2.17172e-05 0.000674697 4.82336e-05 0.00107234
1f3357b9d00f52187efa281e3db92e 928143 10000 2.1705e-05 0.000674751 4.8236e-05 0.00107354
58d1c89dedca2a0b3073e30188c579 928143 10000 2.17699e-05 0.000677816 4.84161e-05 0.00107394
303211f2a780301d220547937dfc0f 928143 10000 2.18165e-05 0.000678123 4.86528e-05 0.00107552
7cdb6016fba9a579d81dd5e12e3c04 928143 10000 2.18409e-05 0.000679699 4.86227e-05 0.0010777
133b82350c644175c8479acde94e5a 928143 10000 2.17955e-05 0.000678161 4.84599e-05 0.00107631
cc82bb074dffa96810bbb1a0a36e6b 928143 10000 2.17849e-05 0.000677978 4.85825e-05 0.00107671
72e8a7d977a4676fd3c3b150a23ee6 928143 10000 2.17944e-05 0.000677991 4.86188e-05 0.00107638
f9b709558920efeca54fbacafe028c 1160178 10000 2.19538e-05 0.000684336 4.87673e-05 0.00113063
b3172ec28cf0eb27f87d421d31ab41 1160178 10000 2.19682e-05 0.00068475 4.87577e-05 0.00113499
b69ae2820004862c370463d949f71c 1160178 10000 2.19751e-05 0.000684336 4.88267e-05 0.00113129
9a3b5aca7e42b5a8d9b89a52cab82e 1160178 10000 2.20119e-05 0.000685104 4.88326e-05 0.00113663
5dd6259a1501f7387841dda8aaec0a 1160178 10000 2.2065e-05 0.000688029 4.9116e-05 0.00113195
e37a2263cd74022d3e6440b510eeb6 1160178 10000 2.20971e-05 0.000687959 4.91246e-05 0.00113184
038fc2fe6fdf0a29038b9035214d57 1160178 10000 2.19646e-05 0.000687073 4.92057e-05 0.00113466
a1ef388a67b8c70205b8ce831ab5cb 1160178 10000 2.19669e-05 0.000687466 4.91822e-05 0.00113292
2442ff877a49094c4adabcf436e327 1160178 10000 2.19609e-05 0.000688071 4.92146e-05 0.00113565
847226ac7b51eaa1abd867b15b4fdc 1160178 10000 2.21073e-05 0.000688998 5.2364e-05 0.00117061
abe7753bfd6538bbe8727137d07b14 1450222 10000 2.18879e-05 0.000701158 4.84703e-05 0.00116811
ca374101371f812d71871b32f48076 1450222 10000 2.18267e-05 0.000701151 4.86566e-05 0.00117064
c7b94f4d08ce724dd98efd37eca6cc 1450222 10000 2.19023e-05 0.000703043 4.87983e-05 0.00117067
a2b898c984c0a496ccf8237952921c 1450222 10000 2.19284e-05 0.000703355 4.88145e-05 0.00116751
dd45cf4d97307165fbc40826fa15cd 1450222 10000 2.19455e-05 0.000702996 4.89335e-05 0.00117109
f9f00f429b13f229e58db0a904c76e 1450222 10000 2.19469e-05 0.000704241 4.89382e-05 0.00117051
3f590b160f6ceab6b25a5164580c7a 1450222 10000 2.19343e-05 0.000702832 4.88794e-05 0.00117062
e0fb3a672777270cc52b501b65c04a 1450222 10000 2.19447e-05 0.000703123 4.89574e-05 0.00117088
dbddf3359472e49d618f01f85fea1d 1450222 10000 2.21858e-05 0.000724303 4.84138e-05 0.00117047
a21454a68043c2eba1ba9efabce77d 1450222 10000 2.22561e-05 0.000725398 4.85235e-05 0.0011688
cf3a5b7c89374d00ea364edcafd04f 1812777 10000 2.16283e-05 0.000707827 4.76835e-05 0.00117433
7e4dcc0ee8f62788cd5602550a0d3a 1812777 10000 2.16649e-05 0.000707952 4.772e-05 0.00117928
70e506396d547cf32bab6213084ec4 1812777 10000 2.18425e-05 0.000711459 4.79496e-05 0.00118271
1ede76eb34022e4aeef816e07ce2e4 1812777 10000 2.17012e-05 0.000712243 4.80902e-05 0.00118489
cc732daa808ddd1394efbc0d98f129 1812777 10000 2.1746e-05 0.000713123 4.82752e-05 0.00118618
b23edabdcb92fe0b16f983e6bfb873 1812777 10000 2.16825e-05 0.000709683 4.78184e-05 0.00117648
b2ed8fb21ad98428b4ff9a32cb8f35 1812777 10000 2.16857e-05 0.000710527 4.78931e-05 0.00118091
a9570ba9e87a03ccf8d9a45e413281 1812777 10000 2.17049e-05 0.000709804 4.79139e-05 0.00118052
c933a166b45892baa37cec9392a981 1812777 10000 2.17347e-05 0.000715154 4.83082e-05 0.00118488
45e5a8ea06ba8f32ffb1482cd9363c 1812777 10000 2.18092e-05 0.000716582 4.85652e-05 0.00118892
7021ec9810c2754298a2bd24acc383 2265971 10000 2.19129e-05 0.000728368 4.83267e-05 0.00118513
1e0bce64a8bf32b71bb40ffc70627d 2265971 10000 2.1945e-05 0.000727515 4.83037e-05 0.00118509
1456f2dbb1a0f40521846a34264fd0 2265971 10000 2.1967e-05 0.000727479 4.84442e-05 0.00118268
fde14041dd7a8d46ea2772f1bc6987 2265971 10000 2.2065e-05 0.000733715 4.86477e-05 0.00118781
446ce280e7ff4284119c1f17e25023 2265971 10000 2.2076e-05 0.000733908 4.88193e-05 0.00118994
ee3e5e9a2e2a53455edc8436625923 2265971 10000 2.1915e-05 0.000726802 4.82752e-05 0.00118028
ca32db86271a06f36107d0c0f4fbbf 2265971 10000 2.19338e-05 0.000726448 4.81845e-05 0.00118201
2026f50dc3055ba65174afc14e7b96 2265971 10000 2.19456e-05 0.000725424 4.82763e-05 0.00118242
32c0e7d663d0de25216bf93781ddb6 2265971 10000 2.20029e-05 0.000732316 4.88395e-05 0.00119061
9b1e8e48d9937071a30ed0b3ffcbda 2265971 10000 2.19989e-05 0.000732378 4.87179e-05 0.00118716
a5912d19bf33867282a3bdcc3f58d4 2832463 10000 2.17773e-05 0.000738173 4.79644e-05 0.00120078
1b5c87b41277c0e005b00f925b309b 2832463 10000 2.18054e-05 0.000737505 4.8168e-05 0.00120705
9225a60dbb63b36406c6698e9910fe 2832463 10000 2.18177e-05 0.000738517 4.81651e-05 0.00120588
aff85267f1e5f3c86264d1aecf02d2 2832463 10000 2.18377e-05 0.000741959 4.85292e-05 0.00122204
36869b107fb0c68eb9ccf3056a30f4 2832463 10000 2.18643e-05 0.000743607 4.86765e-05 0.00122229
7de6a7ad9b3b5cd02c841a20c3d15d 2832463 10000 2.17943e-05 0.000741262 4.83475e-05 0.00120678
7906f5d620736515cc213e64dd72d8 2832463 10000 2.18144e-05 0.000741748 4.82815e-05 0.00120582
ad638ce05c78fe93cef12b30481180 2832463 10000 2.19173e-05 0.000746561 4.85338e-05 0.00122151
b4a5b3599170919236779218ede288 2832463 10000 2.18159e-05 0.000741678 4.82631e-05 0.00120616
155c7ff48905c09686df873e43ac2b 2832463 10000 2.19903e-05 0.000749798 4.8818e-05 0.00122772
a301b745ce8bd3b4eefc9ed2a4cc74 3540578 10000 2.1734e-05 0.000756061 4.79039e-05 0.00121331
59687abb3d5d9f11809d55ab66dd89 3540578 10000 2.17343e-05 0.000756617 4.80212e-05 0.00121755
043216c467a52b9b3e6b335839a3ed 3540578 10000 2.16718e-05 0.000754807 4.7743e-05 0.00121168
eefc076be98ed0bdf824d9cc87ce24 3540578 10000 2.16581e-05 0.000754802 4.77412e-05 0.00121509
860c6953f57ce5775cbddeed258926 3540578 10000 2.16571e-05 0.000754989 4.7662e-05 0.00121124
3f3bf04fc04e88263744d60fcd0fc4 3540578 10000 2.16235e-05 0.000754424 4.77333e-05 0.00121523
aa43563e613c315411878184f0eee8 3540578 10000 2.1661e-05 0.000755934 4.75224e-05 0.0012112
e78630629b71a844b583111f2d4429 3540578 10000 2.16406e-05 0.000755043 4.75794e-05 0.00121392
04f8234b09c6d45bc96d7345773b78 3540578 10000 2.17192e-05 0.000755737 4.77642e-05 0.00121146
5f37d522565700babd926ec475b472 3540578 10000 2.16593e-05 0.000754214 4.7701e-05 0.00121129
20e40e45006ed1cd44d7da7c56a6f2 4425722 10000 2.19101e-05 0.000765674 4.78344e-05 0.0012107
18fed46b2dc0382575b7c0cad1fe09 4425722 10000 2.19175e-05 0.000766529 4.78142e-05 0.00121369
f15c19df2f1fb7385026001075239a 4425722 10000 2.19875e-05 0.00076642 4.78636e-05 0.00120956
c97551dc147533c48cb597b1b0521d 4425722 10000 2.19655e-05 0.000766866 4.79472e-05 0.0012149
d9467a375ba5be881458dd68446933 4425722 10000 2.19077e-05 0.000766991 4.79258e-05 0.00120929
540060659f4c13c3589ffb9ca4d291 4425722 10000 2.19595e-05 0.000766776 4.79965e-05 0.00121459
eafce646e8e1ff955507e58821e024 4425722 10000 2.19983e-05 0.000766681 4.79256e-05 0.00121025
8fa4e87099a8870bbb28e1b39c9bb3 4425722 10000 2.19826e-05 0.000766092 4.79447e-05 0.00121508
2c7bd1574ebe2ff7445eb3ab79698c 4425722 10000 2.19563e-05 0.00076714 4.7847e-05 0.0012112
f0617de19acb14377524799306199b 4425722 10000 2.1986e-05 0.000767685 4.78983e-05 0.00121099
c59ef358386665d8f64cc5eb90ceb6 5532152 10000 2.17474e-05 0.000785521 4.78925e-05 0.00128287
3c6dd47ad2c68056b25dfdb4affeea 5532152 10000 2.17997e-05 0.000787076 4.79725e-05 0.00128876
03b33ab136572280324800d08b0226 5532152 10000 2.18872e-05 0.000787832 4.79749e-05 0.00128248
639471bab9c0d4593d5aae244708bc 5532152 10000 2.18461e-05 0.000786473 4.81096e-05 0.0012883
1d8804b92c2974d83c4bc3f28fa88b 5532152 10000 2.18524e-05 0.000786276 4.79679e-05 0.00128153
6006ba1b8c20355702436ee3fc8e6e 5532152 10000 2.18516e-05 0.000786919 4.78287e-05 0.00128683
435f11202bbf2283098e5f8848acaa 5532152 10000 2.18639e-05 0.000786637 4.79893e-05 0.00128247
671c8072fdc6ed6ca91b7dcf09520c 5532152 10000 2.18468e-05 0.000786492 4.81415e-05 0.00128659
489c0b871d31548b29927d352540a7 5532152 10000 2.18595e-05 0.000787141 4.80829e-05 0.00128256
ddac9c5a2cc17df99c53a3022de6dc 5532152 10000 2.18563e-05 0.00078732 4.80719e-05 0.00128346
a246077ed7185ecc2c821740c4d57a 6915190 10000 2.17737e-05 0.000799526 4.86762e-05 0.00130804
91ed61a613ceddf341780ef84f2ca2 6915190 10000 2.17566e-05 0.000798009 4.86219e-05 0.00130698
50ba57527619d0d51d03e544997d22 6915190 10000 2.17847e-05 0.000799564 4.86057e-05 0.00130824
93dcfea53e94153968da062448ab2f 6915190 10000 2.17566e-05 0.000798537 4.89222e-05 0.00134791
98d49a59b2ae9e2971e5aa7eda8831 6915190 10000 2.21032e-05 0.000822429 4.93781e-05 0.00136571
5e609d7c844f3d0c4ea80856464221 6915190 10000 2.21125e-05 0.000820576 5.17874e-05 0.00132587
5428e537ec78eaea3e36c948b8e856 6915190 10000 2.18e-05 0.00079899 4.86394e-05 0.00136579
186c90579f79f2dd39625b40f798dd 6915190 10000 2.19867e-05 0.000848213 4.89886e-05 0.00132508
c1ae2f9ac7e14bc4966fa6520e22f3 6915190 10000 2.18691e-05 0.000806542 5.04757e-05 0.00130226
204f42eafab99181ddecce6a2f0ad8 6915190 10000 2.23563e-05 0.000827184 5.08059e-05 0.00132364
