ee2136f72041f0fd023762a0c394ff 450 1000 7.80667e-06 1.1271e-05 1.72222e-05 1.4261e-05 1.22667e-06 2.425e-06
8d72944486fe1ba9309903820d4637 450 1000 7.84e-06 1.1304e-05 1.77289e-05 1.3724e-05 1.22e-06 2.421e-06
8087c9f9072dd5404b5b85fe11370c 450 1000 7.80667e-06 1.1319e-05 1.75556e-05 1.4209e-05 1.22889e-06 2.419e-06
c7fa1850ae1132852e48672d75dadb 450 1000 7.78667e-06 1.1245e-05 1.69556e-05 1.391e-05 1.22222e-06 2.418e-06
a279d06968b9547cd2999122d31813 450 1000 7.90889e-06 1.1386e-05 1.742e-05 1.4341e-05 1.22444e-06 2.415e-06
f2523194ca7438ef91d8d492cf8b1b 450 1000 7.86222e-06 1.1301e-05 1.698e-05 1.4144e-05 1.22e-06 2.414e-06
4f824801f2a83a85ec45f9adc68837 450 1000 7.78e-06 1.1398e-05 1.69622e-05 1.4163e-05 1.22889e-06 2.422e-06
98e5bff051186c9a9d0b9a2d62473d 450 1000 7.81111e-06 1.1353e-05 1.71533e-05 1.438e-05 1.22444e-06 2.41e-06
fdce53b5e274245bc843e7294f608e 562 1000 8.09253e-06 1.2185e-05 1.7895e-05 1.4508e-05 1.28114e-06 2.57315e-06
84a60d9080d43ef9f88e42711b4eb0 562 1000 8.05338e-06 1.1896e-05 1.78897e-05 1.4664e-05 1.2758e-06 2.57615e-06
aaf7c8ecf4842a758dce0815ab5498 562 1000 8.05872e-06 1.2214e-05 1.72509e-05 1.3764e-05 1.28648e-06 2.57014e-06
0574d1310fbbd5e94435dc7fccbbe7 562 1000 8.0694e-06 1.1979e-05 1.77011e-05 1.4122e-05 1.28292e-06 2.56513e-06
efb9e8b14a97a95f6a04567a20f9e6 562 1000 8.06584e-06 1.2198e-05 1.80979e-05 1.4391e-05 1.2758e-06 2.56112e-06
e250a4aa5a158422f738320b02af21 562 1000 8.32206e-06 1.2172e-05 1.83416e-05 1.4314e-05 1.2847e-06 2.57214e-06
39414a2911970cb264beb461e648c2 562 1000 8.07295e-06 1.2136e-05 1.80071e-05 1.4989e-05 1.28114e-06 2.56613e-06
12114e94e06c6cac09b9d860192c7e 562 1000 8.0605e-06 1.2038e-05 1.77082e-05 1.4973e-05 1.27758e-06 2.57315e-06
d5bbe8f94f7d8c2d90d6b154797aa1 702 1000 8.37607e-06 1.3308e-05 1.86268e-05 1.5676e-05 1.30769e-06 2.69369e-06
5d06ff88706d36a6f41b0146d0fd30 702 1000 8.37892e-06 1.2912e-05 1.80641e-05 1.5294e-05 1.31766e-06 2.6957e-06
4ca04c5a8551a25f30251c87006404 702 1000 8.38319e-06 1.3181e-05 1.85584e-05 1.5353e-05 1.31624e-06 2.6957e-06
db69601bff01e37d6de5a83a6c692e 702 1000 8.54416e-06 1.3072e-05 1.90427e-05 1.5814e-05 1.38034e-06 2.7007e-06
e0cb70d8a0a0756b69dc01fc911745 702 1000 8.64957e-06 1.2727e-05 1.8953e-05 1.4707e-05 1.33048e-06 2.69269e-06
f252b29dd55b57e443e17a74a3f087 702 1000 8.5e-06 1.2879e-05 1.83333e-05 1.6248e-05 1.31481e-06 2.69069e-06
4f4fc6625b2746019a5cc5fb91e5c2 702 1000 8.4886e-06 1.2914e-05 1.79288e-05 1.4312e-05 1.31624e-06 2.69169e-06
a380aefca6be2816b47d383e7cc2ba 702 1000 8.51852e-06 1.2915e-05 1.77422e-05 1.4336e-05 1.31766e-06 2.6977e-06
3786f987e76c278bbbb12ada2fb267 877 1000 8.92588e-06 1.3265e-05 1.96956e-05 1.7793e-05 1.36374e-06 2.852e-06
40ccaa7dd391824b619e14bb709bf0 877 1000 8.70125e-06 1.324e-05 1.81893e-05 1.6391e-05 1.36488e-06 2.84e-06
31e505e9d157fa53b054d467067785 877 1000 8.78677e-06 1.3485e-05 1.87309e-05 1.7101e-05 1.3683e-06 2.848e-06
6c2aafa551b9743667888bbdf007dd 877 1000 9.05473e-06 1.3802e-05 1.89054e-05 1.7852e-05 1.36374e-06 2.844e-06
81dc87cbd1e0718136d48ec79af1da 877 1000 8.71494e-06 1.3546e-05 1.91494e-05 1.6484e-05 1.36146e-06 2.846e-06
582e9be122d54de8e6699c89531817 877 1000 9e-06 1.3797e-05 1.88928e-05 1.6888e-05 1.36032e-06 2.862e-06
0025e6dcbe8cbbde7daba03f3d4339 877 1000 8.88027e-06 1.3689e-05 2.00239e-05 1.7119e-05 1.36602e-06 2.847e-06
b5b2fc6d7b65487e8831d7ca84f6e6 877 1000 8.68871e-06 1.3355e-05 1.86078e-05 1.6649e-05 1.36716e-06 2.845e-06
56fd1a36041bbd7ee2c6a6b9e3b307 1096 1000 9.12044e-06 1.3987e-05 1.8937e-05 1.7226e-05 1.43522e-06 2.929e-06
59e121edabd8f7d132072ef366ff89 1096 1000 9.21807e-06 1.4111e-05 1.87874e-05 1.6602e-05 1.43339e-06 2.931e-06
e83a36b2558b8c97652d2cff2d91b2 1096 1000 9.25639e-06 1.3656e-05 1.93102e-05 1.6076e-05 1.42974e-06 2.939e-06
bd44593f91fcdfd93b139781a886a7 1096 1000 9.26186e-06 1.4486e-05 2.02591e-05 1.6102e-05 1.43339e-06 2.931e-06
026b8d1a367107da288d902de891b9 1096 1000 9.45712e-06 1.446e-05 1.99115e-05 1.7518e-05 1.43066e-06 2.931e-06
98bbec3e5e40dd0b08e73e6c9148ef 1096 1000 9.15785e-06 1.4126e-05 1.98321e-05 1.7699e-05 1.43157e-06 2.938e-06
d23bde76667dc457ee5baca71f1cc4 1096 1000 9.15328e-06 1.4237e-05 1.88558e-05 1.7023e-05 1.42336e-06 2.934e-06
2c8ba04ffa49e254296b3f04d19cda 1096 1000 9.18066e-06 1.3936e-05 1.88969e-05 1.6167e-05 1.43339e-06 2.929e-06
4b210f3fee897749e9b8c4f7224e60 1370 1000 9.29927e-06 1.4506e-05 1.96007e-05 1.7983e-05 1.47664e-06 3.02102e-06
90e8672da95be6d5617a567dd3206e 1370 1000 9.42774e-06 1.4701e-05 2.01964e-05 1.82e-05 1.48467e-06 3.01602e-06
6ea3a63e33b3587dd46af64a37b87b 1370 1000 9.53212e-06 1.485e-05 2.0119e-05 1.8317e-05 1.48029e-06 3.03303e-06
c43549c9e4680eb9918627ffb0aa60 1370 1000 9.5562e-06 1.4793e-05 1.96022e-05 1.8975e-05 1.48321e-06 3.03604e-06
f980b5e6dd70a61ed5d181263db6f3 1370 1000 9.71387e-06 1.4284e-05 2.06394e-05 1.891e-05 1.48321e-06 3.02402e-06
11cc3306e6547f9cb21e0bc9af7916 1370 1000 9.57372e-06 1.4869e-05 2.02066e-05 1.8227e-05 1.47591e-06 3.02202e-06
336f0607fd640a0724aa2c7cdeb4c4 1370 1000 9.62409e-06 1.4956e-05 2.04255e-05 1.8183e-05 1.48029e-06 3.03604e-06
6feb6d63af92d58449dc36613f8199 1370 1000 9.80146e-06 1.5343e-05 2.07715e-05 1.9078e-05 1.48175e-06 3.04104e-06
d57fa61eae99099a0d0b6fcbc62523 1712 1000 1.00835e-05 1.5751e-05 2.12891e-05 2.0146e-05 1.53271e-06 3.223e-06
8b5637ce3de927591e92df9ecd33c4 1712 1000 9.92523e-06 1.5029e-05 2.11192e-05 2.0024e-05 1.53096e-06 3.207e-06
751d7273308d52e8d3c579de6840d2 1712 1000 1.00707e-05 1.5752e-05 2.05263e-05 2.0018e-05 1.53329e-06 3.208e-06
c40f502ab80923e2716acb64434106 1712 1000 9.86857e-06 1.5372e-05 2.03838e-05 1.9365e-05 1.53797e-06 3.235e-06
865052b1fc2994dfdafcd23ae26c01 1712 1000 9.90537e-06 1.5337e-05 2.09235e-05 1.93e-05 1.53505e-06 3.202e-06
0b30a017c6d0a46e969550be35baba 1712 1000 1.00607e-05 1.53e-05 2.09054e-05 1.9852e-05 1.54322e-06 3.213e-06
d3574adf24939bf6d010c9f303388d 1712 1000 9.66589e-06 1.5539e-05 2.03762e-05 1.966e-05 1.53505e-06 3.202e-06
05411bb9a2ba8da701face1ba54371 1712 1000 9.941e-06 1.554e-05 2.18078e-05 2.0751e-05 1.53855e-06 3.198e-06
0a178050644ab982507faeda7350a1 2140 1000 1.03374e-05 1.7219e-05 2.20131e-05 2.2484e-05 1.6e-06 3.39339e-06
94dd7f732a6a0e420ce5985f5de5d0 2140 1000 1.05631e-05 1.6873e-05 2.23958e-05 2.3174e-05 1.56542e-06 3.39439e-06
08bb56e955623020f1a83a40a1f0ad 2140 1000 1.02743e-05 1.7298e-05 2.19902e-05 2.264e-05 1.56308e-06 3.38639e-06
07758653c9752f330402a99eef7d95 2140 1000 1.01808e-05 1.6551e-05 2.19855e-05 2.3158e-05 1.55841e-06 3.37738e-06
54a34c2d70e1fb9146f8f6dcd812bd 2140 1000 1.05678e-05 1.7373e-05 2.25551e-05 2.2995e-05 1.56402e-06 3.4004e-06
0325f109c5081ffc9eac9f20c81a56 2140 1000 1.05818e-05 1.7366e-05 2.29299e-05 2.2982e-05 1.56869e-06 3.35936e-06
eb7e660dec731fa5d48f0b4eff30ee 2140 1000 1.02715e-05 1.6931e-05 2.33416e-05 2.3839e-05 1.57009e-06 3.42743e-06
13309316017b3ce28d42db8edad042 2140 1000 1.03407e-05 1.6621e-05 2.24224e-05 2.2116e-05 1.55935e-06 3.35135e-06
685766d2c3670577bb6f994338e7c4 2675 1000 1.13215e-05 1.7936e-05 2.24718e-05 2.2995e-05 1.62991e-06 3.579e-06
5098d4938d57d318c956a8e94d1a63 2675 1000 1.07346e-05 1.8528e-05 2.38759e-05 2.3136e-05 1.62804e-06 3.515e-06
185e0f49570269d5db40f7efab0a82 2675 1000 1.09637e-05 1.7744e-05 2.38583e-05 2.3022e-05 1.63589e-06 3.527e-06
1c6f1130e760b02b83994c8a375be5 2675 1000 1.12467e-05 1.806e-05 2.41836e-05 2.3668e-05 1.63364e-06 3.527e-06
6e38bbd292d4f50f2f31c3ee0008c4 2675 1000 1.10007e-05 1.816e-05 2.41136e-05 2.3366e-05 1.69234e-06 3.53e-06
ad148bdd2cc78d29ae2813cf7d9aee 2675 1000 1.0846e-05 1.7743e-05 2.37813e-05 2.3356e-05 1.6314e-06 3.523e-06
5a44b0ce66f0565a84620c758ca5f3 2675 1000 1.10755e-05 1.8087e-05 2.36931e-05 2.3215e-05 1.63551e-06 3.528e-06
734172df7dfb1cd97fb46db609793e 2675 1000 1.09518e-05 1.8352e-05 2.40508e-05 2.3094e-05 1.6228e-06 3.559e-06
30a301e85eef57e086f772dab4fc62 3343 1000 1.16219e-05 1.9322e-05 2.50365e-05 2.4738e-05 1.73078e-06 3.7017e-06
7f8785addfe2e6064fe01d34c5e61e 3343 1000 1.15905e-05 1.9042e-05 2.50269e-05 2.527e-05 1.69638e-06 3.67467e-06
9850676fbe469596725b6bee0f0fa1 3343 1000 1.10332e-05 1.8211e-05 2.51618e-05 2.4568e-05 1.69309e-06 3.62462e-06
5bb9842e29ec29b7e6554a7e26041a 3343 1000 1.13682e-05 1.8991e-05 2.54272e-05 2.6312e-05 1.70745e-06 3.64064e-06
4ecd35d175267d2a68ae7a8d24b986 3343 1000 1.15058e-05 1.9522e-05 2.56036e-05 2.5562e-05 1.72181e-06 3.65666e-06
31f8a58629d8817b171f91d7494acb 3343 1000 1.13425e-05 1.9676e-05 2.50221e-05 2.562e-05 1.71044e-06 3.65165e-06
185a09daa48269386e0c4c6b8375cf 3343 1000 1.14478e-05 1.9261e-05 2.56351e-05 2.558e-05 1.69758e-06 3.63463e-06
1e5c84631be3c27ca8fd2e3f5de91e 3343 1000 1.14017e-05 1.9763e-05 2.52049e-05 2.4786e-05 1.70894e-06 3.66567e-06
7cc9d871fa7087b8e1f2aed9b455de 4178 1000 1.18583e-05 2.0778e-05 2.68023e-05 2.5912e-05 1.75491e-06 3.8006e-06
323a1c16344da342f270bd8a8c5199 4178 1000 1.18164e-05 2.0997e-05 2.67573e-05 2.6114e-05 1.77549e-06 3.81563e-06
a5ed74e17bd16541cb8b7e7e1b68a3 4178 1000 1.19246e-05 2.0648e-05 2.68346e-05 2.6085e-05 1.764e-06 3.79158e-06
79e06e6c4225c4b230613d04b9f2ff 4178 1000 1.19864e-05 2.043e-05 2.7231e-05 2.6408e-05 1.78124e-06 3.92585e-06
dd5d35f780e37e24912495e05d36d2 4178 1000 1.17784e-05 1.9858e-05 2.68743e-05 2.577e-05 1.7506e-06 3.80962e-06
3edcf4929a4ad49434ec346457e232 4178 1000 1.19607e-05 2.014e-05 2.72276e-05 2.6192e-05 1.78818e-06 3.80561e-06
1731ce13986542569a2356e1cd8700 4178 1000 1.20622e-05 2.0735e-05 2.70876e-05 2.6698e-05 1.75323e-06 3.79058e-06
f88d3c0b484eaf34b58c8884c7bb10 4178 1000 1.19892e-05 2.0301e-05 2.67748e-05 2.6675e-05 1.7707e-06 3.95591e-06
048206575a62ce5ffe7b4c0f5b0600 5222 1000 1.27204e-05 2.2105e-05 2.85691e-05 2.7854e-05 1.83129e-06 3.97e-06
144e71e587461f28bdbd9d2375a3a4 5222 1000 1.25862e-05 2.2135e-05 2.7978e-05 2.689e-05 1.84067e-06 4.218e-06
b54bff70d92f16f48a91051ad54909 5222 1000 1.26574e-05 2.2405e-05 2.84403e-05 2.8046e-05 1.90578e-06 3.989e-06
d85fddddded324b421a6b9a7b107b6 5222 1000 1.27878e-05 2.2059e-05 2.84278e-05 2.7213e-05 1.82018e-06 4.049e-06
b848aafc3494068888776613071522 5222 1000 1.23631e-05 2.3401e-05 2.81909e-05 2.7721e-05 1.81731e-06 4.064e-06
a8eb99dfca5797fa9ee057b28fed73 5222 1000 1.263e-05 2.2646e-05 2.86448e-05 2.8016e-05 1.84795e-06 3.993e-06
26f6b2c9d4155619ee4aff3e1ea44c 5222 1000 1.21679e-05 2.2093e-05 2.7936e-05 2.6768e-05 1.81578e-06 3.932e-06
ea8e5930ff783fc6c312960efddd2c 5222 1000 1.27269e-05 2.3021e-05 2.88432e-05 2.7639e-05 1.84987e-06 4.172e-06
5e755ae8e95cdc0a5a23d90d2b76a4 6527 1000 1.32435e-05 2.3973e-05 3.10683e-05 3.0089e-05 1.96231e-06 4.641e-06
b03ab23077a518cc8e0bf595e4e275 6527 1000 1.31642e-05 2.4255e-05 3.06314e-05 3.0256e-05 1.92661e-06 4.421e-06
8c7b4a3a9ff4857a4848d2901475e3 6527 1000 1.26646e-05 2.3851e-05 2.9469e-05 2.9061e-05 1.90133e-06 4.326e-06
dd93e0255527a453fe00f929b3c327 6527 1000 1.31814e-05 2.3356e-05 2.98201e-05 3.0259e-05 1.91068e-06 4.085e-06
7fa082cd80db179115f2d38d9355da 6527 1000 1.30996e-05 2.425e-05 3.00244e-05 2.9726e-05 1.91895e-06 4.361e-06
288830d611f801324d541a9e51e20f 6527 1000 1.31004e-05 2.4699e-05 2.97467e-05 3.0116e-05 1.96369e-06 4.202e-06
062437764738dfe2eed7bc8d34bdb9 6527 1000 1.34034e-05 2.3926e-05 3.01872e-05 3.0865e-05 1.92508e-06 4.975e-06
6605eee7684f7758cacbbaf7be7b06 6527 1000 1.30461e-05 2.3728e-05 3.00585e-05 2.9643e-05 1.91083e-06 4.319e-06
6e3cdf38d3e6771710147b2f9b1dda 8158 1000 1.39773e-05 2.53e-05 3.16696e-05 3.1958e-05 1.94754e-06 4.544e-06
09a27e8f9f707584db49763b481743 8158 1000 1.37539e-05 2.491e-05 3.21448e-05 3.1757e-05 2.01508e-06 4.21e-06
43b8f7913aa37bb6e067c0dfaa6fcb 8158 1000 1.37987e-05 2.5246e-05 3.15707e-05 3.1726e-05 1.96654e-06 4.236e-06
909bd41646194fef2dbe4cd0f8396a 8158 1000 1.36633e-05 2.4935e-05 3.14458e-05 3.2623e-05 2.01532e-06 4.586e-06
73c857f45f070321325c7ffc3fd50f 8158 1000 1.38125e-05 2.507e-05 3.21019e-05 3.2648e-05 2.00025e-06 4.377e-06
364d21b42d0e490892ac41691159b9 8158 1000 1.378e-05 2.5e-05 3.13351e-05 3.1301e-05 1.97524e-06 4.205e-06
4eaf93a262ca78909e4d756304ac4a 8158 1000 1.33824e-05 2.4681e-05 3.11432e-05 3.0873e-05 1.9734e-06 4.179e-06
f7c37002ebaf65fdabc1f14b8f686e 8158 1000 1.35973e-05 2.5262e-05 3.12653e-05 3.1622e-05 2.02096e-06 4.221e-06
8832acf538295888a7c7ab2b4ca153 10197 1000 1.45399e-05 2.781e-05 3.38307e-05 3.4094e-05 2.0916e-06 4.981e-06
33789ebf9fd52497e91f85475951a5 10197 1000 1.46027e-05 2.7768e-05 3.37454e-05 3.4458e-05 2.05021e-06 4.403e-06
40a4f0dd12243e7e5fc7dd8b87218e 10197 1000 1.44696e-05 2.774e-05 3.38644e-05 3.3875e-05 2.11366e-06 4.811e-06
132989a69b90c153d840e1640d32b0 10197 1000 1.45775e-05 2.7623e-05 3.36868e-05 3.3692e-05 2.09503e-06 4.85e-06
d1333d64c67429568c24b504ae7387 10197 1000 1.44979e-05 2.7182e-05 3.34959e-05 3.4038e-05 2.06561e-06 4.654e-06
c2ab40b05bbeb7f17335160a2b8b8a 10197 1000 1.45181e-05 2.694e-05 3.38529e-05 3.3602e-05 2.06355e-06 4.593e-06
5e1b3c476b3a559024251a0b4ec226 10197 1000 1.4975e-05 2.7596e-05 3.35081e-05 3.3781e-05 2.07522e-06 4.895e-06
f206d2ce415a22feb3e8d40f44f896 10197 1000 1.44044e-05 2.7504e-05 3.36015e-05 3.4226e-05 2.0813e-06 4.41e-06
03dfcb68461b9216823126fbb68120 12746 1000 1.5128e-05 2.7873e-05 3.52749e-05 3.5642e-05 2.13e-06 4.959e-06
bd26407a7dd53d192237d4e46236a4 12746 1000 1.53962e-05 2.8442e-05 3.62824e-05 3.6062e-05 2.19167e-06 5.009e-06
46a2dfda388c9390901f1a7a2aa1e3 12746 1000 1.52246e-05 2.8448e-05 3.56255e-05 3.5179e-05 2.14224e-06 4.638e-06
7ab5c0e0f5eeeffabd02d82b04f4bd 12746 1000 1.50918e-05 2.8474e-05 3.54217e-05 3.4957e-05 2.15236e-06 5.005e-06
c09aa02d8864cd291be5a7a9875ffe 12746 1000 1.50575e-05 2.8444e-05 3.52327e-05 3.4117e-05 2.12639e-06 4.766e-06
32a16bebfd630a1f68dce11e46a889 12746 1000 1.51338e-05 2.7977e-05 3.54792e-05 3.498e-05 2.13094e-06 4.95e-06
3a45b6730b913df08a63c14b5924db 12746 1000 1.5183e-05 2.8282e-05 3.54452e-05 3.4172e-05 2.20728e-06 4.745e-06
1ca29395996b663eeda7c321961d10 12746 1000 1.54734e-05 2.8377e-05 3.57348e-05 3.4317e-05 2.13181e-06 4.491e-06
8a5618885ef64ee93fbd3b06979d3f 15932 1000 1.63007e-05 3.0396e-05 3.72728e-05 3.8375e-05 2.28484e-06 5.109e-06
f2c04e87d405b3c93f56c44e5c746d 15932 1000 1.59312e-05 3.0427e-05 3.68429e-05 3.7828e-05 2.27749e-06 5.178e-06
fa5a1c53ea6e67a98c093f372bd80c 15932 1000 1.63405e-05 3.0378e-05 3.80896e-05 3.835e-05 2.30768e-06 5.16e-06
bc722cd273da8ddb9bb6cc2e91ee08 15932 1000 1.6275e-05 3.0735e-05 3.77718e-05 3.7962e-05 2.32243e-06 5.275e-06
acd185e1d5cf695d871f66d539a145 15932 1000 1.56847e-05 2.9692e-05 3.67032e-05 3.7526e-05 2.32927e-06 5.239e-06
a61928d47a77fc45eaf0f497a74ca6 15932 1000 1.60727e-05 3.0476e-05 3.72664e-05 3.8766e-05 2.29463e-06 4.818e-06
8c202d3853c126d27e6ef5e4dba716 15932 1000 1.60815e-05 3.054e-05 3.75643e-05 3.8789e-05 2.27963e-06 4.706e-06
6484eaf7ae455d51a5e28f3a08401d 15932 1000 1.61251e-05 3.0906e-05 3.7268e-05 3.862e-05 2.27316e-06 5.386e-06
b809a6a6c1bb81966dbdec25914e10 19915 1000 1.68999e-05 3.2237e-05 3.93728e-05 3.507e-05 2.40301e-06 5.208e-06
d31191106f462633e4da75acd2cd0e 19915 1000 1.6773e-05 3.2674e-05 3.91777e-05 3.4475e-05 2.38609e-06 5.518e-06
c35f6970dce8ddf86fc80f9f24cc95 19915 1000 1.70959e-05 3.2945e-05 3.89471e-05 3.5268e-05 2.39402e-06 5.285e-06
67a6094be122c3019b56e8197d4121 19915 1000 1.69011e-05 3.2141e-05 3.89745e-05 3.5655e-05 2.38494e-06 5.059e-06
be21934d3ec6598a24fce8335e19e5 19915 1000 1.71731e-05 3.2457e-05 3.90114e-05 3.5103e-05 2.3407e-06 5.256e-06
10ba92e5b6357eaf9bb33abce14365 19915 1000 1.68292e-05 3.2688e-05 3.88864e-05 3.4716e-05 2.38167e-06 5.171e-06
17fedeb9223ebb15b6b1159b4b8dda 19915 1000 1.73964e-05 3.3437e-05 3.86449e-05 3.482e-05 2.33382e-06 5.299e-06
d2da35a6ac6398b758c93a27d85afd 19915 1000 1.70916e-05 3.3437e-05 3.94575e-05 3.5616e-05 2.36857e-06 5.547e-06
b513e3b7dd55773376ca25e05f5b2d 24893 1000 1.76389e-05 3.3906e-05 4.05609e-05 4.032e-05 2.45326e-06 6.128e-06
0fc02f9e9712a06632fb87a0a085fe 24893 1000 1.78253e-05 3.4114e-05 4.12058e-05 4.0169e-05 2.51456e-06 5.666e-06
e4c934118eb751f24c147feb100f01 24893 1000 1.78224e-05 3.3917e-05 4.11591e-05 4.1029e-05 2.53445e-06 5.904e-06
d178fb4fb022a111d5337b2764bb19 24893 1000 1.78278e-05 3.4727e-05 4.14012e-05 4.0928e-05 2.50179e-06 5.766e-06
e5e7d1dc6a528407dbc9854163b841 24893 1000 1.82316e-05 3.4791e-05 4.04212e-05 4.0831e-05 2.4447e-06 5.845e-06
d47c847d487eaed00e960d6822cc94 24893 1000 1.77958e-05 3.4628e-05 4.06619e-05 4.0945e-05 2.47029e-06 5.821e-06
b3972517548397ce48f0b27251cb5b 24893 1000 1.81208e-05 3.4944e-05 4.13218e-05 4.0712e-05 2.54875e-06 5.82e-06
771999fe072817f056667e3d7028e5 24893 1000 1.80874e-05 3.5103e-05 4.13083e-05 4.0709e-05 2.52256e-06 6.61e-06
e82657ffa9b1d5b073bc3d63303d70 31116 1000 1.89581e-05 3.6159e-05 4.24341e-05 4.3495e-05 2.55508e-06 5.882e-06
a92a2b58beb8d5ac3684abdbd21d1f 31116 1000 1.87696e-05 3.6226e-05 4.2734e-05 4.2755e-05 2.62871e-06 5.828e-06
b7f80b1ff57b7985d76e87c30b7361 31116 1000 1.88404e-05 3.6236e-05 4.28239e-05 4.2401e-05 2.61958e-06 6.217e-06
eab97a74b7e6d30d73a2b7675602b0 31116 1000 1.89326e-05 3.5784e-05 4.28812e-05 4.2707e-05 2.63495e-06 6.544e-06
3a5f5f8194ed178c84e411e573696e 31116 1000 1.89766e-05 3.6479e-05 4.34014e-05 4.3048e-05 2.56215e-06 6.016e-06
a11a1309d7d7bdb59d9d9705d9a1d2 31116 1000 1.86403e-05 3.5589e-05 4.20965e-05 4.1799e-05 2.6353e-06 5.842e-06
9e060e4050e569eb4cf2b51b983f03 31116 1000 1.85575e-05 3.5105e-05 4.1952e-05 4.1464e-05 2.5429e-06 5.792e-06
cc349cbc2ef5f7ab9b231ee3533966 31116 1000 1.91598e-05 3.5716e-05 4.35049e-05 4.3805e-05 2.66583e-06 6.088e-06
f2c3bc64bef0772d206872e49a7e12 38895 1000 1.95329e-05 3.7823e-05 4.43069e-05 4.372e-05 2.81998e-06 6.70771e-06
4cb6b01ccb80a0985dd3c3da88dcde 38895 1000 1.96682e-05 3.8729e-05 4.44992e-05 4.4033e-05 2.83162e-06 6.72773e-06
02d80d9b559fd8656c9b2558d970c5 38895 1000 1.97021e-05 3.825e-05 4.48952e-05 4.4815e-05 2.82201e-06 6.9049e-06
79bbc45dc877057bb4b23ee4c2116c 38895 1000 1.97689e-05 3.8492e-05 4.48776e-05 4.4894e-05 2.85849e-06 6.57457e-06
30fc98bbc018c0de911a68d71f1cb4 38895 1000 1.97646e-05 3.7949e-05 4.44048e-05 4.3652e-05 2.82088e-06 6.24224e-06
2b20695713f5d13135e9b39f430b5e 38895 1000 1.96167e-05 3.7914e-05 4.44383e-05 4.3711e-05 2.7665e-06 6.86687e-06
e124bf3f6b6523517d34dc0d97f4cc 38895 1000 1.94832e-05 3.7965e-05 4.3826e-05 4.3188e-05 2.66204e-06 6.22422e-06
9aa6dcd62fbe84c1feb337db2a33be 38895 1000 1.93655e-05 3.7497e-05 4.4008e-05 4.3291e-05 2.72444e-06 6.57858e-06
f355b7d5cfc37a070f76bb4bb9bfc0 48618 1000 2.03143e-05 3.9629e-05 4.59058e-05 4.4029e-05 2.84572e-06 6.977e-06
17021c63837ea7dc7eff52304f8221 48618 1000 2.03447e-05 3.9962e-05 4.62368e-05 4.469e-05 2.95263e-06 7.046e-06
9aec50c85f27fedc7f2d414cd709f4 48618 1000 2.01702e-05 3.9699e-05 4.5574e-05 4.4126e-05 2.85989e-06 6.856e-06
10bb5de9fbcb2d723b98968b0aed04 48618 1000 2.08155e-05 4.0156e-05 4.632e-05 4.5103e-05 2.92474e-06 7.282e-06
596a1055becd2e1cbed213a78a7f19 48618 1000 2.03651e-05 4.0765e-05 4.61405e-05 4.4786e-05 2.92591e-06 7.069e-06
162ebcc363ad20f83df3a1033be735 48618 1000 2.08868e-05 4.1621e-05 4.64556e-05 4.4528e-05 2.96707e-06 7.262e-06
7059b218b6b1e9673569b5250694d2 48618 1000 2.05231e-05 4.0298e-05 4.70609e-05 4.4792e-05 2.89952e-06 7.084e-06
98c9c8a1f81ba15b8e7c0878f314b9 48618 1000 2.04039e-05 4.0865e-05 4.63574e-05 4.5549e-05 2.95866e-06 6.969e-06
adb4f9797c78ccf8b8f6a034ad72b8 60772 1000 2.12412e-05 4.3131e-05 4.8151e-05 4.3486e-05 3.0839e-06 7.263e-06
913b37add9e7b47b9a43c91077782a 60772 1000 2.132e-05 4.2793e-05 4.80911e-05 4.4332e-05 3.13412e-06 7.493e-06
73d1e16a596aa59a1b16b902bba042 60772 1000 2.14299e-05 4.231e-05 4.89313e-05 4.4584e-05 3.16978e-06 8.155e-06
c982914691cf158f683b793acf7f89 60772 1000 2.14126e-05 4.2363e-05 4.90709e-05 4.4052e-05 3.19073e-06 7.453e-06
d006dc61efb9a9d7b5b129ed99a8b7 60772 1000 2.15855e-05 4.4106e-05 4.85762e-05 4.4114e-05 3.12348e-06 7.529e-06
7a14155a9838f20244f9a13481d448 60772 1000 2.15e-05 4.2733e-05 4.86968e-05 4.4327e-05 3.14176e-06 7.54e-06
e8ad51829d60479b0130f548b9519f 60772 1000 2.19826e-05 4.334e-05 4.90784e-05 4.507e-05 3.12968e-06 7.753e-06
18e6bb6f1aec6d157bf4bc178abd96 60772 1000 2.14239e-05 4.3239e-05 4.81583e-05 4.3546e-05 3.07997e-06 7.349e-06
3873b7f0a3a18b8225a48b8e8a51f2 75965 1000 2.20742e-05 4.4424e-05 5.03557e-05 4.8874e-05 3.23936e-06 7.583e-06
9840983060aab4ee675fdeba895dc1 75965 1000 2.26689e-05 4.4181e-05 5.12083e-05 4.9286e-05 3.39042e-06 7.625e-06
3d77bdfcfdf4217c3cef7395899a7e 75965 1000 2.29407e-05 4.5467e-05 5.04863e-05 4.8382e-05 3.42077e-06 8.137e-06
95671fa0992b143889f4d47c48907c 75965 1000 2.25964e-05 4.4476e-05 5.0067e-05 4.7506e-05 3.31002e-06 7.743e-06
a5da5993cf2ee65dacf57f0eaf7fe5 75965 1000 2.27009e-05 4.4753e-05 4.99655e-05 4.7345e-05 3.28297e-06 7.601e-06
c3fd7046f12b4d384c39403a2e09ac 75965 1000 2.23802e-05 4.3958e-05 5.06942e-05 4.8089e-05 3.34845e-06 7.877e-06
60f38dda5a63fb0e78851d7ff4c385 75965 1000 2.22287e-05 4.3876e-05 5.09215e-05 4.7842e-05 3.31282e-06 7.589e-06
ba7593703598cf6fe30786cec5be04 75965 1000 2.28955e-05 4.5442e-05 5.0943e-05 4.835e-05 3.37541e-06 7.98e-06
2547d3e537aada17285ad00836077e 94956 1000 2.37313e-05 4.7824e-05 5.33817e-05 5.1124e-05 3.52532e-06 8.228e-06
f6d04b366cf5a9868689325a26ae27 94956 1000 2.36417e-05 4.798e-05 5.30768e-05 5.0055e-05 3.4983e-06 8.259e-06
41696ee8914cd81f5179749106d0e7 94956 1000 2.35566e-05 4.7618e-05 5.29894e-05 5.0547e-05 3.45061e-06 8.214e-06
4af0ee74224a8ff6968328db17f84e 94956 1000 2.36379e-05 4.7366e-05 5.33454e-05 5.0348e-05 3.53208e-06 8.265e-06
c692e8b3927109a7780cace6bf94ea 94956 1000 2.64457e-05 5.3375e-05 6.01273e-05 6.0661e-05 3.57221e-06 8.406e-06
79442ef473953ec89d90375c1372dc 94956 1000 2.64668e-05 5.0276e-05 5.63741e-05 5.5252e-05 3.57928e-06 7.871e-06
e48d57fa334b8c84e154b6a06c68ed 94956 1000 2.41127e-05 4.7096e-05 5.34477e-05 5.024e-05 3.51828e-06 8.397e-06
55162205fd6d1e8f4e325cd1734918 94956 1000 2.45595e-05 4.8984e-05 5.50758e-05 5.2201e-05 3.69018e-06 8.86e-06
a8b8078c79029b37c46c2e3debcc3a 118695 1000 2.50491e-05 4.9601e-05 5.56069e-05 5.2506e-05 3.77678e-06 9.008e-06
4d01efe9dfa45a09916abe0bbeb317 118695 1000 2.50893e-05 4.9022e-05 5.50589e-05 5.2673e-05 3.72485e-06 8.521e-06
7074de12629da16d1e57d570898896 118695 1000 2.51114e-05 4.8614e-05 5.51297e-05 5.4618e-05 3.78046e-06 8.672e-06
c8afdfab56ae48778607e01d14b74c 118695 1000 2.49716e-05 4.884e-05 5.55346e-05 5.3174e-05 3.7428e-06 8.839e-06
9a2e62bf09643b8bba2572c3f89ed1 118695 1000 2.5328e-05 4.927e-05 5.53675e-05 5.2536e-05 3.76159e-06 8.573e-06
9d9b9b79e500b46bbf5cade9a72ecc 118695 1000 2.47835e-05 4.8334e-05 5.49652e-05 5.3112e-05 3.70316e-06 8.481e-06
849a0e376aa2d1dd5b6b2f6b73c579 118695 1000 2.54393e-05 5.0164e-05 5.71841e-05 5.3801e-05 3.91395e-06 8.783e-06
33e11b697bfbd28727b319b75facca 118695 1000 2.55325e-05 5.0071e-05 5.74171e-05 5.4583e-05 3.97055e-06 9.132e-06
09960f01932a5970ad0eba38fac0ca 148368 1000 2.6558e-05 5.3921e-05 6.0194e-05 5.756e-05 4.13448e-06 9.604e-06
d71a4955a6123ced47ebc190836181 148368 1000 2.65483e-05 5.5068e-05 5.89035e-05 5.8239e-05 4.06367e-06 9.546e-06
dc672a58c74389247495c29fa5bf04 148368 1000 2.66719e-05 5.2644e-05 5.94585e-05 5.8049e-05 4.0723e-06 9.345e-06
500b5ad81f43525ce31bb0daf12048 148368 1000 2.63713e-05 5.2849e-05 5.87711e-05 5.6547e-05 4.06049e-06 9.631e-06
20e648422cc041dc56bfd82bea60b8 148368 1000 2.60578e-05 5.1686e-05 5.78271e-05 5.5494e-05 3.91924e-06 9.243e-06
894320eae44472d2346674c221db52 148368 1000 2.58629e-05 5.2397e-05 5.84976e-05 5.645e-05 4.00552e-06 9.767e-06
f4dde88930e46ee9bc8e8ffdd1ffab 148368 1000 2.54273e-05 5.0158e-05 5.66876e-05 5.5041e-05 3.85602e-06 9.139e-06
d471d55813c65379790bd005ad080c 148368 1000 2.54539e-05 5.1096e-05 5.6864e-05 5.5919e-05 3.86436e-06 8.898e-06
37d38dd5c69dd6f71fe6addea0a5f6 185460 1000 2.62893e-05 5.3225e-05 5.91442e-05 5.9683e-05 4.10944e-06 9.23e-06
382059a6ffcb3d7f2e8e231aa9044c 185460 1000 2.62213e-05 5.3125e-05 5.86794e-05 5.9042e-05 4.09572e-06 9.387e-06
378f2eed69744d6d625fee9d74b664 185460 1000 2.71187e-05 5.5209e-05 6.0045e-05 6.0058e-05 4.18877e-06 9.465e-06
384cee8070b95a73e39c1961ef591a 185460 1000 2.66679e-05 5.3621e-05 6.01145e-05 6.0527e-05 4.21966e-06 9.839e-06
126012c2dca1643cad74d8437fa887 185460 1000 2.67544e-05 5.4281e-05 5.97332e-05 6.0513e-05 4.14811e-06 9.228e-06
d32c82b93ca9bdfd2f8fd85ce368fd 185460 1000 2.67942e-05 5.4963e-05 6.01816e-05 6.0125e-05 4.19742e-06 9.455e-06
147aa59cb4af1dbc5ea92df7260d60 185460 1000 2.6729e-05 5.4765e-05 5.92765e-05 5.9265e-05 4.14811e-06 9.434e-06
2d63463bd49438621249aa56d4b476 185460 1000 2.67753e-05 5.4213e-05 5.94181e-05 6.0185e-05 4.1607e-06 9.214e-06
fe243c18594ccace9103bb545056e4 231825 1000 2.75359e-05 5.5681e-05 6.16733e-05 5.6947e-05 4.36695e-06 9.83e-06
d286f1eecea227eecd354585adca67 231825 1000 2.77636e-05 5.6271e-05 6.14728e-05 5.7249e-05 4.35227e-06 9.893e-06
da526cda3b02414b97f3a94a0b1940 231825 1000 2.79782e-05 5.6201e-05 6.23631e-05 5.8014e-05 4.43359e-06 1.0216e-05
066193c169f168b011c08fcef9dd11 231825 1000 2.74576e-05 5.5818e-05 6.18456e-05 5.8123e-05 4.29889e-06 9.661e-06
e99c69b143b6d75550a86f4e1f49a8 231825 1000 2.77535e-05 5.7275e-05 6.17871e-05 5.7194e-05 4.29703e-06 9.683e-06
e5c08982c65e4593aa3fb3dd343645 231825 1000 2.7778e-05 5.6487e-05 6.14167e-05 5.6879e-05 4.31433e-06 9.667e-06
ee13ad906adf9305f06d0751222510 231825 1000 2.75663e-05 5.5747e-05 6.14049e-05 5.795e-05 4.35469e-06 9.823e-06
90dfd316681b73c25cd031b7a003a3 231825 1000 2.83025e-05 5.663e-05 6.28464e-05 5.7857e-05 4.3426e-06 9.688e-06
6dff302acd79b0fe3f205e5495a56e 289781 1000 2.86486e-05 5.919e-05 6.46138e-05 6.0281e-05 4.6237e-06 1.0192e-05
3c7038a1e3b9d0989251b0b07a4f97 289781 1000 2.93173e-05 6.0844e-05 6.42104e-05 5.9696e-05 4.56582e-06 1.0197e-05
e3cffd33b52ab80eaa1ea820905d72 289781 1000 2.8804e-05 5.9143e-05 6.39929e-05 5.965e-05 4.54179e-06 1.0287e-05
87248788378148898407ae24c98fcc 289781 1000 2.88157e-05 5.9322e-05 6.48151e-05 5.9686e-05 4.60534e-06 1.0381e-05
2121d86ed47ad4780e08dff74f968e 289781 1000 2.88878e-05 5.9682e-05 6.40179e-05 5.9775e-05 4.53236e-06 1.016e-05
1abad8dfeb2565095595efea1e2a74 289781 1000 2.98637e-05 6.126e-05 6.44645e-05 5.9318e-05 4.60403e-06 1.0197e-05
cdc67df243b465ace9726f1d8e56e2 289781 1000 2.88802e-05 5.8603e-05 6.55834e-05 6.2113e-05 4.62303e-06 1.0348e-05
503bb8ebd8b11d655b45eb9b0cde66 289781 1000 2.8845e-05 5.9099e-05 6.4106e-05 5.9293e-05 4.56146e-06 1.0482e-05
