ee2136f72041f0fd023762a0c394ff 450 1000 7.88667e-06 7.873e-06 1.86578e-05 1.6201e-05 1.22222e-06 1.644e-06
8d72944486fe1ba9309903820d4637 450 1000 8e-06 7.939e-06 1.73133e-05 1.5315e-05 1.22889e-06 1.651e-06
8087c9f9072dd5404b5b85fe11370c 450 1000 7.84667e-06 7.757e-06 1.74489e-05 1.4427e-05 1.22e-06 1.645e-06
c7fa1850ae1132852e48672d75dadb 450 1000 7.82e-06 7.727e-06 1.71444e-05 1.4428e-05 1.22e-06 1.648e-06
a279d06968b9547cd2999122d31813 450 1000 7.80889e-06 7.816e-06 1.73867e-05 1.4312e-05 1.22222e-06 1.644e-06
f2523194ca7438ef91d8d492cf8b1b 450 1000 7.88667e-06 7.736e-06 1.75667e-05 1.4758e-05 1.22e-06 1.644e-06
4f824801f2a83a85ec45f9adc68837 450 1000 7.97556e-06 7.769e-06 1.69289e-05 1.4099e-05 1.22667e-06 1.645e-06
98e5bff051186c9a9d0b9a2d62473d 450 1000 7.84889e-06 8.158e-06 1.736e-05 1.4307e-05 1.22667e-06 1.646e-06
fdce53b5e274245bc843e7294f608e 562 1000 8.40569e-06 8.937e-06 1.77313e-05 1.6081e-05 1.28648e-06 1.77355e-06
84a60d9080d43ef9f88e42711b4eb0 562 1000 8.35943e-06 8.426e-06 1.78772e-05 1.6247e-05 1.28292e-06 1.77355e-06
aaf7c8ecf4842a758dce0815ab5498 562 1000 8.23665e-06 8.374e-06 1.77758e-05 1.6538e-05 1.28292e-06 1.77455e-06
0574d1310fbbd5e94435dc7fccbbe7 562 1000 8.20285e-06 8.458e-06 1.77313e-05 1.598e-05 1.28292e-06 1.76854e-06
efb9e8b14a97a95f6a04567a20f9e6 562 1000 8.19573e-06 8.398e-06 1.79306e-05 1.6116e-05 1.2847e-06 1.77756e-06
e250a4aa5a158422f738320b02af21 562 1000 8.33274e-06 8.443e-06 1.7726e-05 1.6192e-05 1.2847e-06 1.76954e-06
39414a2911970cb264beb461e648c2 562 1000 8.17082e-06 8.321e-06 1.79253e-05 1.695e-05 1.28292e-06 1.77154e-06
12114e94e06c6cac09b9d860192c7e 562 1000 8.17438e-06 8.52e-06 1.82722e-05 1.7601e-05 1.29004e-06 1.77355e-06
d5bbe8f94f7d8c2d90d6b154797aa1 702 1000 8.38034e-06 9.559e-06 1.85328e-05 1.7373e-05 1.31481e-06 1.93594e-06
5d06ff88706d36a6f41b0146d0fd30 702 1000 8.37607e-06 9.491e-06 1.83632e-05 1.7542e-05 1.31339e-06 1.94795e-06
4ca04c5a8551a25f30251c87006404 702 1000 8.35897e-06 9.359e-06 1.7963e-05 1.6941e-05 1.31624e-06 1.93994e-06
db69601bff01e37d6de5a83a6c692e 702 1000 8.44729e-06 9.604e-06 1.84031e-05 1.7587e-05 1.31339e-06 1.94194e-06
e0cb70d8a0a0756b69dc01fc911745 702 1000 8.38462e-06 9.643e-06 1.85655e-05 1.6758e-05 1.30912e-06 1.93994e-06
f252b29dd55b57e443e17a74a3f087 702 1000 8.65242e-06 9.51e-06 1.8349e-05 1.7004e-05 1.30769e-06 1.94194e-06
4f4fc6625b2746019a5cc5fb91e5c2 702 1000 8.48006e-06 9.382e-06 1.77179e-05 1.7285e-05 1.31481e-06 1.94394e-06
a380aefca6be2816b47d383e7cc2ba 702 1000 8.35755e-06 9.55e-06 1.77336e-05 1.7767e-05 1.31766e-06 1.93794e-06
3786f987e76c278bbbb12ada2fb267 877 1000 8.89282e-06 1.0317e-05 1.98141e-05 2.0997e-05 1.36032e-06 2.055e-06
40ccaa7dd391824b619e14bb709bf0 877 1000 9.08894e-06 1.0203e-05 1.86066e-05 2.0109e-05 1.37058e-06 2.061e-06
31e505e9d157fa53b054d467067785 877 1000 8.80046e-06 1.0262e-05 1.90479e-05 2.012e-05 1.37058e-06 2.055e-06
6c2aafa551b9743667888bbdf007dd 877 1000 9.06499e-06 1.0582e-05 1.89806e-05 1.9818e-05 1.37628e-06 2.057e-06
81dc87cbd1e0718136d48ec79af1da 877 1000 9.0171e-06 1.0185e-05 1.87298e-05 2.0022e-05 1.36944e-06 2.052e-06
582e9be122d54de8e6699c89531817 877 1000 9.08552e-06 1.0638e-05 1.89133e-05 2.0109e-05 1.374e-06 2.116e-06
0025e6dcbe8cbbde7daba03f3d4339 877 1000 8.88255e-06 1.0282e-05 1.90365e-05 2.081e-05 1.36602e-06 2.053e-06
b5b2fc6d7b65487e8831d7ca84f6e6 877 1000 9.25884e-06 1.034e-05 1.87811e-05 1.9748e-05 1.36488e-06 2.058e-06
56fd1a36041bbd7ee2c6a6b9e3b307 1096 1000 9.16423e-06 1.1211e-05 1.90137e-05 2.185e-05 1.43157e-06 2.281e-06
59e121edabd8f7d132072ef366ff89 1096 1000 9.2646e-06 1.1188e-05 1.92026e-05 2.1317e-05 1.43157e-06 2.281e-06
e83a36b2558b8c97652d2cff2d91b2 1096 1000 9.31752e-06 1.1391e-05 1.94489e-05 2.1692e-05 1.43522e-06 2.279e-06
bd44593f91fcdfd93b139781a886a7 1096 1000 9.4115e-06 1.1253e-05 1.99051e-05 2.1121e-05 1.43066e-06 2.278e-06
026b8d1a367107da288d902de891b9 1096 1000 9.20712e-06 1.1287e-05 1.8771e-05 2.184e-05 1.42792e-06 2.272e-06
98bbec3e5e40dd0b08e73e6c9148ef 1096 1000 9.02737e-06 1.1245e-05 1.90109e-05 2.2333e-05 1.43339e-06 2.282e-06
d23bde76667dc457ee5baca71f1cc4 1096 1000 9.18431e-06 1.148e-05 1.8698e-05 2.0798e-05 1.43339e-06 2.285e-06
2c8ba04ffa49e254296b3f04d19cda 1096 1000 9.01004e-06 1.1204e-05 1.87628e-05 2.1685e-05 1.43066e-06 2.276e-06
4b210f3fee897749e9b8c4f7224e60 1370 1000 9.71387e-06 1.2523e-05 1.95015e-05 2.3055e-05 1.49124e-06 2.54e-06
90e8672da95be6d5617a567dd3206e 1370 1000 9.5708e-06 1.2665e-05 1.97255e-05 2.2874e-05 1.47664e-06 2.527e-06
6ea3a63e33b3587dd46af64a37b87b 1370 1000 9.48613e-06 1.2276e-05 1.94701e-05 2.3251e-05 1.48832e-06 2.534e-06
c43549c9e4680eb9918627ffb0aa60 1370 1000 9.45474e-06 1.2504e-05 2.04978e-05 2.467e-05 1.47883e-06 2.533e-06
f980b5e6dd70a61ed5d181263db6f3 1370 1000 9.84015e-06 1.3024e-05 1.98029e-05 2.2874e-05 1.48029e-06 2.528e-06
11cc3306e6547f9cb21e0bc9af7916 1370 1000 9.50876e-06 1.2209e-05 2.01533e-05 2.3377e-05 1.47956e-06 2.542e-06
336f0607fd640a0724aa2c7cdeb4c4 1370 1000 9.51533e-06 1.2461e-05 2.03847e-05 2.3857e-05 1.48175e-06 2.541e-06
6feb6d63af92d58449dc36613f8199 1370 1000 9.51387e-06 1.2451e-05 2.03781e-05 2.3835e-05 1.48978e-06 2.711e-06
d57fa61eae99099a0d0b6fcbc62523 1712 1000 9.9153e-06 1.3193e-05 2.11244e-05 2.6152e-05 1.53329e-06 2.553e-06
8b5637ce3de927591e92df9ecd33c4 1712 1000 1.00105e-05 1.2711e-05 2.1566e-05 2.4776e-05 1.53446e-06 2.595e-06
751d7273308d52e8d3c579de6840d2 1712 1000 1.00076e-05 1.3407e-05 2.0771e-05 2.48e-05 1.53505e-06 2.552e-06
c40f502ab80923e2716acb64434106 1712 1000 1.00134e-05 1.2692e-05 2.12553e-05 2.5377e-05 1.53329e-06 2.569e-06
865052b1fc2994dfdafcd23ae26c01 1712 1000 9.89603e-06 1.2668e-05 2.10076e-05 2.5117e-05 1.53154e-06 2.545e-06
0b30a017c6d0a46e969550be35baba 1712 1000 9.91063e-06 1.2893e-05 2.13931e-05 2.6772e-05 1.53621e-06 2.569e-06
d3574adf24939bf6d010c9f303388d 1712 1000 9.87325e-06 1.3223e-05 2.1316e-05 2.6924e-05 1.54147e-06 2.547e-06
05411bb9a2ba8da701face1ba54371 1712 1000 1.01133e-05 1.3438e-05 2.12664e-05 2.5958e-05 1.53388e-06 2.548e-06
0a178050644ab982507faeda7350a1 2140 1000 1.04336e-05 1.4669e-05 2.28481e-05 2.8172e-05 1.55935e-06 2.81081e-06
94dd7f732a6a0e420ce5985f5de5d0 2140 1000 1.05925e-05 1.4338e-05 2.24051e-05 2.8631e-05 1.56542e-06 2.83784e-06
08bb56e955623020f1a83a40a1f0ad 2140 1000 1.0286e-05 1.4982e-05 2.31864e-05 3.1573e-05 1.56636e-06 2.80681e-06
07758653c9752f330402a99eef7d95 2140 1000 1.06075e-05 1.4252e-05 2.20757e-05 2.883e-05 1.56121e-06 2.80581e-06
54a34c2d70e1fb9146f8f6dcd812bd 2140 1000 1.05322e-05 1.4451e-05 2.24995e-05 2.8447e-05 1.56682e-06 2.80581e-06
0325f109c5081ffc9eac9f20c81a56 2140 1000 1.03939e-05 1.4115e-05 2.27037e-05 2.8971e-05 1.61121e-06 2.81882e-06
eb7e660dec731fa5d48f0b4eff30ee 2140 1000 1.05477e-05 1.4554e-05 2.22252e-05 2.8183e-05 1.56168e-06 2.81582e-06
13309316017b3ce28d42db8edad042 2140 1000 1.03977e-05 1.4482e-05 2.20056e-05 2.8367e-05 1.55935e-06 2.80681e-06
685766d2c3670577bb6f994338e7c4 2675 1000 1.10265e-05 1.5106e-05 2.38307e-05 3.0727e-05 1.62393e-06 2.928e-06
5098d4938d57d318c956a8e94d1a63 2675 1000 1.09346e-05 1.4543e-05 2.34464e-05 3.0707e-05 1.64299e-06 2.987e-06
185e0f49570269d5db40f7efab0a82 2675 1000 1.10131e-05 1.6869e-05 2.31907e-05 2.9886e-05 1.63664e-06 2.921e-06
1c6f1130e760b02b83994c8a375be5 2675 1000 1.08052e-05 1.5008e-05 2.32991e-05 3.0178e-05 1.63028e-06 2.926e-06
6e38bbd292d4f50f2f31c3ee0008c4 2675 1000 1.09077e-05 1.5739e-05 2.39555e-05 3.1399e-05 1.64299e-06 3.049e-06
ad148bdd2cc78d29ae2813cf7d9aee 2675 1000 1.08049e-05 1.5167e-05 2.32086e-05 3.0141e-05 1.62692e-06 2.973e-06
5a44b0ce66f0565a84620c758ca5f3 2675 1000 1.08624e-05 1.5278e-05 2.36628e-05 2.981e-05 1.6228e-06 2.922e-06
734172df7dfb1cd97fb46db609793e 2675 1000 1.09271e-05 1.5322e-05 2.25854e-05 3.0304e-05 1.6314e-06 2.981e-06
30a301e85eef57e086f772dab4fc62 3343 1000 1.13096e-05 1.7577e-05 2.50972e-05 3.3006e-05 1.69937e-06 3.192e-06
7f8785addfe2e6064fe01d34c5e61e 3343 1000 1.13009e-05 1.6306e-05 2.5015e-05 3.3175e-05 1.71582e-06 3.12e-06
9850676fbe469596725b6bee0f0fa1 3343 1000 1.10431e-05 1.6846e-05 2.46422e-05 3.2746e-05 1.68771e-06 3.095e-06
5bb9842e29ec29b7e6554a7e26041a 3343 1000 1.11657e-05 1.6424e-05 2.42034e-05 3.2431e-05 1.68561e-06 3.208e-06
4ecd35d175267d2a68ae7a8d24b986 3343 1000 1.13416e-05 1.6217e-05 2.54014e-05 3.2493e-05 1.69459e-06 3.095e-06
31f8a58629d8817b171f91d7494acb 3343 1000 1.16512e-05 1.7708e-05 2.48561e-05 3.2785e-05 1.68232e-06 3.094e-06
185a09daa48269386e0c4c6b8375cf 3343 1000 1.16988e-05 1.6428e-05 2.4449e-05 3.2476e-05 1.68232e-06 3.094e-06
1e5c84631be3c27ca8fd2e3f5de91e 3343 1000 1.10449e-05 1.5837e-05 2.45923e-05 3.242e-05 1.69189e-06 3.106e-06
7cc9d871fa7087b8e1f2aed9b455de 4178 1000 1.16891e-05 1.7074e-05 2.73511e-05 3.4592e-05 1.79631e-06 3.25752e-06
323a1c16344da342f270bd8a8c5199 4178 1000 1.18571e-05 1.7308e-05 2.67413e-05 3.5062e-05 1.7482e-06 3.49198e-06
a5ed74e17bd16541cb8b7e7e1b68a3 4178 1000 1.2068e-05 1.87e-05 2.73583e-05 3.5559e-05 1.79536e-06 3.28958e-06
79e06e6c4225c4b230613d04b9f2ff 4178 1000 1.19208e-05 1.852e-05 2.70567e-05 3.5385e-05 1.75754e-06 3.64128e-06
dd5d35f780e37e24912495e05d36d2 4178 1000 1.16659e-05 1.7311e-05 2.57099e-05 3.4591e-05 1.85974e-06 3.26954e-06
3edcf4929a4ad49434ec346457e232 4178 1000 1.1512e-05 1.8301e-05 2.60929e-05 3.4586e-05 1.76161e-06 3.2495e-06
1731ce13986542569a2356e1cd8700 4178 1000 1.20598e-05 1.7341e-05 2.64169e-05 3.5009e-05 1.76161e-06 3.26854e-06
f88d3c0b484eaf34b58c8884c7bb10 4178 1000 1.18131e-05 1.7839e-05 2.71561e-05 3.4517e-05 1.76352e-06 3.26754e-06
048206575a62ce5ffe7b4c0f5b0600 5222 1000 1.27827e-05 1.9088e-05 2.88286e-05 3.8261e-05 1.89391e-06 3.585e-06
144e71e587461f28bdbd9d2375a3a4 5222 1000 1.27717e-05 1.8449e-05 2.89738e-05 3.851e-05 1.83206e-06 3.393e-06
b54bff70d92f16f48a91051ad54909 5222 1000 1.23562e-05 1.892e-05 2.81984e-05 3.7993e-05 1.83761e-06 3.302e-06
d85fddddded324b421a6b9a7b107b6 5222 1000 1.23947e-05 1.8371e-05 2.79437e-05 3.7473e-05 1.81195e-06 3.451e-06
b848aafc3494068888776613071522 5222 1000 1.263e-05 1.8552e-05 2.78074e-05 3.6979e-05 1.85848e-06 3.533e-06
a8eb99dfca5797fa9ee057b28fed73 5222 1000 1.22083e-05 1.8666e-05 2.89247e-05 3.7829e-05 1.81291e-06 3.466e-06
26f6b2c9d4155619ee4aff3e1ea44c 5222 1000 1.22966e-05 1.8549e-05 2.84282e-05 3.7267e-05 1.82459e-06 3.388e-06
ea8e5930ff783fc6c312960efddd2c 5222 1000 1.26157e-05 1.8655e-05 2.86971e-05 3.8012e-05 1.81559e-06 3.291e-06
5e755ae8e95cdc0a5a23d90d2b76a4 6527 1000 1.31618e-05 2.0826e-05 3.00081e-05 4.2337e-05 1.88877e-06 3.517e-06
b03ab23077a518cc8e0bf595e4e275 6527 1000 1.33387e-05 2.1019e-05 3.00165e-05 4.256e-05 1.93964e-06 3.523e-06
8c7b4a3a9ff4857a4848d2901475e3 6527 1000 1.30095e-05 2.0985e-05 3.00222e-05 4.292e-05 1.8782e-06 3.51e-06
dd93e0255527a453fe00f929b3c327 6527 1000 1.30938e-05 2.0525e-05 3.06138e-05 4.2344e-05 1.8949e-06 3.549e-06
7fa082cd80db179115f2d38d9355da 6527 1000 1.37166e-05 2.1186e-05 3.13247e-05 4.422e-05 1.91374e-06 3.56e-06
288830d611f801324d541a9e51e20f 6527 1000 1.2985e-05 2.055e-05 3.01713e-05 4.2356e-05 1.90869e-06 3.658e-06
062437764738dfe2eed7bc8d34bdb9 6527 1000 1.29885e-05 2.0481e-05 3.04275e-05 4.3148e-05 1.90715e-06 3.723e-06
6605eee7684f7758cacbbaf7be7b06 6527 1000 1.30423e-05 2.0476e-05 3.03829e-05 4.1816e-05 1.92922e-06 3.543e-06
6e3cdf38d3e6771710147b2f9b1dda 8158 1000 1.3985e-05 2.3058e-05 3.20682e-05 4.2647e-05 1.9951e-06 3.744e-06
09a27e8f9f707584db49763b481743 8158 1000 1.35674e-05 2.2308e-05 3.18577e-05 4.2516e-05 1.98039e-06 4.017e-06
43b8f7913aa37bb6e067c0dfaa6fcb 8158 1000 1.37344e-05 2.2208e-05 3.19781e-05 4.3502e-05 2.03187e-06 3.99e-06
909bd41646194fef2dbe4cd0f8396a 8158 1000 1.3805e-05 2.362e-05 3.17796e-05 4.4326e-05 2.01312e-06 4.181e-06
73c857f45f070321325c7ffc3fd50f 8158 1000 1.38829e-05 2.2863e-05 3.18253e-05 4.2941e-05 1.96936e-06 3.926e-06
364d21b42d0e490892ac41691159b9 8158 1000 1.3608e-05 2.2427e-05 3.22547e-05 4.2409e-05 1.97291e-06 3.93e-06
4eaf93a262ca78909e4d756304ac4a 8158 1000 1.37265e-05 2.2601e-05 3.15949e-05 4.221e-05 1.97597e-06 3.692e-06
f7c37002ebaf65fdabc1f14b8f686e 8158 1000 1.36392e-05 2.2016e-05 3.17731e-05 4.2081e-05 2.00674e-06 3.841e-06
8832acf538295888a7c7ab2b4ca153 10197 1000 1.45343e-05 2.4532e-05 3.43504e-05 4.4958e-05 2.09777e-06 3.973e-06
33789ebf9fd52497e91f85475951a5 10197 1000 1.4527e-05 2.4344e-05 3.4235e-05 4.5629e-05 2.0762e-06 3.918e-06
40a4f0dd12243e7e5fc7dd8b87218e 10197 1000 1.4587e-05 2.3838e-05 3.32665e-05 4.5365e-05 2.04423e-06 4.32e-06
132989a69b90c153d840e1640d32b0 10197 1000 1.47384e-05 2.4812e-05 3.39785e-05 4.5297e-05 2.06404e-06 4.12e-06
d1333d64c67429568c24b504ae7387 10197 1000 1.43898e-05 2.4103e-05 3.34791e-05 4.5365e-05 2.06796e-06 3.966e-06
c2ab40b05bbeb7f17335160a2b8b8a 10197 1000 1.45207e-05 2.4692e-05 3.41557e-05 4.4844e-05 2.06061e-06 3.844e-06
5e1b3c476b3a559024251a0b4ec226 10197 1000 1.44239e-05 2.4619e-05 3.33259e-05 4.6038e-05 2.03874e-06 3.855e-06
f206d2ce415a22feb3e8d40f44f896 10197 1000 1.45678e-05 2.4567e-05 3.34343e-05 4.4339e-05 2.05904e-06 3.838e-06
03dfcb68461b9216823126fbb68120 12746 1000 1.53443e-05 2.56e-05 3.56695e-05 4.7229e-05 2.19371e-06 4.521e-06
bd26407a7dd53d192237d4e46236a4 12746 1000 1.53409e-05 2.5484e-05 3.56234e-05 4.7906e-05 2.12396e-06 4.535e-06
46a2dfda388c9390901f1a7a2aa1e3 12746 1000 1.54823e-05 2.5297e-05 3.55271e-05 5.0179e-05 2.16774e-06 4.371e-06
7ab5c0e0f5eeeffabd02d82b04f4bd 12746 1000 1.54979e-05 2.5993e-05 3.55247e-05 4.6746e-05 2.12435e-06 4.058e-06
c09aa02d8864cd291be5a7a9875ffe 12746 1000 1.54014e-05 2.5989e-05 3.53029e-05 4.7075e-05 2.18406e-06 4.439e-06
32a16bebfd630a1f68dce11e46a889 12746 1000 1.52289e-05 2.5973e-05 3.56298e-05 4.718e-05 2.20587e-06 4.719e-06
3a45b6730b913df08a63c14b5924db 12746 1000 1.5163e-05 2.5296e-05 3.55299e-05 4.8331e-05 2.20854e-06 4.68e-06
1ca29395996b663eeda7c321961d10 12746 1000 1.59591e-05 2.6558e-05 3.5722e-05 4.8058e-05 2.12961e-06 4.162e-06
8a5618885ef64ee93fbd3b06979d3f 15932 1000 1.60803e-05 2.7635e-05 3.73939e-05 5.1323e-05 2.32143e-06 4.284e-06
f2c04e87d405b3c93f56c44e5c746d 15932 1000 1.62749e-05 2.7605e-05 3.75225e-05 5.2111e-05 2.27065e-06 4.821e-06
fa5a1c53ea6e67a98c093f372bd80c 15932 1000 1.61036e-05 2.8023e-05 3.68495e-05 5.0357e-05 2.23588e-06 4.244e-06
bc722cd273da8ddb9bb6cc2e91ee08 15932 1000 1.61816e-05 2.7966e-05 3.78273e-05 5.1335e-05 2.30153e-06 4.702e-06
acd185e1d5cf695d871f66d539a145 15932 1000 1.61892e-05 2.7949e-05 3.73485e-05 5.1168e-05 2.27504e-06 4.224e-06
a61928d47a77fc45eaf0f497a74ca6 15932 1000 1.62028e-05 2.7788e-05 3.70752e-05 5.0534e-05 2.3041e-06 4.412e-06
8c202d3853c126d27e6ef5e4dba716 15932 1000 1.61826e-05 2.8351e-05 3.7845e-05 5.0557e-05 2.32319e-06 4.777e-06
6484eaf7ae455d51a5e28f3a08401d 15932 1000 1.60728e-05 2.7538e-05 3.7168e-05 5.0783e-05 2.31879e-06 4.843e-06
b809a6a6c1bb81966dbdec25914e10 19915 1000 1.69382e-05 2.8731e-05 3.89645e-05 4.9354e-05 2.31825e-06 4.569e-06
d31191106f462633e4da75acd2cd0e 19915 1000 1.68772e-05 2.9178e-05 3.90722e-05 5.0526e-05 2.31655e-06 4.449e-06
c35f6970dce8ddf86fc80f9f24cc95 19915 1000 1.67542e-05 2.8532e-05 3.88026e-05 4.9562e-05 2.35054e-06 4.916e-06
67a6094be122c3019b56e8197d4121 19915 1000 1.68522e-05 2.8241e-05 3.8973e-05 4.9244e-05 2.42611e-06 4.944e-06
be21934d3ec6598a24fce8335e19e5 19915 1000 1.67589e-05 2.9187e-05 3.90513e-05 5.0049e-05 2.4584e-06 4.787e-06
10ba92e5b6357eaf9bb33abce14365 19915 1000 1.68415e-05 2.8927e-05 3.8783e-05 4.9726e-05 2.34984e-06 4.821e-06
17fedeb9223ebb15b6b1159b4b8dda 19915 1000 1.67161e-05 2.8523e-05 3.87899e-05 4.9886e-05 2.37083e-06 4.532e-06
d2da35a6ac6398b758c93a27d85afd 19915 1000 1.66985e-05 2.8814e-05 3.88209e-05 4.979e-05 2.37595e-06 4.507e-06
b513e3b7dd55773376ca25e05f5b2d 24893 1000 1.76724e-05 2.9724e-05 4.07058e-05 5.5641e-05 2.48524e-06 5.074e-06
0fc02f9e9712a06632fb87a0a085fe 24893 1000 1.76179e-05 2.9842e-05 4.07325e-05 5.5298e-05 2.58595e-06 5.208e-06
e4c934118eb751f24c147feb100f01 24893 1000 1.76587e-05 2.9864e-05 4.07204e-05 5.5719e-05 2.46808e-06 4.95e-06
d178fb4fb022a111d5337b2764bb19 24893 1000 1.77095e-05 2.973e-05 4.0441e-05 5.4878e-05 2.41755e-06 4.812e-06
e5e7d1dc6a528407dbc9854163b841 24893 1000 1.75833e-05 3.013e-05 4.04704e-05 5.5739e-05 2.48741e-06 5.275e-06
d47c847d487eaed00e960d6822cc94 24893 1000 1.77261e-05 3.0167e-05 4.07824e-05 5.5695e-05 2.44153e-06 4.807e-06
b3972517548397ce48f0b27251cb5b 24893 1000 1.77428e-05 2.9916e-05 4.05896e-05 5.5128e-05 2.48283e-06 5.282e-06
771999fe072817f056667e3d7028e5 24893 1000 1.76771e-05 3.0421e-05 4.06385e-05 5.637e-05 2.51099e-06 4.804e-06
e82657ffa9b1d5b073bc3d63303d70 31116 1000 1.86444e-05 3.1826e-05 4.23686e-05 5.5987e-05 2.517e-06 5.599e-06
a92a2b58beb8d5ac3684abdbd21d1f 31116 1000 1.9617e-05 3.2054e-05 4.2499e-05 5.6719e-05 2.64468e-06 5.611e-06
b7f80b1ff57b7985d76e87c30b7361 31116 1000 1.8751e-05 3.1904e-05 4.26361e-05 5.6132e-05 2.63954e-06 5.204e-06
eab97a74b7e6d30d73a2b7675602b0 31116 1000 1.86532e-05 3.2237e-05 4.26388e-05 5.5923e-05 2.66586e-06 5.307e-06
3a5f5f8194ed178c84e411e573696e 31116 1000 1.86852e-05 3.2389e-05 4.29555e-05 5.6175e-05 2.63074e-06 5.552e-06
a11a1309d7d7bdb59d9d9705d9a1d2 31116 1000 1.87506e-05 3.2149e-05 4.21659e-05 5.6407e-05 2.53956e-06 5.461e-06
9e060e4050e569eb4cf2b51b983f03 31116 1000 1.87942e-05 3.2385e-05 4.27493e-05 5.6331e-05 2.59738e-06 5.213e-06
cc349cbc2ef5f7ab9b231ee3533966 31116 1000 1.90026e-05 3.2495e-05 4.24475e-05 5.6211e-05 2.5879e-06 5.195e-06
f2c3bc64bef0772d206872e49a7e12 38895 1000 1.93623e-05 3.398e-05 4.4273e-05 5.8173e-05 2.83468e-06 5.76577e-06
4cb6b01ccb80a0985dd3c3da88dcde 38895 1000 1.98362e-05 3.5342e-05 4.48364e-05 5.8669e-05 2.86821e-06 6.57558e-06
02d80d9b559fd8656c9b2558d970c5 38895 1000 1.94179e-05 3.3627e-05 4.42976e-05 5.8122e-05 2.76323e-06 6.12412e-06
79bbc45dc877057bb4b23ee4c2116c 38895 1000 1.99966e-05 3.4483e-05 4.4515e-05 5.9605e-05 2.81622e-06 6.09109e-06
30fc98bbc018c0de911a68d71f1cb4 38895 1000 1.96969e-05 3.4532e-05 4.4582e-05 5.807e-05 2.82545e-06 6.12613e-06
2b20695713f5d13135e9b39f430b5e 38895 1000 1.96141e-05 3.4288e-05 4.46227e-05 5.871e-05 2.79242e-06 6.16216e-06
e124bf3f6b6523517d34dc0d97f4cc 38895 1000 1.96655e-05 3.4324e-05 4.41678e-05 5.7023e-05 2.75673e-06 5.76677e-06
9aa6dcd62fbe84c1feb337db2a33be 38895 1000 1.95685e-05 3.4434e-05 4.41019e-05 5.7444e-05 2.72403e-06 5.77978e-06
f355b7d5cfc37a070f76bb4bb9bfc0 48618 1000 2.03144e-05 3.6193e-05 4.66168e-05 6.0004e-05 2.93046e-06 6.454e-06
17021c63837ea7dc7eff52304f8221 48618 1000 2.06172e-05 3.7227e-05 4.57794e-05 5.9328e-05 2.85748e-06 6.462e-06
9aec50c85f27fedc7f2d414cd709f4 48618 1000 2.06271e-05 3.6196e-05 4.69278e-05 5.9416e-05 2.95769e-06 6.453e-06
10bb5de9fbcb2d723b98968b0aed04 48618 1000 2.05862e-05 3.7249e-05 4.70695e-05 5.8423e-05 2.92783e-06 6.382e-06
596a1055becd2e1cbed213a78a7f19 48618 1000 2.05333e-05 3.7402e-05 4.69337e-05 6.2392e-05 3.02775e-06 6.284e-06
162ebcc363ad20f83df3a1033be735 48618 1000 2.07975e-05 3.6133e-05 4.62572e-05 5.9946e-05 2.9102e-06 6.467e-06
7059b218b6b1e9673569b5250694d2 48618 1000 2.05164e-05 3.6344e-05 4.65791e-05 5.8319e-05 2.9356e-06 6.733e-06
98c9c8a1f81ba15b8e7c0878f314b9 48618 1000 2.04968e-05 3.6455e-05 4.6404e-05 5.859e-05 2.91676e-06 6.519e-06
adb4f9797c78ccf8b8f6a034ad72b8 60772 1000 2.15396e-05 3.8053e-05 4.84622e-05 6.246e-05 3.05282e-06 6.571e-06
913b37add9e7b47b9a43c91077782a 60772 1000 2.12862e-05 3.7459e-05 4.80734e-05 6.1855e-05 3.06663e-06 6.506e-06
73d1e16a596aa59a1b16b902bba042 60772 1000 2.14454e-05 3.7575e-05 4.83403e-05 6.2246e-05 3.06011e-06 6.802e-06
c982914691cf158f683b793acf7f89 60772 1000 2.13884e-05 3.8327e-05 4.81396e-05 6.2242e-05 3.09582e-06 6.484e-06
d006dc61efb9a9d7b5b129ed99a8b7 60772 1000 2.13711e-05 3.834e-05 4.80552e-05 6.1804e-05 3.07913e-06 7.004e-06
7a14155a9838f20244f9a13481d448 60772 1000 2.13244e-05 3.814e-05 4.79883e-05 6.1456e-05 3.12715e-06 6.788e-06
e8ad51829d60479b0130f548b9519f 60772 1000 2.13088e-05 3.8062e-05 4.82824e-05 6.0987e-05 3.10674e-06 6.496e-06
18e6bb6f1aec6d157bf4bc178abd96 60772 1000 2.16334e-05 3.8716e-05 4.80481e-05 6.1132e-05 3.0787e-06 6.489e-06
3873b7f0a3a18b8225a48b8e8a51f2 75965 1000 2.25928e-05 4.0324e-05 5.07864e-05 6.6714e-05 3.33643e-06 6.902e-06
9840983060aab4ee675fdeba895dc1 75965 1000 2.24179e-05 3.9951e-05 5.06919e-05 6.4755e-05 3.29477e-06 6.901e-06
3d77bdfcfdf4217c3cef7395899a7e 75965 1000 2.2383e-05 4.0452e-05 5.02942e-05 6.468e-05 3.3924e-06 7.205e-06
95671fa0992b143889f4d47c48907c 75965 1000 2.25064e-05 3.9533e-05 5.0499e-05 6.4769e-05 3.3098e-06 6.911e-06
a5da5993cf2ee65dacf57f0eaf7fe5 75965 1000 2.21405e-05 3.9723e-05 4.98677e-05 6.4423e-05 3.28905e-06 6.891e-06
c3fd7046f12b4d384c39403a2e09ac 75965 1000 2.2724e-05 3.9816e-05 5.11918e-05 6.5521e-05 3.32909e-06 6.947e-06
60f38dda5a63fb0e78851d7ff4c385 75965 1000 2.27078e-05 4.0627e-05 5.03187e-05 6.4988e-05 3.22681e-06 6.914e-06
ba7593703598cf6fe30786cec5be04 75965 1000 2.26755e-05 3.9966e-05 5.05282e-05 6.6521e-05 3.36181e-06 7.117e-06
2547d3e537aada17285ad00836077e 94956 1000 2.33055e-05 4.2377e-05 5.28188e-05 6.7031e-05 3.59609e-06 7.366e-06
f6d04b366cf5a9868689325a26ae27 94956 1000 2.3464e-05 4.2512e-05 5.27998e-05 6.7944e-05 3.57636e-06 7.627e-06
41696ee8914cd81f5179749106d0e7 94956 1000 2.3431e-05 4.2492e-05 5.2242e-05 6.675e-05 3.45907e-06 7.738e-06
4af0ee74224a8ff6968328db17f84e 94956 1000 2.32158e-05 4.1985e-05 5.21498e-05 6.6822e-05 3.47732e-06 7.874e-06
c692e8b3927109a7780cace6bf94ea 94956 1000 2.37498e-05 4.2378e-05 5.26088e-05 6.8919e-05 3.46158e-06 7.566e-06
79442ef473953ec89d90375c1372dc 94956 1000 2.34094e-05 4.1481e-05 5.24155e-05 6.7379e-05 3.52205e-06 7.643e-06
e48d57fa334b8c84e154b6a06c68ed 94956 1000 2.33325e-05 4.208e-05 5.32551e-05 6.78e-05 3.50795e-06 7.808e-06
55162205fd6d1e8f4e325cd1734918 94956 1000 2.35994e-05 4.2186e-05 5.32928e-05 6.9131e-05 3.59478e-06 7.598e-06
a8b8078c79029b37c46c2e3debcc3a 118695 1000 2.45434e-05 4.3648e-05 5.55101e-05 7.361e-05 3.75038e-06 8.369e-06
4d01efe9dfa45a09916abe0bbeb317 118695 1000 2.46655e-05 4.4087e-05 5.56542e-05 7.2442e-05 3.79961e-06 8.088e-06
7074de12629da16d1e57d570898896 118695 1000 2.4612e-05 4.3766e-05 5.53393e-05 7.3129e-05 3.7328e-06 7.756e-06
c8afdfab56ae48778607e01d14b74c 118695 1000 2.45304e-05 4.3115e-05 5.48257e-05 7.138e-05 3.68389e-06 7.979e-06
9a2e62bf09643b8bba2572c3f89ed1 118695 1000 2.41867e-05 4.3481e-05 5.5228e-05 7.1584e-05 3.6787e-06 7.771e-06
9d9b9b79e500b46bbf5cade9a72ecc 118695 1000 2.50087e-05 4.3224e-05 5.43114e-05 7.0739e-05 3.6418e-06 7.758e-06
849a0e376aa2d1dd5b6b2f6b73c579 118695 1000 2.47505e-05 4.3383e-05 5.58942e-05 7.2767e-05 3.79051e-06 7.963e-06
33e11b697bfbd28727b319b75facca 118695 1000 2.49142e-05 4.4952e-05 5.55524e-05 7.3359e-05 3.79405e-06 7.772e-06
09960f01932a5970ad0eba38fac0ca 148368 1000 2.54879e-05 4.5617e-05 5.70237e-05 7.5037e-05 3.9003e-06 8.343e-06
d71a4955a6123ced47ebc190836181 148368 1000 2.5926e-05 4.7324e-05 5.73233e-05 7.5153e-05 3.89047e-06 8.424e-06
dc672a58c74389247495c29fa5bf04 148368 1000 2.54403e-05 4.6335e-05 5.73396e-05 7.6019e-05 3.92037e-06 8.404e-06
500b5ad81f43525ce31bb0daf12048 148368 1000 2.51704e-05 4.5848e-05 5.66911e-05 7.4467e-05 3.86265e-06 8.193e-06
20e648422cc041dc56bfd82bea60b8 148368 1000 2.52251e-05 4.6382e-05 5.67442e-05 7.4656e-05 3.88289e-06 8.268e-06
894320eae44472d2346674c221db52 148368 1000 2.60701e-05 4.6671e-05 5.73936e-05 7.4916e-05 3.93828e-06 9.451e-06
f4dde88930e46ee9bc8e8ffdd1ffab 148368 1000 2.60929e-05 4.5823e-05 5.75337e-05 7.49e-05 3.87474e-06 8.228e-06
d471d55813c65379790bd005ad080c 148368 1000 2.55995e-05 4.703e-05 5.87069e-05 7.7034e-05 3.9941e-06 8.426e-06
37d38dd5c69dd6f71fe6addea0a5f6 185460 1000 2.70306e-05 4.7572e-05 6.11564e-05 8.1187e-05 4.26295e-06 8.931e-06
382059a6ffcb3d7f2e8e231aa9044c 185460 1000 2.66458e-05 4.7972e-05 6.00969e-05 7.8843e-05 4.18243e-06 8.502e-06
378f2eed69744d6d625fee9d74b664 185460 1000 2.73178e-05 4.874e-05 6.09869e-05 8.3615e-05 4.33577e-06 8.483e-06
384cee8070b95a73e39c1961ef591a 185460 1000 2.69536e-05 4.8146e-05 6.14819e-05 8.2996e-05 4.26987e-06 9.004e-06
126012c2dca1643cad74d8437fa887 185460 1000 2.74115e-05 4.8569e-05 6.04788e-05 8.1689e-05 4.25512e-06 8.802e-06
d32c82b93ca9bdfd2f8fd85ce368fd 185460 1000 2.67807e-05 4.7749e-05 6.00785e-05 8.219e-05 4.19064e-06 8.495e-06
147aa59cb4af1dbc5ea92df7260d60 185460 1000 2.7196e-05 4.8879e-05 6.11831e-05 8.1708e-05 4.16847e-06 8.693e-06
2d63463bd49438621249aa56d4b476 185460 1000 2.68042e-05 4.8531e-05 6.0473e-05 7.9403e-05 4.18303e-06 8.634e-06
fe243c18594ccace9103bb545056e4 231825 1000 2.83443e-05 5.0654e-05 6.34612e-05 8.1541e-05 4.4473e-06 8.973e-06
d286f1eecea227eecd354585adca67 231825 1000 2.83206e-05 5.1224e-05 6.31677e-05 7.9058e-05 4.37776e-06 8.855e-06
da526cda3b02414b97f3a94a0b1940 231825 1000 2.84112e-05 5.1873e-05 6.33758e-05 7.9999e-05 4.41025e-06 8.698e-06
066193c169f168b011c08fcef9dd11 231825 1000 2.82474e-05 5.0072e-05 6.39989e-05 8.052e-05 4.48486e-06 8.919e-06
e99c69b143b6d75550a86f4e1f49a8 231825 1000 2.83491e-05 5.1228e-05 6.36053e-05 8.0989e-05 4.43286e-06 8.746e-06
e5c08982c65e4593aa3fb3dd343645 231825 1000 2.83561e-05 5.1826e-05 6.31228e-05 8.1332e-05 4.387e-06 9.22e-06
ee13ad906adf9305f06d0751222510 231825 1000 2.82538e-05 5.1402e-05 6.355e-05 8.0094e-05 4.46094e-06 8.736e-06
90dfd316681b73c25cd031b7a003a3 231825 1000 2.84132e-05 5.0655e-05 6.28653e-05 7.8835e-05 4.40603e-06 8.728e-06
6dff302acd79b0fe3f205e5495a56e 289781 1000 2.93983e-05 5.3317e-05 6.52964e-05 8.3457e-05 4.67424e-06 9.299e-06
3c7038a1e3b9d0989251b0b07a4f97 289781 1000 2.94033e-05 5.3153e-05 6.59391e-05 8.5243e-05 4.77176e-06 1.0186e-05
e3cffd33b52ab80eaa1ea820905d72 289781 1000 2.91782e-05 5.3067e-05 6.43428e-05 8.0243e-05 4.54944e-06 9.306e-06
87248788378148898407ae24c98fcc 289781 1000 2.9224e-05 5.3944e-05 6.53253e-05 8.2231e-05 4.65676e-06 9.664e-06
2121d86ed47ad4780e08dff74f968e 289781 1000 2.87913e-05 5.3447e-05 6.40256e-05 7.9707e-05 4.53592e-06 9.316e-06
1abad8dfeb2565095595efea1e2a74 289781 1000 2.8972e-05 5.3473e-05 6.42179e-05 8.1024e-05 4.56725e-06 9.547e-06
cdc67df243b465ace9726f1d8e56e2 289781 1000 2.92369e-05 5.3607e-05 6.45976e-05 8.1357e-05 4.574e-06 9.515e-06
503bb8ebd8b11d655b45eb9b0cde66 289781 1000 2.92112e-05 5.4292e-05 6.47661e-05 8.1635e-05 4.58876e-06 9.33e-06
