ee2136f72041f0fd023762a0c394ff 10 500 3.6e-06 4.2e-07 9e-06 1.02e-06 5e-07 5.9322e-08
8d72944486fe1ba9309903820d4637 10 500 4e-06 6.12e-07 9.4e-06 1.064e-06 5e-07 5.72034e-08
8087c9f9072dd5404b5b85fe11370c 10 500 4.2e-06 6.84e-07 9.8e-06 1.14e-06 4e-07 4.02542e-08
c7fa1850ae1132852e48672d75dadb 10 500 3.9e-06 1.086e-06 1.02e-05 1.01e-06 5e-07 5.72034e-08
a279d06968b9547cd2999122d31813 10 500 4.1e-06 6.1e-07 1.05e-05 1.05e-06 5e-07 5.72034e-08
f2523194ca7438ef91d8d492cf8b1b 10 500 3.9e-06 5.82e-07 7e-06 7.62e-07 4e-07 4.02542e-08
4f824801f2a83a85ec45f9adc68837 10 500 3.8e-06 5.86e-07 7.5e-06 7.36e-07 4e-07 4.02542e-08
98e5bff051186c9a9d0b9a2d62473d 10 500 3.8e-06 5.8e-07 9.8e-06 1.018e-06 5e-07 5.9322e-08
fdce53b5e274245bc843e7294f608e 12 500 4.41667e-06 5.96e-07 9.91667e-06 7.26e-07 4.16667e-07 4.375e-08
84a60d9080d43ef9f88e42711b4eb0 12 500 4.41667e-06 5.94e-07 1.90833e-05 9.24e-07 4.16667e-07 4.375e-08
aaf7c8ecf4842a758dce0815ab5498 12 500 3.08333e-06 4.2e-07 1.03333e-05 1.004e-06 5e-07 6.66667e-08
0574d1310fbbd5e94435dc7fccbbe7 12 500 3.16667e-06 4.18e-07 9.08333e-06 9.12e-07 4.16667e-07 5.41667e-08
efb9e8b14a97a95f6a04567a20f9e6 12 500 4.41667e-06 5.98e-07 9.91667e-06 8.62e-07 3.33333e-07 4.375e-08
e250a4aa5a158422f738320b02af21 12 500 4.41667e-06 5.9e-07 9.83333e-06 9.58e-07 5e-07 6.04167e-08
39414a2911970cb264beb461e648c2 12 500 3.66667e-06 4.72e-07 6.91667e-06 6.7e-07 3.33333e-07 4.375e-08
12114e94e06c6cac09b9d860192c7e 12 500 6.16667e-06 7.32e-07 1.025e-05 9.7e-07 4.16667e-07 4.375e-08
d5bbe8f94f7d8c2d90d6b154797aa1 15 500 5.6e-06 7.36e-07 1.18667e-05 1.292e-06 6.66667e-07 7.45342e-08
5d06ff88706d36a6f41b0146d0fd30 15 500 3.73333e-06 5.14e-07 8.93333e-06 1.222e-06 4.66667e-07 5.38302e-08
4ca04c5a8551a25f30251c87006404 15 500 5.46667e-06 7.5e-07 1.18e-05 1.196e-06 6.66667e-07 7.45342e-08
db69601bff01e37d6de5a83a6c692e 15 500 3.73333e-06 5.08e-07 8.26667e-06 8.38e-07 4.66667e-07 5.38302e-08
e0cb70d8a0a0756b69dc01fc911745 15 500 5.33333e-06 7.02e-07 8.66667e-06 8.5e-07 4.66667e-07 5.17598e-08
f252b29dd55b57e443e17a74a3f087 15 500 5.33333e-06 7.18e-07 1.23333e-05 1.246e-06 6e-07 7.45342e-08
4f4fc6625b2746019a5cc5fb91e5c2 15 500 5.8e-06 8.26e-07 8.26667e-06 1.13e-06 4.66667e-07 5.17598e-08
a380aefca6be2816b47d383e7cc2ba 15 500 5.33333e-06 7.4e-07 1.12667e-05 1.13e-06 4.66667e-07 5.17598e-08
3786f987e76c278bbbb12ada2fb267 18 500 3.83333e-06 4.38e-07 9.11111e-06 8.78e-07 4.44444e-07 5.13347e-08
40ccaa7dd391824b619e14bb709bf0 18 500 5.66667e-06 6.52e-07 1.12778e-05 1.028e-06 5e-07 4.92813e-08
31e505e9d157fa53b054d467067785 18 500 3.83333e-06 4.6e-07 1.29444e-05 1.024e-06 4.44444e-07 5.13347e-08
6c2aafa551b9743667888bbdf007dd 18 500 5.05556e-06 9.02e-07 1.35556e-05 1.098e-06 4.44444e-07 4.92813e-08
81dc87cbd1e0718136d48ec79af1da 18 500 8.61111e-06 9.04e-07 9.44444e-06 7.8e-07 5e-07 5.13347e-08
582e9be122d54de8e6699c89531817 18 500 5.72222e-06 1.056e-06 9.38889e-06 7.6e-07 4.44444e-07 5.13347e-08
0025e6dcbe8cbbde7daba03f3d4339 18 500 4.33333e-06 4.4e-07 1.16111e-05 7.76e-07 4.44444e-07 5.13347e-08
b5b2fc6d7b65487e8831d7ca84f6e6 18 500 4.05556e-06 6.06e-07 1.05e-05 8.92e-07 4.44444e-07 5.13347e-08
56fd1a36041bbd7ee2c6a6b9e3b307 22 500 1.02273e-05 8.96e-07 9.81818e-06 1.018e-06 5e-07 6.68016e-08
59e121edabd8f7d132072ef366ff89 22 500 4.31818e-06 5.84e-07 9.63636e-06 1.024e-06 5e-07 6.68016e-08
e83a36b2558b8c97652d2cff2d91b2 22 500 6.09091e-06 8.26e-07 1.00909e-05 1.328e-06 5e-07 6.68016e-08
bd44593f91fcdfd93b139781a886a7 22 500 6.54545e-06 8.88e-07 1.02273e-05 1.074e-06 5e-07 6.68016e-08
026b8d1a367107da288d902de891b9 22 500 5.59091e-06 7.58e-07 1.45909e-05 1.152e-06 5e-07 6.68016e-08
98bbec3e5e40dd0b08e73e6c9148ef 22 500 6.5e-06 1.028e-06 9.90909e-06 1.094e-06 5e-07 6.88259e-08
d23bde76667dc457ee5baca71f1cc4 22 500 6.72727e-06 1.092e-06 1.45455e-05 1.516e-06 7.27273e-07 8.90688e-08
2c8ba04ffa49e254296b3f04d19cda 22 500 4.36364e-06 1.036e-06 1.06364e-05 1.084e-06 5e-07 6.68016e-08
4b210f3fee897749e9b8c4f7224e60 27 500 7.37037e-06 9.08e-07 1.24444e-05 1.14e-06 5.55556e-07 7.07071e-08
90e8672da95be6d5617a567dd3206e 27 500 4.74074e-06 6e-07 1.32593e-05 1.152e-06 5.55556e-07 7.07071e-08
6ea3a63e33b3587dd46af64a37b87b 27 500 5.44444e-06 1.044e-06 1.5e-05 1.194e-06 5.55556e-07 7.27273e-08
c43549c9e4680eb9918627ffb0aa60 27 500 4.7037e-06 6.02e-07 2.71111e-05 1.25e-06 5.55556e-07 7.07071e-08
f980b5e6dd70a61ed5d181263db6f3 27 500 9.51852e-06 8.12e-07 1.27778e-05 1.188e-06 6.66667e-07 9.09091e-08
11cc3306e6547f9cb21e0bc9af7916 27 500 8.62963e-06 8.62e-07 1.34815e-05 1.138e-06 5.55556e-07 6.86869e-08
336f0607fd640a0724aa2c7cdeb4c4 27 500 6.2963e-06 6.14e-07 1.38519e-05 1.434e-06 5.55556e-07 6.86869e-08
6feb6d63af92d58449dc36613f8199 27 500 5.66667e-06 7.54e-07 1.34074e-05 1.188e-06 5.92593e-07 8.08081e-08
d57fa61eae99099a0d0b6fcbc62523 33 500 5.15152e-06 8.98e-07 1.42727e-05 1.688e-06 8.18182e-07 1e-07
8b5637ce3de927591e92df9ecd33c4 33 500 7.15152e-06 9.2e-07 1.59697e-05 1.838e-06 7.87879e-07 1e-07
751d7273308d52e8d3c579de6840d2 33 500 8.90909e-06 8.5e-07 1.3697e-05 1.846e-06 7.87879e-07 9.79592e-08
c40f502ab80923e2716acb64434106 33 500 8.78788e-06 8.24e-07 1.37576e-05 1.606e-06 7.87879e-07 9.79592e-08
865052b1fc2994dfdafcd23ae26c01 33 500 5.06061e-06 8.54e-07 1.40606e-05 1.904e-06 7.87879e-07 1.02041e-07
0b30a017c6d0a46e969550be35baba 33 500 6e-06 7.28e-07 1.36364e-05 1.606e-06 7.57576e-07 9.59184e-08
d3574adf24939bf6d010c9f303388d 33 500 7.12121e-06 1.054e-06 1.36061e-05 1.614e-06 7.87879e-07 9.79592e-08
05411bb9a2ba8da701face1ba54371 33 500 1.01515e-05 1.046e-06 1.41818e-05 1.748e-06 8.18182e-07 9.79592e-08
0a178050644ab982507faeda7350a1 41 500 8.09756e-06 1.496e-06 2.20732e-05 3.216e-06 9.26829e-07 1.73737e-07
94dd7f732a6a0e420ce5985f5de5d0 41 500 7.97561e-06 1.396e-06 1.59756e-05 2.334e-06 9.02439e-07 1.59596e-07
08bb56e955623020f1a83a40a1f0ad 41 500 7.97561e-06 1.578e-06 1.80244e-05 2.336e-06 9.02439e-07 1.59596e-07
07758653c9752f330402a99eef7d95 41 500 5.85366e-06 1.108e-06 1.6e-05 2.364e-06 9.02439e-07 1.57576e-07
54a34c2d70e1fb9146f8f6dcd812bd 41 500 1.13415e-05 1.364e-06 1.6122e-05 2.334e-06 9.02439e-07 1.59596e-07
0325f109c5081ffc9eac9f20c81a56 41 500 5.78049e-06 1.086e-06 1.66098e-05 2.382e-06 9.02439e-07 1.59596e-07
eb7e660dec731fa5d48f0b4eff30ee 41 500 9.19512e-06 1.566e-06 1.61951e-05 2.382e-06 9.02439e-07 1.63636e-07
13309316017b3ce28d42db8edad042 41 500 6.41463e-06 1.18e-06 1.59024e-05 2.544e-06 9.26829e-07 1.59596e-07
685766d2c3670577bb6f994338e7c4 51 500 6.41176e-06 1.286e-06 1.64314e-05 2.252e-06 1.07843e-06 1.91147e-07
5098d4938d57d318c956a8e94d1a63 51 500 9.03922e-06 1.294e-06 1.63725e-05 2.096e-06 1.07843e-06 1.71026e-07
185e0f49570269d5db40f7efab0a82 51 500 9.07843e-06 1.614e-06 1.63529e-05 2.076e-06 1.05882e-06 1.73038e-07
1c6f1130e760b02b83994c8a375be5 51 500 6.43137e-06 1.148e-06 1.62157e-05 2.086e-06 1.05882e-06 1.73038e-07
6e38bbd292d4f50f2f31c3ee0008c4 51 500 6.68627e-06 1.306e-06 1.62941e-05 2.364e-06 1.07843e-06 1.73038e-07
ad148bdd2cc78d29ae2813cf7d9aee 51 500 6.64706e-06 1.322e-06 1.63529e-05 2.072e-06 1.09804e-06 1.71026e-07
5a44b0ce66f0565a84620c758ca5f3 51 500 6.47059e-06 1.15e-06 1.62745e-05 2.088e-06 1.07843e-06 1.77062e-07
734172df7dfb1cd97fb46db609793e 51 500 6.37255e-06 1.136e-06 1.63922e-05 2.078e-06 1.05882e-06 1.71026e-07
30a301e85eef57e086f772dab4fc62 63 500 1.02222e-05 1.884e-06 1.73175e-05 2.616e-06 1.1746e-06 2.14141e-07
7f8785addfe2e6064fe01d34c5e61e 63 500 1.0254e-05 1.88e-06 1.71429e-05 2.612e-06 1.15873e-06 2.14141e-07
9850676fbe469596725b6bee0f0fa1 63 500 7.49206e-06 1.284e-06 1.65238e-05 2.518e-06 1.11111e-06 2.0202e-07
5bb9842e29ec29b7e6554a7e26041a 63 500 6.77778e-06 1.256e-06 1.82222e-05 3.044e-06 1.11111e-06 2e-07
4ecd35d175267d2a68ae7a8d24b986 63 500 6.68254e-06 1.212e-06 1.53333e-05 2.534e-06 1.07937e-06 1.9798e-07
31f8a58629d8817b171f91d7494acb 63 500 6.79365e-06 1.464e-06 1.67619e-05 2.76e-06 1.06349e-06 1.87879e-07
185a09daa48269386e0c4c6b8375cf 63 500 5.98413e-06 1.11e-06 1.74127e-05 2.242e-06 9.84127e-07 1.79798e-07
1e5c84631be3c27ca8fd2e3f5de91e 63 500 5.93651e-06 1.172e-06 1.49841e-05 2.17e-06 9.36508e-07 1.71717e-07
7cc9d871fa7087b8e1f2aed9b455de 78 500 7.30769e-06 1.328e-06 1.32821e-05 2.628e-06 1.01282e-06 2.20884e-07
323a1c16344da342f270bd8a8c5199 78 500 5.85897e-06 1.4e-06 1.44103e-05 3.308e-06 9.87179e-07 2.08835e-07
a5ed74e17bd16541cb8b7e7e1b68a3 78 500 6.03846e-06 1.156e-06 1.33718e-05 2.406e-06 9.23077e-07 2.02811e-07
79e06e6c4225c4b230613d04b9f2ff 78 500 5.30769e-06 1.17e-06 1.34231e-05 2.362e-06 8.97436e-07 1.92771e-07
dd5d35f780e37e24912495e05d36d2 78 500 5.11538e-06 1.09e-06 1.15256e-05 2.37e-06 8.71795e-07 1.84739e-07
3edcf4929a4ad49434ec346457e232 78 500 5.14103e-06 1.138e-06 1.45769e-05 2.656e-06 8.46154e-07 1.78715e-07
1731ce13986542569a2356e1cd8700 78 500 4.88462e-06 1.004e-06 1.23077e-05 2.398e-06 8.07692e-07 1.72691e-07
f88d3c0b484eaf34b58c8884c7bb10 78 500 4.87179e-06 1.028e-06 1.06538e-05 2.268e-06 8.20513e-07 1.78715e-07
048206575a62ce5ffe7b4c0f5b0600 97 500 5.23711e-06 1.474e-06 1.26907e-05 3.036e-06 8.76289e-07 3.35341e-07
144e71e587461f28bdbd9d2375a3a4 97 500 5.7732e-06 1.94e-06 1.28866e-05 2.562e-06 8.5567e-07 2.51004e-07
b54bff70d92f16f48a91051ad54909 97 500 6.85567e-06 1.372e-06 1.26495e-05 2.536e-06 8.96907e-07 3.19277e-07
d85fddddded324b421a6b9a7b107b6 97 500 5.2268e-06 1.33e-06 1.42784e-05 3.282e-06 8.65979e-07 2.53012e-07
b848aafc3494068888776613071522 97 500 5.18557e-06 1.332e-06 1.19072e-05 2.6e-06 8.76289e-07 2.51004e-07
a8eb99dfca5797fa9ee057b28fed73 97 500 5.23711e-06 1.518e-06 1.26907e-05 2.596e-06 8.5567e-07 2.48996e-07
26f6b2c9d4155619ee4aff3e1ea44c 97 500 5.24742e-06 1.332e-06 1.1866e-05 3.062e-06 8.65979e-07 2.51004e-07
ea8e5930ff783fc6c312960efddd2c 97 500 5.18557e-06 1.334e-06 1.23608e-05 2.56e-06 8.5567e-07 2.51004e-07
5e755ae8e95cdc0a5a23d90d2b76a4 121 500 6.01653e-06 2.142e-06 1.46033e-05 4.354e-06 1.1405e-06 4.85887e-07
b03ab23077a518cc8e0bf595e4e275 121 500 5.54545e-06 2.246e-06 1.46612e-05 5.188e-06 9.09091e-07 4.17339e-07
8c7b4a3a9ff4857a4848d2901475e3 121 500 5.57025e-06 2.106e-06 1.35702e-05 4.588e-06 8.92562e-07 4.15323e-07
dd93e0255527a453fe00f929b3c327 121 500 5.52066e-06 2.048e-06 1.63388e-05 5.594e-06 9.00826e-07 4.19355e-07
7fa082cd80db179115f2d38d9355da 121 500 5.55372e-06 2.034e-06 1.36612e-05 4.652e-06 9.00826e-07 4.21371e-07
288830d611f801324d541a9e51e20f 121 500 5.53719e-06 2.048e-06 1.3405e-05 4.34e-06 8.92562e-07 4.17339e-07
062437764738dfe2eed7bc8d34bdb9 121 500 6.00826e-06 2.266e-06 1.34711e-05 5.006e-06 8.92562e-07 4.17339e-07
6605eee7684f7758cacbbaf7be7b06 121 500 5.55372e-06 2.314e-06 1.43884e-05 4.928e-06 1.04132e-06 5.14113e-07
6e3cdf38d3e6771710147b2f9b1dda 151 500 6.13907e-06 3.086e-06 1.55364e-05 9.394e-06 1.12583e-06 6.24e-07
09a27e8f9f707584db49763b481743 151 500 5.97351e-06 2.904e-06 1.63179e-05 6.014e-06 9.4702e-07 5.2e-07
43b8f7913aa37bb6e067c0dfaa6fcb 151 500 5.78808e-06 2.846e-06 1.58411e-05 6.06e-06 9.40397e-07 5.24e-07
909bd41646194fef2dbe4cd0f8396a 151 500 6.84106e-06 2.666e-06 1.64305e-05 6.364e-06 1.06623e-06 5.2e-07
73c857f45f070321325c7ffc3fd50f 151 500 7.12583e-06 3.37e-06 1.83841e-05 7.59e-06 9.66887e-07 5.18e-07
364d21b42d0e490892ac41691159b9 151 500 6.12583e-06 2.828e-06 1.57682e-05 5.914e-06 9.40397e-07 5.16e-07
4eaf93a262ca78909e4d756304ac4a 151 500 5.70861e-06 2.67e-06 1.4543e-05 5.936e-06 9.4702e-07 5.16e-07
f7c37002ebaf65fdabc1f14b8f686e 151 500 6.58278e-06 2.938e-06 1.47152e-05 6.17e-06 9.40397e-07 5.16e-07
8832acf538295888a7c7ab2b4ca153 188 500 6.04787e-06 2.642e-06 1.48191e-05 5.9e-06 9.89362e-07 5.15091e-07
33789ebf9fd52497e91f85475951a5 188 500 6.13298e-06 2.644e-06 1.48723e-05 5.754e-06 9.84043e-07 5.13078e-07
40a4f0dd12243e7e5fc7dd8b87218e 188 500 6.10106e-06 2.804e-06 1.49415e-05 6e-06 9.89362e-07 5.13078e-07
132989a69b90c153d840e1640d32b0 188 500 6.07447e-06 2.66e-06 1.53511e-05 5.944e-06 1e-06 5.21127e-07
d1333d64c67429568c24b504ae7387 188 500 6.1383e-06 2.676e-06 1.5016e-05 6.02e-06 9.94681e-07 5.15091e-07
c2ab40b05bbeb7f17335160a2b8b8a 188 500 6.09043e-06 2.876e-06 1.48617e-05 5.922e-06 9.84043e-07 5.17103e-07
5e1b3c476b3a559024251a0b4ec226 188 500 6.64362e-06 2.67e-06 1.58936e-05 5.894e-06 9.94681e-07 5.15091e-07
f206d2ce415a22feb3e8d40f44f896 188 500 6.12766e-06 2.824e-06 1.53404e-05 6.106e-06 1e-06 5.13078e-07
03dfcb68461b9216823126fbb68120 235 500 7.75319e-06 4.436e-06 1.73574e-05 9.334e-06 1.09787e-06 7.66e-07
bd26407a7dd53d192237d4e46236a4 235 500 7.26809e-06 4.332e-06 1.87234e-05 1.3478e-05 1.0383e-06 7.6e-07
46a2dfda388c9390901f1a7a2aa1e3 235 500 6.54894e-06 3.814e-06 1.75957e-05 9.536e-06 1.09362e-06 8.16e-07
7ab5c0e0f5eeeffabd02d82b04f4bd 235 500 6.81702e-06 4.082e-06 1.99447e-05 1.0362e-05 1.02553e-06 7.66e-07
c09aa02d8864cd291be5a7a9875ffe 235 500 6.86809e-06 3.836e-06 1.62255e-05 8.836e-06 1.08511e-06 7.96e-07
32a16bebfd630a1f68dce11e46a889 235 500 6.74468e-06 4.166e-06 1.82426e-05 9.18e-06 1.06383e-06 7.68e-07
3a45b6730b913df08a63c14b5924db 235 500 6.51489e-06 3.868e-06 1.62638e-05 9.9e-06 1.04681e-06 7.56e-07
1ca29395996b663eeda7c321961d10 235 500 6.45532e-06 3.904e-06 1.60681e-05 8.868e-06 1.03404e-06 7.56e-07
8a5618885ef64ee93fbd3b06979d3f 293 500 7.0273e-06 5.172e-06 1.88225e-05 1.086e-05 1.22867e-06 8.07615e-07
f2c04e87d405b3c93f56c44e5c746d 293 500 6.88396e-06 4.12e-06 1.76758e-05 1.1208e-05 1.09215e-06 8.05611e-07
fa5a1c53ea6e67a98c093f372bd80c 293 500 7.74061e-06 6.224e-06 2.00546e-05 1.1988e-05 1.09556e-06 8.01603e-07
bc722cd273da8ddb9bb6cc2e91ee08 293 500 9.11604e-06 4.788e-06 2.20717e-05 1.3654e-05 1.16041e-06 9.03808e-07
acd185e1d5cf695d871f66d539a145 293 500 7.04778e-06 5.164e-06 2.22662e-05 1.5346e-05 1.10239e-06 8.15631e-07
a61928d47a77fc45eaf0f497a74ca6 293 500 7.20137e-06 4.22e-06 1.75461e-05 1.0416e-05 1.09556e-06 8.01603e-07
8c202d3853c126d27e6ef5e4dba716 293 500 7.04437e-06 4.196e-06 1.79625e-05 1.0592e-05 1.12628e-06 9.13828e-07
6484eaf7ae455d51a5e28f3a08401d 293 500 6.95904e-06 4.314e-06 1.63754e-05 1.0018e-05 1.1058e-06 8.07615e-07
b809a6a6c1bb81966dbdec25914e10 366 500 7.54372e-06 6.378e-06 1.70902e-05 1.585e-05 1.17213e-06 1.286e-06
d31191106f462633e4da75acd2cd0e 366 500 7.53279e-06 6.616e-06 1.77049e-05 1.8722e-05 1.1776e-06 1.296e-06
c35f6970dce8ddf86fc80f9f24cc95 366 500 9.12568e-06 7.388e-06 1.99536e-05 1.9656e-05 1.16667e-06 1.288e-06
67a6094be122c3019b56e8197d4121 366 500 7.84973e-06 6.72e-06 2.04891e-05 2.1628e-05 1.19672e-06 1.29e-06
be21934d3ec6598a24fce8335e19e5 366 500 7.53825e-06 8.956e-06 2.09809e-05 1.9868e-05 1.19672e-06 1.306e-06
10ba92e5b6357eaf9bb33abce14365 366 500 7.51366e-06 6.5e-06 1.81339e-05 1.6698e-05 1.18852e-06 1.288e-06
17fedeb9223ebb15b6b1159b4b8dda 366 500 8.17486e-06 7.692e-06 1.97568e-05 2.4746e-05 1.18033e-06 1.288e-06
d2da35a6ac6398b758c93a27d85afd 366 500 8.03279e-06 6.75e-06 1.86885e-05 1.7098e-05 1.18033e-06 1.284e-06
b513e3b7dd55773376ca25e05f5b2d 457 500 8.12473e-06 6.656e-06 2.01991e-05 1.963e-05 1.24508e-06 1.27255e-06
0fc02f9e9712a06632fb87a0a085fe 457 500 8.74179e-06 7.482e-06 2.04726e-05 2.3366e-05 1.27133e-06 1.31864e-06
e4c934118eb751f24c147feb100f01 457 500 8.64551e-06 6.636e-06 2.02867e-05 1.786e-05 1.30853e-06 1.27455e-06
d178fb4fb022a111d5337b2764bb19 457 500 7.84026e-06 6.24e-06 1.82582e-05 1.5682e-05 1.23195e-06 1.26653e-06
e5e7d1dc6a528407dbc9854163b841 457 500 7.91247e-06 6.634e-06 1.80832e-05 1.6034e-05 1.22538e-06 1.26453e-06
d47c847d487eaed00e960d6822cc94 457 500 8.0372e-06 7.112e-06 1.88818e-05 1.6022e-05 1.22976e-06 1.26854e-06
b3972517548397ce48f0b27251cb5b 457 500 8.56236e-06 6.722e-06 2.19497e-05 2.231e-05 1.25164e-06 1.28056e-06
771999fe072817f056667e3d7028e5 457 500 8.36324e-06 7.038e-06 2.09234e-05 2.1232e-05 1.24945e-06 1.4008e-06
e82657ffa9b1d5b073bc3d63303d70 571 500 8.36602e-06 8.33e-06 1.85254e-05 1.9892e-05 1.28722e-06 1.59e-06
a92a2b58beb8d5ac3684abdbd21d1f 571 500 8.29247e-06 8.074e-06 1.77566e-05 1.807e-05 1.28196e-06 1.592e-06
b7f80b1ff57b7985d76e87c30b7361 571 500 8.19615e-06 7.67e-06 1.77671e-05 2.134e-05 1.28546e-06 1.592e-06
eab97a74b7e6d30d73a2b7675602b0 571 500 8.5937e-06 9.408e-06 2.07811e-05 1.964e-05 1.28546e-06 1.594e-06
3a5f5f8194ed178c84e411e573696e 571 500 8.70928e-06 7.944e-06 2.03993e-05 2.0568e-05 1.30473e-06 1.794e-06
a11a1309d7d7bdb59d9d9705d9a1d2 571 500 8.28021e-06 8.066e-06 1.84361e-05 1.942e-05 1.29072e-06 1.592e-06
9e060e4050e569eb4cf2b51b983f03 571 500 8.45359e-06 8.354e-06 1.83222e-05 1.9398e-05 1.28371e-06 1.586e-06
cc349cbc2ef5f7ab9b231ee3533966 571 500 8.37128e-06 8.172e-06 1.80683e-05 1.8288e-05 1.28371e-06 1.596e-06
f2c3bc64bef0772d206872e49a7e12 713 500 9.92567e-06 9.072e-06 2.49888e-05 2.7946e-05 1.3324e-06 1.616e-06
4cb6b01ccb80a0985dd3c3da88dcde 713 500 8.97195e-06 8.42e-06 1.96942e-05 2.0392e-05 1.31978e-06 1.616e-06
02d80d9b559fd8656c9b2558d970c5 713 500 8.87658e-06 8.43e-06 1.86157e-05 2.1932e-05 1.31697e-06 1.618e-06
79bbc45dc877057bb4b23ee4c2116c 713 500 8.76017e-06 9.096e-06 1.92104e-05 3.1654e-05 1.34923e-06 2.036e-06
30fc98bbc018c0de911a68d71f1cb4 713 500 1.19762e-05 1.1048e-05 2.78766e-05 3.977e-05 1.71529e-06 2.218e-06
2b20695713f5d13135e9b39f430b5e 713 500 8.85273e-06 8.924e-06 1.98892e-05 1.9154e-05 1.31978e-06 1.624e-06
e124bf3f6b6523517d34dc0d97f4cc 713 500 8.82188e-06 8.17e-06 1.98008e-05 2.088e-05 1.31417e-06 1.608e-06
9aa6dcd62fbe84c1feb337db2a33be 713 500 8.9986e-06 8.148e-06 2.17686e-05 2.6042e-05 1.31697e-06 1.62e-06
f355b7d5cfc37a070f76bb4bb9bfc0 891 500 1.06364e-05 1.2766e-05 2.11684e-05 1.9166e-05 1.37374e-06 1.904e-06
17021c63837ea7dc7eff52304f8221 891 500 1.21358e-05 1.3552e-05 2.23288e-05 2.4752e-05 1.38945e-06 1.934e-06
9aec50c85f27fedc7f2d414cd709f4 891 500 1.04646e-05 1.049e-05 2.28799e-05 2.3396e-05 1.37486e-06 1.908e-06
10bb5de9fbcb2d723b98968b0aed04 891 500 1.1211e-05 1.3162e-05 2.17879e-05 2.5976e-05 1.44108e-06 1.932e-06
596a1055becd2e1cbed213a78a7f19 891 500 8.93827e-06 1.081e-05 2.0147e-05 2.1608e-05 1.51291e-06 2.278e-06
162ebcc363ad20f83df3a1033be735 891 500 1.05006e-05 1.1898e-05 2.48193e-05 2.711e-05 1.37486e-06 1.924e-06
7059b218b6b1e9673569b5250694d2 891 500 1.10045e-05 1.229e-05 2.73401e-05 3.2506e-05 1.38159e-06 2.15e-06
98c9c8a1f81ba15b8e7c0878f314b9 891 500 9.66667e-06 1.442e-05 2.23143e-05 2.651e-05 1.39169e-06 1.908e-06
adb4f9797c78ccf8b8f6a034ad72b8 1113 500 1.14456e-05 1.275e-05 2.59784e-05 3.725e-05 1.45373e-06 2.156e-06
913b37add9e7b47b9a43c91077782a 1113 500 1.12812e-05 1.193e-05 2.16963e-05 2.7016e-05 1.44385e-06 2.138e-06
73d1e16a596aa59a1b16b902bba042 1113 500 1.56397e-05 1.3188e-05 2.07233e-05 2.9544e-05 1.43396e-06 2.126e-06
c982914691cf158f683b793acf7f89 1113 500 1.14645e-05 1.6146e-05 2.47287e-05 3.9812e-05 1.44115e-06 2.148e-06
d006dc61efb9a9d7b5b129ed99a8b7 1113 500 1.00719e-05 1.18e-05 2.22183e-05 3.2158e-05 1.43756e-06 2.158e-06
