ee2136f72041f0fd023762a0c394ff 450 1000 7.73556e-06 3.596e-06 1.69822e-05 7.681e-06 1.23333e-06 7.18e-07
8d72944486fe1ba9309903820d4637 450 1000 8.00222e-06 3.758e-06 1.87578e-05 8.192e-06 1.22889e-06 7.17e-07
8087c9f9072dd5404b5b85fe11370c 450 1000 8e-06 3.795e-06 1.82133e-05 8.807e-06 1.22222e-06 7.21e-07
c7fa1850ae1132852e48672d75dadb 450 1000 8.50889e-06 3.766e-06 1.88222e-05 8.09e-06 1.23111e-06 7.22e-07
a279d06968b9547cd2999122d31813 450 1000 8.14667e-06 3.666e-06 1.77333e-05 7.701e-06 1.23333e-06 7.19e-07
f2523194ca7438ef91d8d492cf8b1b 450 1000 7.75111e-06 3.608e-06 1.75289e-05 7.681e-06 1.22667e-06 7.22e-07
4f824801f2a83a85ec45f9adc68837 450 1000 7.74222e-06 3.77e-06 1.78289e-05 7.941e-06 1.23111e-06 7.19e-07
98e5bff051186c9a9d0b9a2d62473d 450 1000 7.76e-06 3.742e-06 1.73867e-05 7.879e-06 1.22444e-06 7.19e-07
fdce53b5e274245bc843e7294f608e 562 1000 8.54982e-06 4.168e-06 1.75427e-05 1.0157e-05 1.28292e-06 8.35836e-07
84a60d9080d43ef9f88e42711b4eb0 562 1000 8.1637e-06 4.403e-06 1.76335e-05 1.1018e-05 1.27936e-06 8.34835e-07
aaf7c8ecf4842a758dce0815ab5498 562 1000 8.24377e-06 4.281e-06 1.77687e-05 1.0094e-05 1.2847e-06 8.34835e-07
0574d1310fbbd5e94435dc7fccbbe7 562 1000 8.47509e-06 4.579e-06 1.73861e-05 1.0198e-05 1.2847e-06 8.36837e-07
efb9e8b14a97a95f6a04567a20f9e6 562 1000 8.20819e-06 4.335e-06 1.77384e-05 9.702e-06 1.27758e-06 8.37838e-07
e250a4aa5a158422f738320b02af21 562 1000 8.54448e-06 4.222e-06 1.80498e-05 1.0644e-05 1.2847e-06 8.34835e-07
39414a2911970cb264beb461e648c2 562 1000 8.20463e-06 4.389e-06 1.79093e-05 9.973e-06 1.2847e-06 8.34835e-07
12114e94e06c6cac09b9d860192c7e 562 1000 8.26512e-06 4.171e-06 1.81726e-05 1.0231e-05 1.28826e-06 8.38839e-07
d5bbe8f94f7d8c2d90d6b154797aa1 702 1000 8.52422e-06 5.371e-06 1.82621e-05 1.1661e-05 1.32194e-06 1.02803e-06
5d06ff88706d36a6f41b0146d0fd30 702 1000 8.73647e-06 5.092e-06 1.82137e-05 1.1996e-05 1.30912e-06 1.03203e-06
4ca04c5a8551a25f30251c87006404 702 1000 8.58262e-06 5.426e-06 1.88219e-05 1.2108e-05 1.31481e-06 1.02603e-06
db69601bff01e37d6de5a83a6c692e 702 1000 8.61111e-06 5.082e-06 1.8084e-05 1.1949e-05 1.31766e-06 1.02402e-06
e0cb70d8a0a0756b69dc01fc911745 702 1000 8.85185e-06 5.478e-06 1.92821e-05 1.2723e-05 1.31766e-06 1.02903e-06
f252b29dd55b57e443e17a74a3f087 702 1000 8.48291e-06 5.088e-06 1.82692e-05 1.1939e-05 1.31909e-06 1.02603e-06
4f4fc6625b2746019a5cc5fb91e5c2 702 1000 8.57692e-06 5.3e-06 1.88661e-05 1.1834e-05 1.31197e-06 1.02903e-06
a380aefca6be2816b47d383e7cc2ba 702 1000 8.67521e-06 5.279e-06 1.84615e-05 1.1994e-05 1.31624e-06 1.02503e-06
3786f987e76c278bbbb12ada2fb267 877 1000 8.99544e-06 6.223e-06 1.83774e-05 1.4127e-05 1.37286e-06 1.238e-06
40ccaa7dd391824b619e14bb709bf0 877 1000 8.85633e-06 6.325e-06 1.88871e-05 1.4864e-05 1.36716e-06 1.234e-06
31e505e9d157fa53b054d467067785 877 1000 8.88255e-06 6.039e-06 1.89783e-05 1.4203e-05 1.3683e-06 1.233e-06
6c2aafa551b9743667888bbdf007dd 877 1000 9.35462e-06 6.309e-06 1.86705e-05 1.4594e-05 1.37172e-06 1.231e-06
81dc87cbd1e0718136d48ec79af1da 877 1000 8.94983e-06 6.118e-06 1.98951e-05 1.3991e-05 1.36602e-06 1.238e-06
582e9be122d54de8e6699c89531817 877 1000 8.97491e-06 6.288e-06 1.93136e-05 1.3598e-05 1.36944e-06 1.233e-06
0025e6dcbe8cbbde7daba03f3d4339 877 1000 8.98176e-06 6.223e-06 1.88997e-05 1.4063e-05 1.36374e-06 1.236e-06
b5b2fc6d7b65487e8831d7ca84f6e6 877 1000 9.0992e-06 6.328e-06 1.88769e-05 1.4554e-05 1.37742e-06 1.237e-06
56fd1a36041bbd7ee2c6a6b9e3b307 1096 1000 9.0292e-06 7.744e-06 1.9219e-05 1.8732e-05 1.42792e-06 1.498e-06
59e121edabd8f7d132072ef366ff89 1096 1000 9.13869e-06 7.347e-06 1.88558e-05 1.7453e-05 1.43339e-06 1.5e-06
e83a36b2558b8c97652d2cff2d91b2 1096 1000 9.01004e-06 7.552e-06 1.91661e-05 1.7712e-05 1.42974e-06 1.501e-06
bd44593f91fcdfd93b139781a886a7 1096 1000 9.15693e-06 7.33e-06 1.90657e-05 1.691e-05 1.42883e-06 1.503e-06
026b8d1a367107da288d902de891b9 1096 1000 9.1688e-06 7.56e-06 1.89133e-05 1.7508e-05 1.43248e-06 1.503e-06
98bbec3e5e40dd0b08e73e6c9148ef 1096 1000 9.27281e-06 8.073e-06 1.91104e-05 1.7301e-05 1.42792e-06 1.5e-06
d23bde76667dc457ee5baca71f1cc4 1096 1000 9.03923e-06 8.021e-06 1.92254e-05 1.7471e-05 1.43066e-06 1.512e-06
2c8ba04ffa49e254296b3f04d19cda 1096 1000 9.26004e-06 7.582e-06 1.89142e-05 1.7811e-05 1.43066e-06 1.502e-06
4b210f3fee897749e9b8c4f7224e60 1370 1000 9.53285e-06 8.188e-06 1.9362e-05 1.9578e-05 1.4854e-06 1.596e-06
90e8672da95be6d5617a567dd3206e 1370 1000 9.51314e-06 7.854e-06 2.01883e-05 1.9013e-05 1.48029e-06 1.599e-06
6ea3a63e33b3587dd46af64a37b87b 1370 1000 9.30511e-06 7.836e-06 1.92942e-05 1.918e-05 1.48686e-06 1.593e-06
c43549c9e4680eb9918627ffb0aa60 1370 1000 9.63285e-06 8.209e-06 1.90204e-05 2.0011e-05 1.47226e-06 1.598e-06
f980b5e6dd70a61ed5d181263db6f3 1370 1000 9.51898e-06 7.827e-06 1.96336e-05 1.9646e-05 1.48175e-06 1.603e-06
11cc3306e6547f9cb21e0bc9af7916 1370 1000 9.4708e-06 7.847e-06 1.98423e-05 2.0204e-05 1.48321e-06 1.598e-06
336f0607fd640a0724aa2c7cdeb4c4 1370 1000 9.55255e-06 8.235e-06 1.99241e-05 1.9943e-05 1.47518e-06 1.603e-06
6feb6d63af92d58449dc36613f8199 1370 1000 9.31022e-06 7.851e-06 1.98511e-05 1.9014e-05 1.48029e-06 1.595e-06
d57fa61eae99099a0d0b6fcbc62523 1712 1000 9.91063e-06 9.716e-06 2.08803e-05 2.4636e-05 1.53505e-06 2.029e-06
8b5637ce3de927591e92df9ecd33c4 1712 1000 9.76694e-06 1.0808e-05 2.01974e-05 2.4515e-05 1.53855e-06 1.981e-06
751d7273308d52e8d3c579de6840d2 1712 1000 9.90888e-06 1.0243e-05 2.08989e-05 2.4025e-05 1.53972e-06 1.984e-06
c40f502ab80923e2716acb64434106 1712 1000 9.65245e-06 9.694e-06 2.03289e-05 2.4413e-05 1.53738e-06 1.978e-06
865052b1fc2994dfdafcd23ae26c01 1712 1000 9.95502e-06 9.72e-06 2.06197e-05 2.4808e-05 1.53037e-06 1.989e-06
0b30a017c6d0a46e969550be35baba 1712 1000 9.89136e-06 9.774e-06 2.10981e-05 2.6174e-05 1.5368e-06 1.982e-06
d3574adf24939bf6d010c9f303388d 1712 1000 9.79147e-06 9.69e-06 2.06951e-05 2.4992e-05 1.53329e-06 1.978e-06
05411bb9a2ba8da701face1ba54371 1712 1000 9.99825e-06 9.747e-06 2.16898e-05 2.4377e-05 1.53388e-06 1.98e-06
0a178050644ab982507faeda7350a1 2140 1000 1.09836e-05 1.1204e-05 2.29808e-05 2.8909e-05 1.56822e-06 2.06707e-06
94dd7f732a6a0e420ce5985f5de5d0 2140 1000 1.02495e-05 1.0845e-05 2.29481e-05 2.8474e-05 1.56215e-06 2.05906e-06
08bb56e955623020f1a83a40a1f0ad 2140 1000 1.01598e-05 1.1044e-05 2.17696e-05 2.7468e-05 1.56308e-06 2.07407e-06
07758653c9752f330402a99eef7d95 2140 1000 1.06117e-05 1.13e-05 2.21626e-05 2.8279e-05 1.56215e-06 2.05606e-06
54a34c2d70e1fb9146f8f6dcd812bd 2140 1000 1.04752e-05 1.0883e-05 2.22579e-05 2.7937e-05 1.56542e-06 2.06607e-06
0325f109c5081ffc9eac9f20c81a56 2140 1000 1.06023e-05 1.0606e-05 2.16766e-05 2.8072e-05 1.56682e-06 2.08208e-06
eb7e660dec731fa5d48f0b4eff30ee 2140 1000 1.00164e-05 1.0832e-05 2.21453e-05 2.7592e-05 1.56636e-06 2.06206e-06
13309316017b3ce28d42db8edad042 2140 1000 1.02748e-05 1.097e-05 2.18131e-05 2.8419e-05 1.56028e-06 2.06206e-06
685766d2c3670577bb6f994338e7c4 2675 1000 1.06049e-05 1.1426e-05 2.31465e-05 3.1134e-05 1.65121e-06 2.229e-06
5098d4938d57d318c956a8e94d1a63 2675 1000 1.08658e-05 1.1859e-05 2.30501e-05 3.1017e-05 1.64785e-06 2.237e-06
185e0f49570269d5db40f7efab0a82 2675 1000 1.07226e-05 1.1713e-05 2.32692e-05 3.132e-05 1.64561e-06 2.227e-06
1c6f1130e760b02b83994c8a375be5 2675 1000 1.08901e-05 1.1881e-05 2.34363e-05 3.1902e-05 1.62766e-06 2.266e-06
6e38bbd292d4f50f2f31c3ee0008c4 2675 1000 1.07574e-05 1.1778e-05 2.33697e-05 3.2016e-05 1.63439e-06 2.223e-06
ad148bdd2cc78d29ae2813cf7d9aee 2675 1000 1.06594e-05 1.152e-05 2.34983e-05 3.2236e-05 1.64224e-06 2.224e-06
5a44b0ce66f0565a84620c758ca5f3 2675 1000 1.09963e-05 1.1845e-05 2.37073e-05 3.1775e-05 1.63477e-06 2.223e-06
734172df7dfb1cd97fb46db609793e 2675 1000 1.08535e-05 1.2184e-05 2.27394e-05 3.137e-05 1.61869e-06 2.216e-06
30a301e85eef57e086f772dab4fc62 3343 1000 1.12513e-05 1.3199e-05 2.43284e-05 3.5223e-05 1.68591e-06 2.442e-06
7f8785addfe2e6064fe01d34c5e61e 3343 1000 1.12498e-05 1.2813e-05 2.47057e-05 3.5671e-05 1.6898e-06 2.454e-06
9850676fbe469596725b6bee0f0fa1 3343 1000 1.13931e-05 1.3131e-05 2.45576e-05 3.5242e-05 1.688e-06 2.581e-06
5bb9842e29ec29b7e6554a7e26041a 3343 1000 1.14825e-05 1.364e-05 2.46943e-05 3.5872e-05 1.71762e-06 2.551e-06
4ecd35d175267d2a68ae7a8d24b986 3343 1000 1.13572e-05 1.3155e-05 2.67122e-05 3.6344e-05 1.6898e-06 2.449e-06
31f8a58629d8817b171f91d7494acb 3343 1000 1.18133e-05 1.4305e-05 2.51487e-05 3.6882e-05 1.69488e-06 2.448e-06
185a09daa48269386e0c4c6b8375cf 3343 1000 1.15178e-05 1.3159e-05 2.51687e-05 3.7393e-05 1.6913e-06 2.575e-06
1e5c84631be3c27ca8fd2e3f5de91e 3343 1000 1.14457e-05 1.3842e-05 2.5536e-05 3.6531e-05 1.69847e-06 2.51e-06
7cc9d871fa7087b8e1f2aed9b455de 4178 1000 1.19186e-05 1.4177e-05 2.7085e-05 3.9632e-05 1.76975e-06 2.68068e-06
323a1c16344da342f270bd8a8c5199 4178 1000 1.18401e-05 1.4186e-05 2.54794e-05 3.9614e-05 1.74773e-06 2.67067e-06
a5ed74e17bd16541cb8b7e7e1b68a3 4178 1000 1.19275e-05 1.4854e-05 2.57891e-05 3.9316e-05 1.75132e-06 2.67968e-06
79e06e6c4225c4b230613d04b9f2ff 4178 1000 1.19519e-05 1.4748e-05 2.58566e-05 4.0613e-05 1.76209e-06 2.68969e-06
dd5d35f780e37e24912495e05d36d2 4178 1000 1.15404e-05 1.4167e-05 2.59138e-05 3.9121e-05 1.7482e-06 2.66967e-06
3edcf4929a4ad49434ec346457e232 4178 1000 1.19143e-05 1.4198e-05 2.65376e-05 3.9206e-05 1.74653e-06 2.67768e-06
1731ce13986542569a2356e1cd8700 4178 1000 1.15232e-05 1.4519e-05 2.60797e-05 3.9842e-05 1.74653e-06 2.66967e-06
f88d3c0b484eaf34b58c8884c7bb10 4178 1000 1.17671e-05 1.4359e-05 2.55639e-05 3.9389e-05 1.75036e-06 2.67768e-06
048206575a62ce5ffe7b4c0f5b0600 5222 1000 1.23141e-05 1.6265e-05 2.73462e-05 4.2799e-05 1.81425e-06 2.787e-06
144e71e587461f28bdbd9d2375a3a4 5222 1000 1.23608e-05 1.6083e-05 2.74223e-05 4.357e-05 1.80869e-06 2.792e-06
b54bff70d92f16f48a91051ad54909 5222 1000 1.21116e-05 1.7427e-05 2.7406e-05 4.4425e-05 1.83723e-06 2.788e-06
d85fddddded324b421a6b9a7b107b6 5222 1000 1.22003e-05 1.628e-05 2.76861e-05 4.318e-05 1.83933e-06 2.798e-06
b848aafc3494068888776613071522 5222 1000 1.21467e-05 1.5988e-05 2.73648e-05 4.3259e-05 1.81099e-06 2.931e-06
a8eb99dfca5797fa9ee057b28fed73 5222 1000 1.2136e-05 1.6298e-05 2.73638e-05 4.3437e-05 1.81023e-06 2.797e-06
26f6b2c9d4155619ee4aff3e1ea44c 5222 1000 1.28998e-05 1.6576e-05 2.75735e-05 4.2737e-05 1.83206e-06 2.796e-06
ea8e5930ff783fc6c312960efddd2c 5222 1000 1.24766e-05 1.6321e-05 2.745e-05 4.3383e-05 1.83512e-06 2.798e-06
5e755ae8e95cdc0a5a23d90d2b76a4 6527 1000 1.28587e-05 1.7972e-05 2.96625e-05 4.8427e-05 1.89367e-06 2.97e-06
b03ab23077a518cc8e0bf595e4e275 6527 1000 1.31264e-05 1.8169e-05 3.01074e-05 4.829e-05 1.9211e-06 3.081e-06
8c7b4a3a9ff4857a4848d2901475e3 6527 1000 1.30781e-05 1.7943e-05 2.97713e-05 4.7348e-05 1.91895e-06 3.327e-06
dd93e0255527a453fe00f929b3c327 6527 1000 1.30754e-05 1.7946e-05 2.98511e-05 4.8362e-05 1.87988e-06 2.961e-06
7fa082cd80db179115f2d38d9355da 6527 1000 1.31436e-05 1.8063e-05 2.93535e-05 4.8456e-05 1.95572e-06 3.06e-06
288830d611f801324d541a9e51e20f 6527 1000 1.30345e-05 1.7942e-05 3.02326e-05 4.7917e-05 2.00628e-06 3.053e-06
062437764738dfe2eed7bc8d34bdb9 6527 1000 1.29603e-05 1.8242e-05 2.99839e-05 4.7835e-05 1.88816e-06 2.96e-06
6605eee7684f7758cacbbaf7be7b06 6527 1000 1.31489e-05 1.8183e-05 3.01799e-05 4.9437e-05 1.91344e-06 2.97e-06
6e3cdf38d3e6771710147b2f9b1dda 8158 1000 1.38118e-05 1.9668e-05 3.15164e-05 5.0881e-05 1.99289e-06 3.116e-06
09a27e8f9f707584db49763b481743 8158 1000 1.35731e-05 1.937e-05 3.12792e-05 5.052e-05 1.99963e-06 3.195e-06
43b8f7913aa37bb6e067c0dfaa6fcb 8158 1000 1.36248e-05 1.9235e-05 3.1448e-05 5.05e-05 1.9392e-06 3.207e-06
909bd41646194fef2dbe4cd0f8396a 8158 1000 1.3681e-05 1.9564e-05 3.21166e-05 5.1608e-05 1.97365e-06 3.343e-06
73c857f45f070321325c7ffc3fd50f 8158 1000 1.37926e-05 1.9056e-05 3.16176e-05 5.1057e-05 2.01226e-06 3.409e-06
364d21b42d0e490892ac41691159b9 8158 1000 1.36617e-05 1.9301e-05 3.1736e-05 5.0207e-05 1.96543e-06 3.388e-06
4eaf93a262ca78909e4d756304ac4a 8158 1000 1.35027e-05 2.036e-05 3.17606e-05 5.0562e-05 2.02783e-06 3.176e-06
f7c37002ebaf65fdabc1f14b8f686e 8158 1000 1.38031e-05 1.9111e-05 3.15047e-05 5.0375e-05 2.00515e-06 3.379e-06
8832acf538295888a7c7ab2b4ca153 10197 1000 1.45308e-05 2.1451e-05 3.32406e-05 5.4805e-05 2.04217e-06 3.367e-06
33789ebf9fd52497e91f85475951a5 10197 1000 1.42843e-05 2.0991e-05 3.31332e-05 5.4699e-05 2.03285e-06 3.308e-06
40a4f0dd12243e7e5fc7dd8b87218e 10197 1000 1.49841e-05 2.1705e-05 3.27104e-05 5.4881e-05 2.12523e-06 3.378e-06
132989a69b90c153d840e1640d32b0 10197 1000 1.44086e-05 2.1098e-05 3.35091e-05 5.5276e-05 2.05178e-06 3.715e-06
d1333d64c67429568c24b504ae7387 10197 1000 1.46428e-05 2.2261e-05 3.42423e-05 5.5099e-05 2.09738e-06 3.327e-06
c2ab40b05bbeb7f17335160a2b8b8a 10197 1000 1.44971e-05 2.0988e-05 3.36371e-05 5.419e-05 2.06374e-06 3.409e-06
5e1b3c476b3a559024251a0b4ec226 10197 1000 1.44109e-05 2.1186e-05 3.37189e-05 5.5881e-05 2.0915e-06 3.436e-06
f206d2ce415a22feb3e8d40f44f896 10197 1000 1.4546e-05 2.1216e-05 3.36073e-05 5.5468e-05 2.1419e-06 3.849e-06
03dfcb68461b9216823126fbb68120 12746 1000 1.52449e-05 2.233e-05 3.51561e-05 5.6157e-05 2.16083e-06 3.454e-06
bd26407a7dd53d192237d4e46236a4 12746 1000 1.50837e-05 2.276e-05 3.51863e-05 5.4939e-05 2.16531e-06 3.912e-06
46a2dfda388c9390901f1a7a2aa1e3 12746 1000 1.50665e-05 2.3276e-05 3.54267e-05 5.545e-05 2.13416e-06 3.917e-06
7ab5c0e0f5eeeffabd02d82b04f4bd 12746 1000 1.51077e-05 2.2695e-05 3.53084e-05 5.5124e-05 2.13165e-06 3.43e-06
c09aa02d8864cd291be5a7a9875ffe 12746 1000 1.52277e-05 2.3458e-05 3.5658e-05 5.5255e-05 2.17347e-06 3.48e-06
32a16bebfd630a1f68dce11e46a889 12746 1000 1.53384e-05 2.3967e-05 3.59579e-05 5.5439e-05 2.21921e-06 3.962e-06
3a45b6730b913df08a63c14b5924db 12746 1000 1.52759e-05 2.2931e-05 3.53157e-05 5.4412e-05 2.15173e-06 3.459e-06
1ca29395996b663eeda7c321961d10 12746 1000 1.52766e-05 2.2912e-05 3.53013e-05 5.4682e-05 2.17111e-06 3.481e-06
8a5618885ef64ee93fbd3b06979d3f 15932 1000 1.58385e-05 2.3932e-05 3.69809e-05 6.1358e-05 2.24793e-06 3.654e-06
f2c04e87d405b3c93f56c44e5c746d 15932 1000 1.59501e-05 2.3558e-05 3.65348e-05 6.1758e-05 2.17079e-06 3.622e-06
fa5a1c53ea6e67a98c093f372bd80c 15932 1000 1.58108e-05 2.3637e-05 3.68416e-05 6.1527e-05 2.27492e-06 4.281e-06
bc722cd273da8ddb9bb6cc2e91ee08 15932 1000 1.59104e-05 2.3794e-05 3.68364e-05 6.1914e-05 2.25885e-06 3.759e-06
acd185e1d5cf695d871f66d539a145 15932 1000 1.60122e-05 2.4251e-05 3.69128e-05 6.1593e-05 2.26249e-06 3.706e-06
a61928d47a77fc45eaf0f497a74ca6 15932 1000 1.60247e-05 2.3968e-05 3.73006e-05 6.2108e-05 2.28182e-06 3.694e-06
8c202d3853c126d27e6ef5e4dba716 15932 1000 1.59409e-05 2.4882e-05 3.74568e-05 6.2157e-05 2.31496e-06 3.901e-06
6484eaf7ae455d51a5e28f3a08401d 15932 1000 1.60779e-05 2.4034e-05 3.71471e-05 6.1801e-05 2.31026e-06 4.18e-06
b809a6a6c1bb81966dbdec25914e10 19915 1000 1.69289e-05 2.5637e-05 3.89464e-05 6.2564e-05 2.28817e-06 3.915e-06
d31191106f462633e4da75acd2cd0e 19915 1000 1.68161e-05 2.5507e-05 3.8897e-05 6.3018e-05 2.35044e-06 4.128e-06
c35f6970dce8ddf86fc80f9f24cc95 19915 1000 1.68745e-05 2.5409e-05 3.88745e-05 6.23e-05 2.35245e-06 4.096e-06
67a6094be122c3019b56e8197d4121 19915 1000 1.69409e-05 2.5372e-05 3.88359e-05 6.2012e-05 2.37299e-06 4.403e-06
be21934d3ec6598a24fce8335e19e5 19915 1000 1.71144e-05 2.562e-05 3.887e-05 6.2962e-05 2.39237e-06 4.162e-06
10ba92e5b6357eaf9bb33abce14365 19915 1000 1.68168e-05 2.5097e-05 3.88517e-05 6.2221e-05 2.38062e-06 3.938e-06
17fedeb9223ebb15b6b1159b4b8dda 19915 1000 1.70374e-05 2.5506e-05 3.88713e-05 6.2112e-05 2.34241e-06 4.103e-06
d2da35a6ac6398b758c93a27d85afd 19915 1000 1.68915e-05 2.542e-05 3.85013e-05 6.2134e-05 2.32327e-06 3.951e-06
b513e3b7dd55773376ca25e05f5b2d 24893 1000 1.78601e-05 2.7785e-05 4.09312e-05 6.7652e-05 2.51304e-06 4.918e-06
0fc02f9e9712a06632fb87a0a085fe 24893 1000 1.7447e-05 2.719e-05 4.0439e-05 6.7585e-05 2.45587e-06 4.773e-06
e4c934118eb751f24c147feb100f01 24893 1000 1.74752e-05 2.7171e-05 4.03068e-05 6.702e-05 2.4345e-06 4.355e-06
d178fb4fb022a111d5337b2764bb19 24893 1000 1.77628e-05 2.8011e-05 4.0854e-05 6.8395e-05 2.47596e-06 4.823e-06
e5e7d1dc6a528407dbc9854163b841 24893 1000 1.78547e-05 2.7912e-05 4.0935e-05 6.8193e-05 2.47327e-06 4.393e-06
d47c847d487eaed00e960d6822cc94 24893 1000 1.77026e-05 2.7774e-05 4.07023e-05 6.7384e-05 2.46318e-06 4.375e-06
b3972517548397ce48f0b27251cb5b 24893 1000 1.7689e-05 2.7789e-05 4.11269e-05 6.7259e-05 2.4731e-06 4.891e-06
771999fe072817f056667e3d7028e5 24893 1000 1.76225e-05 2.7522e-05 4.05364e-05 6.6702e-05 2.44498e-06 4.366e-06
e82657ffa9b1d5b073bc3d63303d70 31116 1000 1.84561e-05 2.8466e-05 4.18693e-05 7.0063e-05 2.53021e-06 4.741e-06
a92a2b58beb8d5ac3684abdbd21d1f 31116 1000 1.88879e-05 2.8568e-05 4.28501e-05 7.1097e-05 2.70694e-06 4.602e-06
b7f80b1ff57b7985d76e87c30b7361 31116 1000 1.86199e-05 2.8993e-05 4.31802e-05 7.2267e-05 2.66564e-06 4.616e-06
eab97a74b7e6d30d73a2b7675602b0 31116 1000 1.89128e-05 2.9291e-05 4.31098e-05 7.0643e-05 2.60988e-06 4.603e-06
3a5f5f8194ed178c84e411e573696e 31116 1000 1.87778e-05 2.9656e-05 4.285e-05 7.3146e-05 2.6541e-06 4.752e-06
a11a1309d7d7bdb59d9d9705d9a1d2 31116 1000 1.85049e-05 2.8947e-05 4.26073e-05 7.1297e-05 2.66053e-06 4.821e-06
9e060e4050e569eb4cf2b51b983f03 31116 1000 1.85058e-05 2.8396e-05 4.23737e-05 7.0524e-05 2.61836e-06 4.585e-06
cc349cbc2ef5f7ab9b231ee3533966 31116 1000 1.88102e-05 2.8852e-05 4.21274e-05 6.9857e-05 2.63234e-06 4.586e-06
f2c3bc64bef0772d206872e49a7e12 38895 1000 1.94655e-05 3.0271e-05 4.41419e-05 6.9691e-05 2.73223e-06 5.29429e-06
4cb6b01ccb80a0985dd3c3da88dcde 38895 1000 1.93944e-05 3.0335e-05 4.41167e-05 7.1243e-05 2.77421e-06 5.06206e-06
02d80d9b559fd8656c9b2558d970c5 38895 1000 1.95256e-05 3.0448e-05 4.43103e-05 7.091e-05 2.87027e-06 5.13113e-06
79bbc45dc877057bb4b23ee4c2116c 38895 1000 1.94877e-05 3.0473e-05 4.44783e-05 6.9774e-05 2.77524e-06 5.21021e-06
30fc98bbc018c0de911a68d71f1cb4 38895 1000 1.96777e-05 3.0924e-05 4.51575e-05 7.1095e-05 2.75316e-06 5.42042e-06
2b20695713f5d13135e9b39f430b5e 38895 1000 1.96342e-05 3.0604e-05 4.45412e-05 7.0131e-05 2.7348e-06 5.0961e-06
e124bf3f6b6523517d34dc0d97f4cc 38895 1000 1.94556e-05 3.0252e-05 4.4595e-05 7.0825e-05 2.79774e-06 5.06006e-06
9aa6dcd62fbe84c1feb337db2a33be 38895 1000 1.9585e-05 3.0098e-05 4.51759e-05 7.0173e-05 2.82203e-06 5.06507e-06
f355b7d5cfc37a070f76bb4bb9bfc0 48618 1000 2.05987e-05 3.2481e-05 4.66363e-05 7.4161e-05 2.90576e-06 5.548e-06
17021c63837ea7dc7eff52304f8221 48618 1000 2.05074e-05 3.2355e-05 4.63166e-05 7.3784e-05 2.91388e-06 5.486e-06
9aec50c85f27fedc7f2d414cd709f4 48618 1000 2.04683e-05 3.2473e-05 4.65189e-05 7.5612e-05 2.94424e-06 5.84e-06
10bb5de9fbcb2d723b98968b0aed04 48618 1000 2.05023e-05 3.1249e-05 4.59926e-05 7.3633e-05 2.92879e-06 5.716e-06
596a1055becd2e1cbed213a78a7f19 48618 1000 2.05277e-05 3.1826e-05 4.58564e-05 7.3269e-05 2.89175e-06 5.487e-06
162ebcc363ad20f83df3a1033be735 48618 1000 2.08909e-05 3.2047e-05 4.68328e-05 7.3923e-05 2.98632e-06 5.474e-06
7059b218b6b1e9673569b5250694d2 48618 1000 2.07954e-05 3.2485e-05 4.72963e-05 7.5051e-05 3.01427e-06 5.496e-06
98c9c8a1f81ba15b8e7c0878f314b9 48618 1000 2.03682e-05 3.1329e-05 4.62679e-05 7.4011e-05 2.88447e-06 5.479e-06
adb4f9797c78ccf8b8f6a034ad72b8 60772 1000 2.10615e-05 3.3319e-05 4.77572e-05 7.4537e-05 3.02542e-06 5.832e-06
913b37add9e7b47b9a43c91077782a 60772 1000 2.19885e-05 3.4612e-05 4.98044e-05 7.6886e-05 3.202e-06 6.333e-06
73d1e16a596aa59a1b16b902bba042 60772 1000 2.1978e-05 3.4795e-05 4.88079e-05 8.3427e-05 3.03224e-06 6.261e-06
c982914691cf158f683b793acf7f89 60772 1000 2.15044e-05 3.3749e-05 4.92344e-05 7.6301e-05 3.06516e-06 5.782e-06
d006dc61efb9a9d7b5b129ed99a8b7 60772 1000 2.16232e-05 3.4057e-05 4.91514e-05 7.6742e-05 3.17383e-06 6.022e-06
7a14155a9838f20244f9a13481d448 60772 1000 2.13908e-05 3.6342e-05 4.87259e-05 7.814e-05 3.16366e-06 6.12e-06
e8ad51829d60479b0130f548b9519f 60772 1000 2.15272e-05 3.4385e-05 4.87453e-05 7.6656e-05 3.0327e-06 5.804e-06
18e6bb6f1aec6d157bf4bc178abd96 60772 1000 2.14196e-05 3.401e-05 4.80186e-05 7.4717e-05 3.05999e-06 6.064e-06
3873b7f0a3a18b8225a48b8e8a51f2 75965 1000 2.25863e-05 3.5844e-05 5.14073e-05 8.6528e-05 3.394e-06 6.386e-06
9840983060aab4ee675fdeba895dc1 75965 1000 2.29333e-05 3.6888e-05 5.12768e-05 8.6376e-05 3.31892e-06 6.633e-06
3d77bdfcfdf4217c3cef7395899a7e 75965 1000 2.27307e-05 3.5116e-05 5.0968e-05 8.7731e-05 3.35098e-06 6.112e-06
95671fa0992b143889f4d47c48907c 75965 1000 2.24867e-05 3.4639e-05 5.07062e-05 8.6881e-05 3.32166e-06 6.567e-06
a5da5993cf2ee65dacf57f0eaf7fe5 75965 1000 2.23823e-05 3.5774e-05 5.04828e-05 8.5273e-05 3.2738e-06 6.32e-06
c3fd7046f12b4d384c39403a2e09ac 75965 1000 2.28708e-05 3.5477e-05 5.05744e-05 8.6356e-05 3.3413e-06 6.047e-06
60f38dda5a63fb0e78851d7ff4c385 75965 1000 2.24095e-05 3.451e-05 5.049e-05 8.5555e-05 3.27027e-06 6.203e-06
ba7593703598cf6fe30786cec5be04 75965 1000 2.26135e-05 3.5704e-05 5.08267e-05 8.4329e-05 3.24432e-06 6.453e-06
2547d3e537aada17285ad00836077e 94956 1000 2.38142e-05 3.8044e-05 5.31384e-05 8.5458e-05 3.51e-06 6.704e-06
f6d04b366cf5a9868689325a26ae27 94956 1000 2.31884e-05 3.628e-05 5.21279e-05 8.7272e-05 3.40135e-06 6.458e-06
41696ee8914cd81f5179749106d0e7 94956 1000 2.32114e-05 3.6356e-05 5.26809e-05 8.4704e-05 3.59758e-06 6.736e-06
4af0ee74224a8ff6968328db17f84e 94956 1000 2.31271e-05 3.6229e-05 5.2517e-05 8.5009e-05 3.59e-06 6.495e-06
c692e8b3927109a7780cace6bf94ea 94956 1000 2.31868e-05 3.649e-05 5.25704e-05 8.5707e-05 3.44993e-06 6.445e-06
79442ef473953ec89d90375c1372dc 94956 1000 2.33572e-05 3.7844e-05 5.23798e-05 8.4827e-05 3.39692e-06 6.493e-06
e48d57fa334b8c84e154b6a06c68ed 94956 1000 2.3596e-05 3.7059e-05 5.30949e-05 8.4725e-05 3.54179e-06 6.469e-06
55162205fd6d1e8f4e325cd1734918 94956 1000 2.32451e-05 3.6662e-05 5.18252e-05 8.4885e-05 3.40389e-06 6.441e-06
a8b8078c79029b37c46c2e3debcc3a 118695 1000 2.47172e-05 3.8742e-05 5.52708e-05 9.0779e-05 3.66821e-06 6.844e-06
4d01efe9dfa45a09916abe0bbeb317 118695 1000 2.45283e-05 3.8534e-05 5.47778e-05 8.9742e-05 3.8171e-06 7.223e-06
7074de12629da16d1e57d570898896 118695 1000 2.45884e-05 3.7796e-05 5.50207e-05 9.1355e-05 3.66717e-06 7.069e-06
c8afdfab56ae48778607e01d14b74c 118695 1000 2.48192e-05 3.8832e-05 5.56306e-05 9.1075e-05 3.75216e-06 6.835e-06
9a2e62bf09643b8bba2572c3f89ed1 118695 1000 2.45872e-05 3.898e-05 5.53179e-05 9.2646e-05 3.68981e-06 6.837e-06
9d9b9b79e500b46bbf5cade9a72ecc 118695 1000 2.47909e-05 3.8714e-05 5.65084e-05 9.3623e-05 3.79077e-06 7.179e-06
849a0e376aa2d1dd5b6b2f6b73c579 118695 1000 2.48673e-05 3.8158e-05 5.5708e-05 9.2316e-05 3.77021e-06 7.296e-06
33e11b697bfbd28727b319b75facca 118695 1000 2.48366e-05 3.8386e-05 5.59405e-05 9.1926e-05 3.78104e-06 6.839e-06
09960f01932a5970ad0eba38fac0ca 148368 1000 2.56887e-05 4.0837e-05 5.67498e-05 9.4773e-05 3.90563e-06 7.505e-06
d71a4955a6123ced47ebc190836181 148368 1000 2.5497e-05 4.1401e-05 5.73543e-05 9.3608e-05 3.86323e-06 7.459e-06
dc672a58c74389247495c29fa5bf04 148368 1000 2.51176e-05 4.0114e-05 5.66239e-05 9.3917e-05 3.85838e-06 7.219e-06
500b5ad81f43525ce31bb0daf12048 148368 1000 2.53621e-05 4.0435e-05 5.73927e-05 9.8666e-05 3.95137e-06 7.267e-06
20e648422cc041dc56bfd82bea60b8 148368 1000 2.56611e-05 4.0957e-05 5.75341e-05 9.5045e-05 3.98237e-06 7.24e-06
894320eae44472d2346674c221db52 148368 1000 2.61095e-05 4.161e-05 5.81317e-05 9.6141e-05 4.06333e-06 7.235e-06
f4dde88930e46ee9bc8e8ffdd1ffab 148368 1000 2.5608e-05 4.089e-05 5.82245e-05 9.6067e-05 4.01967e-06 7.522e-06
d471d55813c65379790bd005ad080c 148368 1000 2.60297e-05 4.2245e-05 5.80773e-05 9.5938e-05 4.15833e-06 7.572e-06
37d38dd5c69dd6f71fe6addea0a5f6 185460 1000 2.70535e-05 4.3846e-05 6.07161e-05 9.7258e-05 4.19941e-06 7.869e-06
382059a6ffcb3d7f2e8e231aa9044c 185460 1000 2.69304e-05 4.3867e-05 6.02013e-05 9.8387e-05 4.30194e-06 8.134e-06
378f2eed69744d6d625fee9d74b664 185460 1000 2.68711e-05 4.2879e-05 5.92582e-05 9.767e-05 4.14094e-06 7.667e-06
384cee8070b95a73e39c1961ef591a 185460 1000 2.7049e-05 4.414e-05 5.98311e-05 9.6691e-05 4.19628e-06 7.832e-06
126012c2dca1643cad74d8437fa887 185460 1000 2.66669e-05 4.3642e-05 6.03688e-05 9.7533e-05 4.29577e-06 8.401e-06
d32c82b93ca9bdfd2f8fd85ce368fd 185460 1000 2.67912e-05 4.3665e-05 6.04272e-05 9.7954e-05 4.18342e-06 7.87e-06
147aa59cb4af1dbc5ea92df7260d60 185460 1000 2.70603e-05 4.4317e-05 5.95648e-05 9.7548e-05 4.20936e-06 7.827e-06
2d63463bd49438621249aa56d4b476 185460 1000 2.71442e-05 4.425e-05 6.12104e-05 0.000100571 4.29e-06 7.885e-06
fe243c18594ccace9103bb545056e4 231825 1000 2.83748e-05 4.5443e-05 6.2697e-05 0.000101209 4.3873e-06 8.034e-06
d286f1eecea227eecd354585adca67 231825 1000 2.80407e-05 4.7274e-05 6.29094e-05 0.000101773 4.38484e-06 7.789e-06
da526cda3b02414b97f3a94a0b1940 231825 1000 2.83572e-05 4.4813e-05 6.31593e-05 0.000102647 4.43692e-06 8.108e-06
066193c169f168b011c08fcef9dd11 231825 1000 2.83718e-05 4.5178e-05 6.19404e-05 0.000101034 4.33208e-06 7.815e-06
e99c69b143b6d75550a86f4e1f49a8 231825 1000 2.80276e-05 4.4942e-05 6.27149e-05 0.000101442 4.41062e-06 7.954e-06
e5c08982c65e4593aa3fb3dd343645 231825 1000 2.78448e-05 4.4324e-05 6.15825e-05 0.000100873 4.29059e-06 7.799e-06
ee13ad906adf9305f06d0751222510 231825 1000 2.79597e-05 4.4653e-05 6.26299e-05 0.000102166 4.47304e-06 8.382e-06
90dfd316681b73c25cd031b7a003a3 231825 1000 2.83055e-05 4.5029e-05 6.34678e-05 0.000103158 4.48586e-06 8.183e-06
6dff302acd79b0fe3f205e5495a56e 289781 1000 2.93052e-05 4.7428e-05 6.51777e-05 0.000104232 4.63985e-06 8.541e-06
3c7038a1e3b9d0989251b0b07a4f97 289781 1000 2.94898e-05 4.6931e-05 6.47115e-05 0.000102508 4.62627e-06 8.559e-06
e3cffd33b52ab80eaa1ea820905d72 289781 1000 2.91631e-05 4.6535e-05 6.45626e-05 0.000103135 4.5882e-06 8.342e-06
87248788378148898407ae24c98fcc 289781 1000 2.90828e-05 4.7444e-05 6.50106e-05 0.000103191 4.66872e-06 8.359e-06
2121d86ed47ad4780e08dff74f968e 289781 1000 2.94616e-05 4.7343e-05 6.50083e-05 0.00010363 4.7128e-06 8.348e-06
1abad8dfeb2565095595efea1e2a74 289781 1000 2.96528e-05 4.8521e-05 6.57915e-05 0.000108328 4.73599e-06 8.618e-06
cdc67df243b465ace9726f1d8e56e2 289781 1000 2.96663e-05 4.8205e-05 6.54617e-05 0.000104531 4.62057e-06 8.344e-06
503bb8ebd8b11d655b45eb9b0cde66 289781 1000 2.95818e-05 4.7218e-05 6.46898e-05 0.000103688 4.66966e-06 8.399e-06
